#
# There is insufficient memory for the Java Runtime Environment to continue.
# Native memory allocation (mmap) failed to map 117440512 bytes. Error detail: G1 virtual space
# Possible reasons:
#   The system is out of physical RAM or swap space
#   This process is running with CompressedOops enabled, and the Java Heap may be blocking the growth of the native heap
# Possible solutions:
#   Reduce memory load on the system
#   Increase physical memory or swap space
#   Check if swap backing store is full
#   Decrease Java heap size (-Xmx/-Xms)
#   Decrease number of Java threads
#   Decrease Java thread stack sizes (-Xss)
#   Set larger code cache with -XX:ReservedCodeCacheSize=
#   JVM is running with Unscaled Compressed Oops mode in which the Java heap is
#     placed in the first 4GB address space. The Java Heap base address is the
#     maximum limit for the native heap growth. Please use -XX:HeapBaseMinAddress
#     to set the Java Heap base and to place the Java Heap above 4GB virtual address.
# This output file may be truncated or incomplete.
#
#  Out of Memory Error (os_windows.cpp:3686), pid=5160, tid=8060
#
# JRE version: OpenJDK Runtime Environment Temurin-21.0.6+7 (21.0.6+7) (build 21.0.6+7-LTS)
# Java VM: OpenJDK 64-Bit Server VM Temurin-21.0.6+7 (21.0.6+7-LTS, mixed mode, sharing, tiered, compressed oops, compressed class ptrs, g1 gc, windows-amd64)
# No core dump will be written. Minidumps are not enabled by default on client versions of Windows
#

---------------  S U M M A R Y ------------

Command Line: -Dfile.encoding=UTF-8 -Dstdout.encoding=UTF-8 -Dstderr.encoding=UTF-8 -XX:+ShowCodeDetailsInExceptionMessages com.tcs.training.InventorySystemApplication

Host: Intel(R) Core(TM) i7-1065G7 CPU @ 1.30GHz, 8 cores, 7G,  Windows 10 , 64 bit Build 19041 (10.0.19041.5794)
Time: Fri May 16 00:26:04 2025 India Standard Time elapsed time: 2167.255518 seconds (0d 0h 36m 7s)

---------------  T H R E A D  ---------------

Current thread (0x000002065b8376d0):  VMThread "VM Thread"          [id=8060, stack(0x000000c93a600000,0x000000c93a700000) (1024K)]

Stack: [0x000000c93a600000,0x000000c93a700000]
Native frames: (J=compiled Java code, j=interpreted, Vv=VM code, C=native code)
V  [jvm.dll+0x6cdee9]
V  [jvm.dll+0x8a83d1]
V  [jvm.dll+0x8aa8fe]
V  [jvm.dll+0x8aafe3]
V  [jvm.dll+0x27f706]
V  [jvm.dll+0x6ca755]
V  [jvm.dll+0x6bea3a]
V  [jvm.dll+0x355d6a]
V  [jvm.dll+0x35d936]
V  [jvm.dll+0x3af58e]
V  [jvm.dll+0x3af838]
V  [jvm.dll+0x329efc]
V  [jvm.dll+0x329f87]
V  [jvm.dll+0x36dd4c]
V  [jvm.dll+0x36c598]
V  [jvm.dll+0x3296c1]
V  [jvm.dll+0x36bfc8]
V  [jvm.dll+0x8b0cff]
V  [jvm.dll+0x8b2084]
V  [jvm.dll+0x8b25c0]
V  [jvm.dll+0x8b2863]
V  [jvm.dll+0x851f8b]
V  [jvm.dll+0x6cc5ed]
C  [ucrtbase.dll+0x21bb2]
C  [KERNEL32.DLL+0x17374]
C  [ntdll.dll+0x4cc91]

VM_Operation (0x000000c93c2fe4f0): G1TryInitiateConcMark, mode: safepoint, requested by thread 0x00000206645c6e90


---------------  P R O C E S S  ---------------

Threads class SMR info:
_java_thread_list=0x0000020663b1d9d0, length=35, elements={
0x000002065b855110, 0x000002065b857080, 0x000002065b85a210, 0x000002065b85cf10,
0x000002065b85dc00, 0x000002065b861df0, 0x000002065b86ae20, 0x000002065b871790,
0x000002065b9afeb0, 0x000002065b9b5480, 0x0000020660695f70, 0x0000020661ecc2d0,
0x00000206645c4dc0, 0x00000206645c5450, 0x0000020666960b90, 0x0000020666961260,
0x00000206645c40a0, 0x00000206645c88d0, 0x00000206645ca310, 0x00000206645c3380,
0x00000206645c8f60, 0x00000206645c5ae0, 0x00000206645c6e90, 0x00000206645ca9a0,
0x00000206645c6170, 0x00000206645c3a10, 0x00000206645c6800, 0x00000206645c7bb0,
0x00000206645c8240, 0x0000020661ecf750, 0x0000020661ece3a0, 0x0000020661ecf0c0,
0x0000020661ecb5b0, 0x0000020661eca200, 0x0000020661ecc960
}

Java Threads: ( => current thread )
  0x000002065b855110 JavaThread "Reference Handler"          daemon [_thread_blocked, id=2072, stack(0x000000c93a700000,0x000000c93a800000) (1024K)]
  0x000002065b857080 JavaThread "Finalizer"                  daemon [_thread_blocked, id=8168, stack(0x000000c93a800000,0x000000c93a900000) (1024K)]
  0x000002065b85a210 JavaThread "Signal Dispatcher"          daemon [_thread_blocked, id=4016, stack(0x000000c93a900000,0x000000c93aa00000) (1024K)]
  0x000002065b85cf10 JavaThread "Attach Listener"            daemon [_thread_blocked, id=13736, stack(0x000000c93aa00000,0x000000c93ab00000) (1024K)]
  0x000002065b85dc00 JavaThread "Service Thread"             daemon [_thread_blocked, id=6604, stack(0x000000c93ab00000,0x000000c93ac00000) (1024K)]
  0x000002065b861df0 JavaThread "Monitor Deflation Thread"   daemon [_thread_blocked, id=10988, stack(0x000000c93ac00000,0x000000c93ad00000) (1024K)]
  0x000002065b86ae20 JavaThread "C2 CompilerThread0"         daemon [_thread_blocked, id=2008, stack(0x000000c93ad00000,0x000000c93ae00000) (1024K)]
  0x000002065b871790 JavaThread "C1 CompilerThread0"         daemon [_thread_blocked, id=5480, stack(0x000000c93ae00000,0x000000c93af00000) (1024K)]
  0x000002065b9afeb0 JavaThread "Notification Thread"        daemon [_thread_blocked, id=13612, stack(0x000000c93af00000,0x000000c93b000000) (1024K)]
  0x000002065b9b5480 JavaThread "Common-Cleaner"             daemon [_thread_blocked, id=9280, stack(0x000000c93b000000,0x000000c93b100000) (1024K)]
  0x0000020660695f70 JavaThread "mysql-cj-abandoned-connection-cleanup" daemon [_thread_blocked, id=5892, stack(0x000000c93c000000,0x000000c93c100000) (1024K)]
  0x0000020661ecc2d0 JavaThread "DestroyJavaVM"                     [_thread_blocked, id=6156, stack(0x000000c939f00000,0x000000c93a000000) (1024K)]
  0x00000206645c4dc0 JavaThread "Thread-13"                         [_thread_blocked, id=13064, stack(0x000000c939c00000,0x000000c939d00000) (1024K)]
  0x00000206645c5450 JavaThread "restartedMain"                     [_thread_blocked, id=11636, stack(0x000000c939d00000,0x000000c939e00000) (1024K)]
  0x0000020666960b90 JavaThread "C2 CompilerThread1"         daemon [_thread_blocked, id=12652, stack(0x000000c93b100000,0x000000c93b200000) (1024K)]
  0x0000020666961260 JavaThread "C2 CompilerThread2"         daemon [_thread_blocked, id=9460, stack(0x000000c93b200000,0x000000c93b300000) (1024K)]
  0x00000206645c40a0 JavaThread "Catalina-utility-1"                [_thread_blocked, id=5304, stack(0x000000c93b300000,0x000000c93b400000) (1024K)]
  0x00000206645c88d0 JavaThread "Catalina-utility-2"                [_thread_blocked, id=9748, stack(0x000000c93b400000,0x000000c93b500000) (1024K)]
  0x00000206645ca310 JavaThread "container-0"                       [_thread_blocked, id=9124, stack(0x000000c93bd00000,0x000000c93be00000) (1024K)]
  0x00000206645c3380 JavaThread "HikariPool-5 housekeeper"   daemon [_thread_blocked, id=4076, stack(0x000000c93be00000,0x000000c93bf00000) (1024K)]
  0x00000206645c8f60 JavaThread "HikariPool-5 connection adder" daemon [_thread_blocked, id=9988, stack(0x000000c93bf00000,0x000000c93c000000) (1024K)]
  0x00000206645c5ae0 JavaThread "ClassGraph-worker-504"      daemon [_thread_blocked, id=8276, stack(0x000000c93c100000,0x000000c93c200000) (1024K)]
  0x00000206645c6e90 JavaThread "ClassGraph-worker-505"      daemon [_thread_blocked, id=14452, stack(0x000000c93c200000,0x000000c93c300000) (1024K)]
  0x00000206645ca9a0 JavaThread "ClassGraph-worker-506"      daemon [_thread_blocked, id=12216, stack(0x000000c93c300000,0x000000c93c400000) (1024K)]
  0x00000206645c6170 JavaThread "ClassGraph-worker-507"      daemon [_thread_blocked, id=11188, stack(0x000000c93c400000,0x000000c93c500000) (1024K)]
  0x00000206645c3a10 JavaThread "ClassGraph-worker-508"      daemon [_thread_blocked, id=5616, stack(0x000000c93c500000,0x000000c93c600000) (1024K)]
  0x00000206645c6800 JavaThread "ClassGraph-worker-509"      daemon [_thread_blocked, id=13432, stack(0x000000c93c600000,0x000000c93c700000) (1024K)]
  0x00000206645c7bb0 JavaThread "ClassGraph-worker-510"      daemon [_thread_blocked, id=14092, stack(0x000000c93c700000,0x000000c93c800000) (1024K)]
  0x00000206645c8240 JavaThread "ClassGraph-worker-511"      daemon [_thread_blocked, id=12312, stack(0x000000c93c800000,0x000000c93c900000) (1024K)]
  0x0000020661ecf750 JavaThread "ClassGraph-worker-512"      daemon [_thread_blocked, id=7636, stack(0x000000c93c900000,0x000000c93ca00000) (1024K)]
  0x0000020661ece3a0 JavaThread "ClassGraph-worker-513"      daemon [_thread_blocked, id=10804, stack(0x000000c93ca00000,0x000000c93cb00000) (1024K)]
  0x0000020661ecf0c0 JavaThread "ClassGraph-worker-514"      daemon [_thread_blocked, id=9160, stack(0x000000c93cb00000,0x000000c93cc00000) (1024K)]
  0x0000020661ecb5b0 JavaThread "ClassGraph-worker-515"      daemon [_thread_blocked, id=9352, stack(0x000000c93cc00000,0x000000c93cd00000) (1024K)]
  0x0000020661eca200 JavaThread "ClassGraph-worker-516"      daemon [_thread_blocked, id=2984, stack(0x000000c93cd00000,0x000000c93ce00000) (1024K)]
  0x0000020661ecc960 JavaThread "ClassGraph-worker-517"      daemon [_thread_blocked, id=14548, stack(0x000000c93ce00000,0x000000c93cf00000) (1024K)]
Total: 35

Other Threads:
=>0x000002065b8376d0 VMThread "VM Thread"                           [id=8060, stack(0x000000c93a600000,0x000000c93a700000) (1024K)]
  0x000002065b827c40 WatcherThread "VM Periodic Task Thread"        [id=2252, stack(0x000000c93a500000,0x000000c93a600000) (1024K)]
  0x0000020643aa3700 WorkerThread "GC Thread#0"                     [id=14156, stack(0x000000c93a000000,0x000000c93a100000) (1024K)]
  0x0000020660842a70 WorkerThread "GC Thread#1"                     [id=5192, stack(0x000000c93b500000,0x000000c93b600000) (1024K)]
  0x0000020660842e10 WorkerThread "GC Thread#2"                     [id=7296, stack(0x000000c93b600000,0x000000c93b700000) (1024K)]
  0x00000206608431b0 WorkerThread "GC Thread#3"                     [id=244, stack(0x000000c93b700000,0x000000c93b800000) (1024K)]
  0x0000020660843d60 WorkerThread "GC Thread#4"                     [id=3972, stack(0x000000c93b800000,0x000000c93b900000) (1024K)]
  0x0000020660844100 WorkerThread "GC Thread#5"                     [id=13380, stack(0x000000c93b900000,0x000000c93ba00000) (1024K)]
  0x00000206612de990 WorkerThread "GC Thread#6"                     [id=13792, stack(0x000000c93bb00000,0x000000c93bc00000) (1024K)]
  0x0000020661674560 WorkerThread "GC Thread#7"                     [id=12904, stack(0x000000c93bc00000,0x000000c93bd00000) (1024K)]
  0x0000020643ab3fa0 ConcurrentGCThread "G1 Main Marker"            [id=14576, stack(0x000000c93a100000,0x000000c93a200000) (1024K)]
  0x0000020643ab4c50 WorkerThread "G1 Conc#0"                       [id=14708, stack(0x000000c93a200000,0x000000c93a300000) (1024K)]
  0x0000020662bcb9b0 WorkerThread "G1 Conc#1"                       [id=9292, stack(0x000000c93ba00000,0x000000c93bb00000) (1024K)]
  0x000002065b6f6030 ConcurrentGCThread "G1 Refine#0"               [id=2852, stack(0x000000c93a300000,0x000000c93a400000) (1024K)]
  0x000002065b6f6ab0 ConcurrentGCThread "G1 Service"                [id=4316, stack(0x000000c93a400000,0x000000c93a500000) (1024K)]
Total: 15

Threads with active compile tasks:
Total: 0

VM state: at safepoint (normal execution)

VM Mutex/Monitor currently owned by a thread:  ([mutex/lock_event])
[0x00007ffd4156e380] Threads_lock - owner thread: 0x000002065b8376d0
[0x00007ffd4156e480] Heap_lock - owner thread: 0x00000206645c6e90

Heap address: 0x0000000083a00000, size: 1990 MB, Compressed Oops mode: 32-bit

CDS archive(s) mapped at: [0x0000020600000000-0x0000020600c80000-0x0000020600c80000), size 13107200, SharedBaseAddress: 0x0000020600000000, ArchiveRelocationMode: 1.
Compressed class space mapped at: 0x0000020601000000-0x0000020641000000, reserved size: 1073741824
Narrow klass base: 0x0000020600000000, Narrow klass shift: 0, Narrow klass range: 0x100000000

GC Precious Log:
 CardTable entry size: 512
 Card Set container configuration: InlinePtr #cards 5 size 8 Array Of Cards #cards 12 size 40 Howl #buckets 4 coarsen threshold 1843 Howl Bitmap #cards 512 size 80 coarsen threshold 460 Card regions per heap region 1 cards per card region 2048
 CPUs: 8 total, 8 available
 Memory: 7959M
 Large Page Support: Disabled
 NUMA Support: Disabled
 Compressed Oops: Enabled (32-bit)
 Heap Region Size: 1M
 Heap Min Capacity: 8M
 Heap Initial Capacity: 126M
 Heap Max Capacity: 1990M
 Pre-touch: Disabled
 Parallel Workers: 8
 Concurrent Workers: 2
 Concurrent Refinement Workers: 8
 Periodic GC: Disabled

Heap:
 garbage-first heap   total 119808K, used 61505K [0x0000000083a00000, 0x0000000100000000)
  region size 1024K, 3 young (3072K), 3 survivors (3072K)
 Metaspace       used 85175K, committed 86400K, reserved 1179648K
  class space    used 10668K, committed 11200K, reserved 1048576K

Heap Regions: E=young(eden), S=young(survivor), O=old, HS=humongous(starts), HC=humongous(continues), CS=collection set, F=free, TAMS=top-at-mark-start, PB=parsable bottom
|   0|0x0000000083a00000, 0x0000000083b00000, 0x0000000083b00000|100%|HS|  |TAMS 0x0000000083b00000| PB 0x0000000083a00000| Complete 
|   1|0x0000000083b00000, 0x0000000083c00000, 0x0000000083c00000|100%|HS|  |TAMS 0x0000000083c00000| PB 0x0000000083b00000| Complete 
|   2|0x0000000083c00000, 0x0000000083d00000, 0x0000000083d00000|100%| O|  |TAMS 0x0000000083d00000| PB 0x0000000083c00000| Untracked 
|   3|0x0000000083d00000, 0x0000000083e00000, 0x0000000083e00000|100%| O|  |TAMS 0x0000000083e00000| PB 0x0000000083d00000| Untracked 
|   4|0x0000000083e00000, 0x0000000083efffd8, 0x0000000083f00000| 99%| O|  |TAMS 0x0000000083efffd8| PB 0x0000000083e00000| Untracked 
|   5|0x0000000083f00000, 0x0000000084000000, 0x0000000084000000|100%| O|  |TAMS 0x0000000084000000| PB 0x0000000083f00000| Untracked 
|   6|0x0000000084000000, 0x0000000084100000, 0x0000000084100000|100%| O|  |TAMS 0x0000000084100000| PB 0x0000000084000000| Untracked 
|   7|0x0000000084100000, 0x00000000841fffe8, 0x0000000084200000| 99%| O|  |TAMS 0x00000000841fffe8| PB 0x0000000084100000| Untracked 
|   8|0x0000000084200000, 0x00000000842ffff0, 0x0000000084300000| 99%| O|  |TAMS 0x00000000842ffff0| PB 0x0000000084200000| Untracked 
|   9|0x0000000084300000, 0x00000000843ffff8, 0x0000000084400000| 99%| O|  |TAMS 0x00000000843ffff8| PB 0x0000000084300000| Untracked 
|  10|0x0000000084400000, 0x00000000844ffff8, 0x0000000084500000| 99%| O|  |TAMS 0x00000000844ffff8| PB 0x0000000084400000| Untracked 
|  11|0x0000000084500000, 0x00000000845ffb88, 0x0000000084600000| 99%| O|  |TAMS 0x00000000845ffb88| PB 0x0000000084500000| Untracked 
|  12|0x0000000084600000, 0x00000000846ffff8, 0x0000000084700000| 99%| O|  |TAMS 0x00000000846ffff8| PB 0x0000000084600000| Untracked 
|  13|0x0000000084700000, 0x00000000847ffff8, 0x0000000084800000| 99%| O|  |TAMS 0x00000000847ffff8| PB 0x0000000084700000| Untracked 
|  14|0x0000000084800000, 0x00000000848ffff0, 0x0000000084900000| 99%| O|  |TAMS 0x00000000848ffff0| PB 0x0000000084800000| Untracked 
|  15|0x0000000084900000, 0x00000000849fe7d8, 0x0000000084a00000| 99%| O|  |TAMS 0x00000000849fe7d8| PB 0x0000000084900000| Untracked 
|  16|0x0000000084a00000, 0x0000000084afffe8, 0x0000000084b00000| 99%| O|  |TAMS 0x0000000084afffe8| PB 0x0000000084a00000| Untracked 
|  17|0x0000000084b00000, 0x0000000084bfffd0, 0x0000000084c00000| 99%| O|  |TAMS 0x0000000084bfffd0| PB 0x0000000084b00000| Untracked 
|  18|0x0000000084c00000, 0x0000000084cfffb0, 0x0000000084d00000| 99%| O|  |TAMS 0x0000000084cfffb0| PB 0x0000000084c00000| Untracked 
|  19|0x0000000084d00000, 0x0000000084dffff8, 0x0000000084e00000| 99%| O|  |TAMS 0x0000000084dffff8| PB 0x0000000084d00000| Untracked 
|  20|0x0000000084e00000, 0x0000000084effff8, 0x0000000084f00000| 99%| O|  |TAMS 0x0000000084effff8| PB 0x0000000084e00000| Untracked 
|  21|0x0000000084f00000, 0x0000000084fffff0, 0x0000000085000000| 99%| O|  |TAMS 0x0000000084fffff0| PB 0x0000000084f00000| Untracked 
|  22|0x0000000085000000, 0x00000000850fffe8, 0x0000000085100000| 99%| O|  |TAMS 0x00000000850fffe8| PB 0x0000000085000000| Untracked 
|  23|0x0000000085100000, 0x0000000085200000, 0x0000000085200000|100%| O|  |TAMS 0x0000000085200000| PB 0x0000000085100000| Untracked 
|  24|0x0000000085200000, 0x00000000852fc5c0, 0x0000000085300000| 98%| O|  |TAMS 0x00000000852fc5c0| PB 0x0000000085200000| Untracked 
|  25|0x0000000085300000, 0x00000000853fffe8, 0x0000000085400000| 99%| O|  |TAMS 0x00000000853fffe8| PB 0x0000000085300000| Untracked 
|  26|0x0000000085400000, 0x0000000085500000, 0x0000000085500000|100%| O|  |TAMS 0x0000000085500000| PB 0x0000000085400000| Untracked 
|  27|0x0000000085500000, 0x00000000855fff50, 0x0000000085600000| 99%| O|  |TAMS 0x00000000855fff50| PB 0x0000000085500000| Untracked 
|  28|0x0000000085600000, 0x00000000856fffd0, 0x0000000085700000| 99%| O|  |TAMS 0x00000000856fffd0| PB 0x0000000085600000| Untracked 
|  29|0x0000000085700000, 0x00000000857a46d8, 0x0000000085800000| 64%| O|  |TAMS 0x00000000857a46d8| PB 0x0000000085700000| Untracked 
|  30|0x0000000085800000, 0x0000000085900000, 0x0000000085900000|100%| O|  |TAMS 0x0000000085800000| PB 0x0000000085800000| Untracked 
|  31|0x0000000085900000, 0x0000000085949778, 0x0000000085a00000| 28%| O|  |TAMS 0x0000000085949778| PB 0x0000000085900000| Untracked 
|  32|0x0000000085a00000, 0x0000000085a60708, 0x0000000085b00000| 37%| O|  |TAMS 0x0000000085a60708| PB 0x0000000085a00000| Untracked 
|  33|0x0000000085b00000, 0x0000000085b43df0, 0x0000000085c00000| 26%| O|  |TAMS 0x0000000085b43df0| PB 0x0000000085b00000| Untracked 
|  34|0x0000000085c00000, 0x0000000085d00000, 0x0000000085d00000|100%| O|  |TAMS 0x0000000085c00000| PB 0x0000000085c00000| Untracked 
|  35|0x0000000085d00000, 0x0000000085e00000, 0x0000000085e00000|100%| O|  |TAMS 0x0000000085d00000| PB 0x0000000085d00000| Untracked 
|  36|0x0000000085e00000, 0x0000000085f00000, 0x0000000085f00000|100%| O|  |TAMS 0x0000000085f00000| PB 0x0000000085e00000| Untracked 
|  37|0x0000000085f00000, 0x0000000086000000, 0x0000000086000000|100%| O|  |TAMS 0x0000000086000000| PB 0x0000000085f00000| Untracked 
|  38|0x0000000086000000, 0x0000000086100000, 0x0000000086100000|100%| O|  |TAMS 0x0000000086100000| PB 0x0000000086000000| Untracked 
|  39|0x0000000086100000, 0x0000000086200000, 0x0000000086200000|100%| O|  |TAMS 0x0000000086200000| PB 0x0000000086100000| Untracked 
|  40|0x0000000086200000, 0x0000000086300000, 0x0000000086300000|100%| O|  |TAMS 0x0000000086300000| PB 0x0000000086200000| Untracked 
|  41|0x0000000086300000, 0x0000000086400000, 0x0000000086400000|100%| O|  |TAMS 0x0000000086300000| PB 0x0000000086300000| Untracked 
|  42|0x0000000086400000, 0x0000000086500000, 0x0000000086500000|100%| O|  |TAMS 0x0000000086400000| PB 0x0000000086400000| Untracked 
|  43|0x0000000086500000, 0x0000000086600000, 0x0000000086600000|100%| O|  |TAMS 0x0000000086500000| PB 0x0000000086500000| Untracked 
|  44|0x0000000086600000, 0x0000000086700000, 0x0000000086700000|100%| O|  |TAMS 0x0000000086600000| PB 0x0000000086600000| Untracked 
|  45|0x0000000086700000, 0x0000000086800000, 0x0000000086800000|100%| O|  |TAMS 0x0000000086800000| PB 0x0000000086700000| Untracked 
|  46|0x0000000086800000, 0x0000000086900000, 0x0000000086900000|100%| O|  |TAMS 0x0000000086900000| PB 0x0000000086800000| Untracked 
|  47|0x0000000086900000, 0x0000000086a00000, 0x0000000086a00000|100%| O|  |TAMS 0x0000000086a00000| PB 0x0000000086900000| Untracked 
|  48|0x0000000086a00000, 0x0000000086b00000, 0x0000000086b00000|100%| O|  |TAMS 0x0000000086b00000| PB 0x0000000086a00000| Untracked 
|  49|0x0000000086b00000, 0x0000000086c00000, 0x0000000086c00000|100%| O|  |TAMS 0x0000000086c00000| PB 0x0000000086b00000| Untracked 
|  50|0x0000000086c00000, 0x0000000086d00000, 0x0000000086d00000|100%| O|  |TAMS 0x0000000086c00000| PB 0x0000000086c00000| Untracked 
|  51|0x0000000086d00000, 0x0000000086d00000, 0x0000000086e00000|  0%| F|  |TAMS 0x0000000086d00000| PB 0x0000000086d00000| Untracked 
|  52|0x0000000086e00000, 0x0000000086e00000, 0x0000000086f00000|  0%| F|  |TAMS 0x0000000086e00000| PB 0x0000000086e00000| Untracked 
|  53|0x0000000086f00000, 0x0000000086f00000, 0x0000000087000000|  0%| F|  |TAMS 0x0000000086f00000| PB 0x0000000086f00000| Untracked 
|  54|0x0000000087000000, 0x0000000087100000, 0x0000000087100000|100%| O|  |TAMS 0x0000000087100000| PB 0x0000000087000000| Untracked 
|  55|0x0000000087100000, 0x0000000087200000, 0x0000000087200000|100%| O|  |TAMS 0x0000000087200000| PB 0x0000000087100000| Untracked 
|  56|0x0000000087200000, 0x0000000087300000, 0x0000000087300000|100%| O|  |TAMS 0x0000000087300000| PB 0x0000000087200000| Untracked 
|  57|0x0000000087300000, 0x0000000087400000, 0x0000000087400000|100%| O|  |TAMS 0x0000000087400000| PB 0x0000000087300000| Untracked 
|  58|0x0000000087400000, 0x0000000087400000, 0x0000000087500000|  0%| F|  |TAMS 0x0000000087400000| PB 0x0000000087400000| Untracked 
|  59|0x0000000087500000, 0x0000000087500000, 0x0000000087600000|  0%| F|  |TAMS 0x0000000087500000| PB 0x0000000087500000| Untracked 
|  60|0x0000000087600000, 0x0000000087600000, 0x0000000087700000|  0%| F|  |TAMS 0x0000000087600000| PB 0x0000000087600000| Untracked 
|  61|0x0000000087700000, 0x0000000087700000, 0x0000000087800000|  0%| F|  |TAMS 0x0000000087700000| PB 0x0000000087700000| Untracked 
|  62|0x0000000087800000, 0x0000000087800000, 0x0000000087900000|  0%| F|  |TAMS 0x0000000087800000| PB 0x0000000087800000| Untracked 
|  63|0x0000000087900000, 0x0000000087900000, 0x0000000087a00000|  0%| F|  |TAMS 0x0000000087900000| PB 0x0000000087900000| Untracked 
|  64|0x0000000087a00000, 0x0000000087a00000, 0x0000000087b00000|  0%| F|  |TAMS 0x0000000087a00000| PB 0x0000000087a00000| Untracked 
|  65|0x0000000087b00000, 0x0000000087b00000, 0x0000000087c00000|  0%| F|  |TAMS 0x0000000087b00000| PB 0x0000000087b00000| Untracked 
|  66|0x0000000087c00000, 0x0000000087c00000, 0x0000000087d00000|  0%| F|  |TAMS 0x0000000087c00000| PB 0x0000000087c00000| Untracked 
|  67|0x0000000087d00000, 0x0000000087d00000, 0x0000000087e00000|  0%| F|  |TAMS 0x0000000087d00000| PB 0x0000000087d00000| Untracked 
|  68|0x0000000087e00000, 0x0000000087e00000, 0x0000000087f00000|  0%| F|  |TAMS 0x0000000087e00000| PB 0x0000000087e00000| Untracked 
|  69|0x0000000087f00000, 0x0000000087f00000, 0x0000000088000000|  0%| F|  |TAMS 0x0000000087f00000| PB 0x0000000087f00000| Untracked 
|  70|0x0000000088000000, 0x0000000088000000, 0x0000000088100000|  0%| F|  |TAMS 0x0000000088000000| PB 0x0000000088000000| Untracked 
|  71|0x0000000088100000, 0x0000000088100000, 0x0000000088200000|  0%| F|  |TAMS 0x0000000088100000| PB 0x0000000088100000| Untracked 
|  72|0x0000000088200000, 0x0000000088200000, 0x0000000088300000|  0%| F|  |TAMS 0x0000000088200000| PB 0x0000000088200000| Untracked 
|  73|0x0000000088300000, 0x0000000088300000, 0x0000000088400000|  0%| F|  |TAMS 0x0000000088300000| PB 0x0000000088300000| Untracked 
|  74|0x0000000088400000, 0x0000000088400000, 0x0000000088500000|  0%| F|  |TAMS 0x0000000088400000| PB 0x0000000088400000| Untracked 
|  75|0x0000000088500000, 0x0000000088500000, 0x0000000088600000|  0%| F|  |TAMS 0x0000000088500000| PB 0x0000000088500000| Untracked 
|  76|0x0000000088600000, 0x0000000088600000, 0x0000000088700000|  0%| F|  |TAMS 0x0000000088600000| PB 0x0000000088600000| Untracked 
|  77|0x0000000088700000, 0x0000000088700000, 0x0000000088800000|  0%| F|  |TAMS 0x0000000088700000| PB 0x0000000088700000| Untracked 
|  78|0x0000000088800000, 0x0000000088800000, 0x0000000088900000|  0%| F|  |TAMS 0x0000000088800000| PB 0x0000000088800000| Untracked 
|  79|0x0000000088900000, 0x0000000088900000, 0x0000000088a00000|  0%| F|  |TAMS 0x0000000088900000| PB 0x0000000088900000| Untracked 
|  80|0x0000000088a00000, 0x0000000088a00000, 0x0000000088b00000|  0%| F|  |TAMS 0x0000000088a00000| PB 0x0000000088a00000| Untracked 
|  81|0x0000000088b00000, 0x0000000088b00000, 0x0000000088c00000|  0%| F|  |TAMS 0x0000000088b00000| PB 0x0000000088b00000| Untracked 
|  82|0x0000000088c00000, 0x0000000088c00000, 0x0000000088d00000|  0%| F|  |TAMS 0x0000000088c00000| PB 0x0000000088c00000| Untracked 
|  83|0x0000000088d00000, 0x0000000088d00000, 0x0000000088e00000|  0%| F|  |TAMS 0x0000000088d00000| PB 0x0000000088d00000| Untracked 
|  84|0x0000000088e00000, 0x0000000088e00000, 0x0000000088f00000|  0%| F|  |TAMS 0x0000000088e00000| PB 0x0000000088e00000| Untracked 
|  85|0x0000000088f00000, 0x0000000088f00000, 0x0000000089000000|  0%| F|  |TAMS 0x0000000088f00000| PB 0x0000000088f00000| Untracked 
|  86|0x0000000089000000, 0x0000000089000000, 0x0000000089100000|  0%| F|  |TAMS 0x0000000089000000| PB 0x0000000089000000| Untracked 
|  87|0x0000000089100000, 0x0000000089100000, 0x0000000089200000|  0%| F|  |TAMS 0x0000000089100000| PB 0x0000000089100000| Untracked 
|  88|0x0000000089200000, 0x0000000089200000, 0x0000000089300000|  0%| F|  |TAMS 0x0000000089200000| PB 0x0000000089200000| Untracked 
|  89|0x0000000089300000, 0x0000000089300000, 0x0000000089400000|  0%| F|  |TAMS 0x0000000089300000| PB 0x0000000089300000| Untracked 
|  90|0x0000000089400000, 0x0000000089400000, 0x0000000089500000|  0%| F|  |TAMS 0x0000000089400000| PB 0x0000000089400000| Untracked 
|  91|0x0000000089500000, 0x0000000089500000, 0x0000000089600000|  0%| F|  |TAMS 0x0000000089500000| PB 0x0000000089500000| Untracked 
|  92|0x0000000089600000, 0x0000000089600000, 0x0000000089700000|  0%| F|  |TAMS 0x0000000089600000| PB 0x0000000089600000| Untracked 
|  93|0x0000000089700000, 0x0000000089700000, 0x0000000089800000|  0%| F|  |TAMS 0x0000000089700000| PB 0x0000000089700000| Untracked 
|  94|0x0000000089800000, 0x0000000089800000, 0x0000000089900000|  0%| F|  |TAMS 0x0000000089800000| PB 0x0000000089800000| Untracked 
|  95|0x0000000089900000, 0x0000000089900000, 0x0000000089a00000|  0%| F|  |TAMS 0x0000000089900000| PB 0x0000000089900000| Untracked 
|  96|0x0000000089a00000, 0x0000000089a00000, 0x0000000089b00000|  0%| F|  |TAMS 0x0000000089a00000| PB 0x0000000089a00000| Untracked 
|  97|0x0000000089b00000, 0x0000000089b00000, 0x0000000089c00000|  0%| F|  |TAMS 0x0000000089b00000| PB 0x0000000089b00000| Untracked 
|  98|0x0000000089c00000, 0x0000000089c00000, 0x0000000089d00000|  0%| F|  |TAMS 0x0000000089c00000| PB 0x0000000089c00000| Untracked 
|  99|0x0000000089d00000, 0x0000000089d83b50, 0x0000000089e00000| 51%| S|CS|TAMS 0x0000000089d00000| PB 0x0000000089d00000| Complete 
| 100|0x0000000089e00000, 0x0000000089f00000, 0x0000000089f00000|100%| S|CS|TAMS 0x0000000089e00000| PB 0x0000000089e00000| Complete 
| 101|0x0000000089f00000, 0x000000008a000000, 0x000000008a000000|100%| S|CS|TAMS 0x0000000089f00000| PB 0x0000000089f00000| Complete 
| 102|0x000000008a000000, 0x000000008a000000, 0x000000008a100000|  0%| F|  |TAMS 0x000000008a000000| PB 0x000000008a000000| Untracked 
| 103|0x000000008a100000, 0x000000008a100000, 0x000000008a200000|  0%| F|  |TAMS 0x000000008a100000| PB 0x000000008a100000| Untracked 
| 104|0x000000008a200000, 0x000000008a200000, 0x000000008a300000|  0%| F|  |TAMS 0x000000008a200000| PB 0x000000008a200000| Untracked 
| 105|0x000000008a300000, 0x000000008a300000, 0x000000008a400000|  0%| F|  |TAMS 0x000000008a300000| PB 0x000000008a300000| Untracked 
| 106|0x000000008a400000, 0x000000008a400000, 0x000000008a500000|  0%| F|  |TAMS 0x000000008a400000| PB 0x000000008a400000| Untracked 
| 107|0x000000008a500000, 0x000000008a500000, 0x000000008a600000|  0%| F|  |TAMS 0x000000008a500000| PB 0x000000008a500000| Untracked 
| 108|0x000000008a600000, 0x000000008a600000, 0x000000008a700000|  0%| F|  |TAMS 0x000000008a600000| PB 0x000000008a600000| Untracked 
| 109|0x000000008a700000, 0x000000008a700000, 0x000000008a800000|  0%| F|  |TAMS 0x000000008a700000| PB 0x000000008a700000| Untracked 
| 110|0x000000008a800000, 0x000000008a800000, 0x000000008a900000|  0%| F|  |TAMS 0x000000008a800000| PB 0x000000008a800000| Untracked 
| 111|0x000000008a900000, 0x000000008a900000, 0x000000008aa00000|  0%| F|  |TAMS 0x000000008a900000| PB 0x000000008a900000| Untracked 
|1985|0x00000000ffb00000, 0x00000000ffc00000, 0x00000000ffc00000|100%| O|  |TAMS 0x00000000ffc00000| PB 0x00000000ffb00000| Untracked 
|1986|0x00000000ffc00000, 0x00000000ffd00000, 0x00000000ffd00000|100%| O|  |TAMS 0x00000000ffd00000| PB 0x00000000ffc00000| Untracked 
|1987|0x00000000ffd00000, 0x00000000ffe00000, 0x00000000ffe00000|100%| O|  |TAMS 0x00000000ffe00000| PB 0x00000000ffd00000| Untracked 
|1988|0x00000000ffe00000, 0x00000000fff00000, 0x00000000fff00000|100%| O|  |TAMS 0x00000000fff00000| PB 0x00000000ffe00000| Untracked 
|1989|0x00000000fff00000, 0x0000000100000000, 0x0000000100000000|100%| O|  |TAMS 0x0000000100000000| PB 0x00000000fff00000| Untracked 

Card table byte_map: [0x0000020656b00000,0x0000020656ef0000] _byte_map_base: 0x00000206566e3000

Marking Bits: (CMBitMap*) 0x0000020643aa3e00
 Bits: [0x0000020656ef0000, 0x0000020658e08000)

Polling page: 0x0000020641880000

Metaspace:

Usage:
  Non-class:     72.76 MB used.
      Class:     10.42 MB used.
       Both:     83.18 MB used.

Virtual space:
  Non-class space:      128.00 MB reserved,      73.44 MB ( 57%) committed,  2 nodes.
      Class space:        1.00 GB reserved,      10.94 MB (  1%) committed,  1 nodes.
             Both:        1.12 GB reserved,      84.38 MB (  7%) committed. 

Chunk freelists:
   Non-Class:  6.07 MB
       Class:  5.19 MB
        Both:  11.25 MB

MaxMetaspaceSize: unlimited
CompressedClassSpaceSize: 1.00 GB
Initial GC threshold: 21.00 MB
Current GC threshold: 140.31 MB
CDS: on
 - commit_granule_bytes: 65536.
 - commit_granule_words: 8192.
 - virtual_space_node_default_size: 8388608.
 - enlarge_chunks_in_place: 1.
 - use_allocation_guard: 0.


Internal statistics:

num_allocs_failed_limit: 9.
num_arena_births: 1336.
num_arena_deaths: 412.
num_vsnodes_births: 3.
num_vsnodes_deaths: 0.
num_space_committed: 1349.
num_space_uncommitted: 0.
num_chunks_returned_to_freelist: 481.
num_chunks_taken_from_freelist: 4531.
num_chunk_merges: 119.
num_chunk_splits: 3120.
num_chunks_enlarged: 2298.
num_inconsistent_stats: 0.

CodeHeap 'non-profiled nmethods': size=120000Kb used=7294Kb max_used=7294Kb free=112705Kb
 bounds [0x000002064eeb0000, 0x000002064f5d0000, 0x00000206563e0000]
CodeHeap 'profiled nmethods': size=120000Kb used=16606Kb max_used=16819Kb free=103393Kb
 bounds [0x00000206473e0000, 0x0000020648470000, 0x000002064e910000]
CodeHeap 'non-nmethods': size=5760Kb used=2008Kb max_used=2071Kb free=3751Kb
 bounds [0x000002064e910000, 0x000002064eb80000, 0x000002064eeb0000]
 total_blobs=8883 nmethods=8097 adapters=689
 compilation: enabled
              stopped_count=0, restarted_count=0
 full_count=0

Compilation events (20 events):
Event: 2167.174 Thread 0x000002065b86ae20 nmethod 12884 0x000002064f5cce10 code [0x000002064f5ccfa0, 0x000002064f5cd060]
Event: 2167.181 Thread 0x0000020666960b90 nmethod 12885 0x000002064f5cd190 code [0x000002064f5cd340, 0x000002064f5cd650]
Event: 2167.188 Thread 0x000002065b871790 12886       3       com.mysql.cj.protocol.a.MysqlTextValueDecoder::decodeUInt8 (46 bytes)
Event: 2167.189 Thread 0x000002065b871790 nmethod 12886 0x00000206475b9a10 code [0x00000206475b9c00, 0x00000206475b9f38]
Event: 2167.189 Thread 0x000002065b871790 12887       3       com.mysql.cj.conf.AbstractRuntimeProperty::setValue (7 bytes)
Event: 2167.189 Thread 0x000002065b871790 nmethod 12887 0x000002064796c390 code [0x000002064796c540, 0x000002064796c710]
Event: 2167.189 Thread 0x000002065b871790 12888       3       com.mysql.cj.conf.AbstractRuntimeProperty::setValue (80 bytes)
Event: 2167.189 Thread 0x0000020666961260 12891       4       com.sun.crypto.provider.GCTR::doFinal (106 bytes)
Event: 2167.190 Thread 0x000002065b871790 nmethod 12888 0x00000206480ed490 code [0x00000206480ed740, 0x00000206480ee570]
Event: 2167.190 Thread 0x000002065b871790 12889       3       com.mysql.cj.conf.AbstractRuntimeProperty::setValueInternal (30 bytes)
Event: 2167.191 Thread 0x000002065b871790 nmethod 12889 0x00000206475b9310 code [0x00000206475b94e0, 0x00000206475b98b8]
Event: 2167.191 Thread 0x000002065b871790 12890       3       com.mysql.cj.conf.AbstractRuntimeProperty::invokeListeners (73 bytes)
Event: 2167.191 Thread 0x000002065b871790 nmethod 12890 0x00000206480ec710 code [0x00000206480ec940, 0x00000206480ed1f0]
Event: 2167.202 Thread 0x000002065b871790 12892       3       java.util.concurrent.ConcurrentHashMap$CollectionView::toArray (145 bytes)
Event: 2167.203 Thread 0x000002065b871790 nmethod 12892 0x000002064785ee10 code [0x000002064785f080, 0x000002064785fc40]
Event: 2167.228 Thread 0x000002065b86ae20 12893       4       jdk.internal.misc.Unsafe::putIntRelease (9 bytes)
Event: 2167.231 Thread 0x000002065b86ae20 nmethod 12893 0x000002064f5cd890 code [0x000002064f5cda20, 0x000002064f5cdab8]
Event: 2167.240 Thread 0x000002065b871790 12894       3       java.util.IdentityHashMap::keySet (25 bytes)
Event: 2167.241 Thread 0x000002065b871790 nmethod 12894 0x00000206480ec010 code [0x00000206480ec1e0, 0x00000206480ec5b0]
Event: 2167.246 Thread 0x0000020666961260 nmethod 12891 0x000002064f5cdb90 code [0x000002064f5cddc0, 0x000002064f5cee70]

GC Heap History (20 events):
Event: 1755.484 GC heap after
{Heap after GC invocations=48 (full 3):
 garbage-first heap   total 112640K, used 34391K [0x0000000083a00000, 0x0000000100000000)
  region size 1024K, 4 young (4096K), 4 survivors (4096K)
 Metaspace       used 84004K, committed 84864K, reserved 1179648K
  class space    used 10688K, committed 11072K, reserved 1048576K
}
Event: 1756.164 GC heap before
{Heap before GC invocations=49 (full 3):
 garbage-first heap   total 112640K, used 84567K [0x0000000083a00000, 0x0000000100000000)
  region size 1024K, 52 young (53248K), 4 survivors (4096K)
 Metaspace       used 84479K, committed 85376K, reserved 1179648K
  class space    used 10708K, committed 11136K, reserved 1048576K
}
Event: 1756.171 GC heap after
{Heap after GC invocations=50 (full 3):
 garbage-first heap   total 112640K, used 40691K [0x0000000083a00000, 0x0000000100000000)
  region size 1024K, 7 young (7168K), 7 survivors (7168K)
 Metaspace       used 84479K, committed 85376K, reserved 1179648K
  class space    used 10708K, committed 11136K, reserved 1048576K
}
Event: 1756.275 GC heap before
{Heap before GC invocations=50 (full 3):
 garbage-first heap   total 112640K, used 88819K [0x0000000083a00000, 0x0000000100000000)
  region size 1024K, 53 young (54272K), 7 survivors (7168K)
 Metaspace       used 84486K, committed 85376K, reserved 1179648K
  class space    used 10708K, committed 11136K, reserved 1048576K
}
Event: 1756.286 GC heap after
{Heap after GC invocations=51 (full 3):
 garbage-first heap   total 112640K, used 52699K [0x0000000083a00000, 0x0000000100000000)
  region size 1024K, 7 young (7168K), 7 survivors (7168K)
 Metaspace       used 84486K, committed 85376K, reserved 1179648K
  class space    used 10708K, committed 11136K, reserved 1048576K
}
Event: 1756.380 GC heap before
{Heap before GC invocations=51 (full 3):
 garbage-first heap   total 112640K, used 80347K [0x0000000083a00000, 0x0000000100000000)
  region size 1024K, 36 young (36864K), 7 survivors (7168K)
 Metaspace       used 84490K, committed 85376K, reserved 1179648K
  class space    used 10708K, committed 11136K, reserved 1048576K
}
Event: 1756.383 GC heap after
{Heap after GC invocations=52 (full 3):
 garbage-first heap   total 112640K, used 49588K [0x0000000083a00000, 0x0000000100000000)
  region size 1024K, 1 young (1024K), 1 survivors (1024K)
 Metaspace       used 84490K, committed 85376K, reserved 1179648K
  class space    used 10708K, committed 11136K, reserved 1048576K
}
Event: 1756.470 GC heap before
{Heap before GC invocations=52 (full 3):
 garbage-first heap   total 112640K, used 92596K [0x0000000083a00000, 0x0000000100000000)
  region size 1024K, 42 young (43008K), 1 survivors (1024K)
 Metaspace       used 84493K, committed 85376K, reserved 1179648K
  class space    used 10708K, committed 11136K, reserved 1048576K
}
Event: 1756.472 GC heap after
{Heap after GC invocations=53 (full 3):
 garbage-first heap   total 112640K, used 49005K [0x0000000083a00000, 0x0000000100000000)
  region size 1024K, 1 young (1024K), 1 survivors (1024K)
 Metaspace       used 84493K, committed 85376K, reserved 1179648K
  class space    used 10708K, committed 11136K, reserved 1048576K
}
Event: 1756.785 GC heap before
{Heap before GC invocations=54 (full 3):
 garbage-first heap   total 112640K, used 94061K [0x0000000083a00000, 0x0000000100000000)
  region size 1024K, 44 young (45056K), 1 survivors (1024K)
 Metaspace       used 84497K, committed 85376K, reserved 1179648K
  class space    used 10708K, committed 11136K, reserved 1048576K
}
Event: 1756.787 GC heap after
{Heap after GC invocations=55 (full 3):
 garbage-first heap   total 112640K, used 48843K [0x0000000083a00000, 0x0000000100000000)
  region size 1024K, 1 young (1024K), 1 survivors (1024K)
 Metaspace       used 84497K, committed 85376K, reserved 1179648K
  class space    used 10708K, committed 11136K, reserved 1048576K
}
Event: 2165.741 GC heap before
{Heap before GC invocations=55 (full 3):
 garbage-first heap   total 112640K, used 75467K [0x0000000083a00000, 0x0000000100000000)
  region size 1024K, 29 young (29696K), 1 survivors (1024K)
 Metaspace       used 84886K, committed 85824K, reserved 1179648K
  class space    used 10732K, committed 11136K, reserved 1048576K
}
Event: 2165.788 GC heap after
{Heap after GC invocations=56 (full 4):
 garbage-first heap   total 112640K, used 31562K [0x0000000083a00000, 0x0000000100000000)
  region size 1024K, 0 young (0K), 0 survivors (0K)
 Metaspace       used 84884K, committed 85824K, reserved 1179648K
  class space    used 10732K, committed 11136K, reserved 1048576K
}
Event: 2166.716 GC heap before
{Heap before GC invocations=56 (full 4):
 garbage-first heap   total 112640K, used 93002K [0x0000000083a00000, 0x0000000100000000)
  region size 1024K, 60 young (61440K), 0 survivors (0K)
 Metaspace       used 85219K, committed 86144K, reserved 1179648K
  class space    used 10754K, committed 11200K, reserved 1048576K
}
Event: 2166.719 GC heap after
{Heap after GC invocations=57 (full 4):
 garbage-first heap   total 112640K, used 35987K [0x0000000083a00000, 0x0000000100000000)
  region size 1024K, 5 young (5120K), 5 survivors (5120K)
 Metaspace       used 85219K, committed 86144K, reserved 1179648K
  class space    used 10754K, committed 11200K, reserved 1048576K
}
Event: 2167.118 GC heap before
{Heap before GC invocations=58 (full 4):
 garbage-first heap   total 112640K, used 94355K [0x0000000083a00000, 0x0000000100000000)
  region size 1024K, 61 young (62464K), 5 survivors (5120K)
 Metaspace       used 85167K, committed 86400K, reserved 1179648K
  class space    used 10668K, committed 11200K, reserved 1048576K
}
Event: 2167.127 GC heap after
{Heap after GC invocations=59 (full 4):
 garbage-first heap   total 112640K, used 44707K [0x0000000083a00000, 0x0000000100000000)
  region size 1024K, 8 young (8192K), 8 survivors (8192K)
 Metaspace       used 85167K, committed 86400K, reserved 1179648K
  class space    used 10668K, committed 11200K, reserved 1048576K
}
Event: 2167.206 GC heap before
{Heap before GC invocations=59 (full 4):
 garbage-first heap   total 112640K, used 93859K [0x0000000083a00000, 0x0000000100000000)
  region size 1024K, 55 young (56320K), 8 survivors (8192K)
 Metaspace       used 85175K, committed 86400K, reserved 1179648K
  class space    used 10668K, committed 11200K, reserved 1048576K
}
Event: 2167.219 GC heap after
{Heap after GC invocations=60 (full 4):
 garbage-first heap   total 119808K, used 57906K [0x0000000083a00000, 0x0000000100000000)
  region size 1024K, 7 young (7168K), 7 survivors (7168K)
 Metaspace       used 85175K, committed 86400K, reserved 1179648K
  class space    used 10668K, committed 11200K, reserved 1048576K
}
Event: 2167.247 GC heap before
{Heap before GC invocations=60 (full 4):
 garbage-first heap   total 119808K, used 65074K [0x0000000083a00000, 0x0000000100000000)
  region size 1024K, 15 young (15360K), 7 survivors (7168K)
 Metaspace       used 85175K, committed 86400K, reserved 1179648K
  class space    used 10668K, committed 11200K, reserved 1048576K
}

Dll operation events (11 events):
Event: 0.007 Loaded shared library C:\Users\DELL\.p2\pool\plugins\org.eclipse.justj.openjdk.hotspot.jre.full.win32.x86_64_21.0.6.v20250130-0529\jre\bin\java.dll
Event: 0.055 Loaded shared library C:\Users\DELL\.p2\pool\plugins\org.eclipse.justj.openjdk.hotspot.jre.full.win32.x86_64_21.0.6.v20250130-0529\jre\bin\zip.dll
Event: 0.148 Loaded shared library C:\Users\DELL\.p2\pool\plugins\org.eclipse.justj.openjdk.hotspot.jre.full.win32.x86_64_21.0.6.v20250130-0529\jre\bin\net.dll
Event: 0.151 Loaded shared library C:\Users\DELL\.p2\pool\plugins\org.eclipse.justj.openjdk.hotspot.jre.full.win32.x86_64_21.0.6.v20250130-0529\jre\bin\nio.dll
Event: 0.154 Loaded shared library C:\Users\DELL\.p2\pool\plugins\org.eclipse.justj.openjdk.hotspot.jre.full.win32.x86_64_21.0.6.v20250130-0529\jre\bin\zip.dll
Event: 0.330 Loaded shared library C:\Users\DELL\.p2\pool\plugins\org.eclipse.justj.openjdk.hotspot.jre.full.win32.x86_64_21.0.6.v20250130-0529\jre\bin\jimage.dll
Event: 0.649 Loaded shared library C:\Users\DELL\.p2\pool\plugins\org.eclipse.justj.openjdk.hotspot.jre.full.win32.x86_64_21.0.6.v20250130-0529\jre\bin\management.dll
Event: 0.653 Loaded shared library C:\Users\DELL\.p2\pool\plugins\org.eclipse.justj.openjdk.hotspot.jre.full.win32.x86_64_21.0.6.v20250130-0529\jre\bin\management_ext.dll
Event: 1.986 Loaded shared library C:\Users\DELL\.p2\pool\plugins\org.eclipse.justj.openjdk.hotspot.jre.full.win32.x86_64_21.0.6.v20250130-0529\jre\bin\sunmscapi.dll
Event: 7.102 Loaded shared library C:\Users\DELL\.p2\pool\plugins\org.eclipse.justj.openjdk.hotspot.jre.full.win32.x86_64_21.0.6.v20250130-0529\jre\bin\verify.dll
Event: 7.827 Loaded shared library C:\Users\DELL\.p2\pool\plugins\org.eclipse.justj.openjdk.hotspot.jre.full.win32.x86_64_21.0.6.v20250130-0529\jre\bin\extnet.dll

Deoptimization events (20 events):
Event: 2166.982 Thread 0x00000206645c8f60 Uncommon trap: trap_request=0xffffffbe fr.pc=0x000002064f5ada20 relative=0x00000000000007a0
Event: 2166.982 Thread 0x00000206645c8f60 Uncommon trap: reason=profile_predicate action=maybe_recompile pc=0x000002064f5ada20 method=java.math.BigInteger.montReduce([I[III)[I @ 56 c2
Event: 2166.982 Thread 0x00000206645c8f60 DEOPT PACKING pc=0x000002064f5ada20 sp=0x000000c93bffd5d0
Event: 2166.982 Thread 0x00000206645c8f60 DEOPT UNPACKING pc=0x000002064e967da2 sp=0x000000c93bffd598 mode 2
Event: 2166.982 Thread 0x00000206645c8f60 Uncommon trap: trap_request=0xffffffbe fr.pc=0x000002064f5ada20 relative=0x00000000000007a0
Event: 2166.982 Thread 0x00000206645c8f60 Uncommon trap: reason=profile_predicate action=maybe_recompile pc=0x000002064f5ada20 method=java.math.BigInteger.montReduce([I[III)[I @ 56 c2
Event: 2166.982 Thread 0x00000206645c8f60 DEOPT PACKING pc=0x000002064f5ada20 sp=0x000000c93bffd5c0
Event: 2166.982 Thread 0x00000206645c8f60 DEOPT UNPACKING pc=0x000002064e967da2 sp=0x000000c93bffd5a8 mode 2
Event: 2166.982 Thread 0x00000206645c8f60 Uncommon trap: trap_request=0xffffffbe fr.pc=0x000002064f5ada20 relative=0x00000000000007a0
Event: 2166.982 Thread 0x00000206645c8f60 Uncommon trap: reason=profile_predicate action=maybe_recompile pc=0x000002064f5ada20 method=java.math.BigInteger.montReduce([I[III)[I @ 56 c2
Event: 2166.982 Thread 0x00000206645c8f60 DEOPT PACKING pc=0x000002064f5ada20 sp=0x000000c93bffd6e0
Event: 2166.982 Thread 0x00000206645c8f60 DEOPT UNPACKING pc=0x000002064e967da2 sp=0x000000c93bffd6c8 mode 2
Event: 2166.982 Thread 0x00000206645c8f60 Uncommon trap: trap_request=0xffffffbe fr.pc=0x000002064f5ada20 relative=0x00000000000007a0
Event: 2166.982 Thread 0x00000206645c8f60 Uncommon trap: reason=profile_predicate action=maybe_recompile pc=0x000002064f5ada20 method=java.math.BigInteger.montReduce([I[III)[I @ 56 c2
Event: 2166.982 Thread 0x00000206645c8f60 DEOPT PACKING pc=0x000002064f5ada20 sp=0x000000c93bffd5d0
Event: 2166.982 Thread 0x00000206645c8f60 DEOPT UNPACKING pc=0x000002064e967da2 sp=0x000000c93bffd598 mode 2
Event: 2166.987 Thread 0x00000206645c8f60 Uncommon trap: trap_request=0xffffffbe fr.pc=0x000002064f51d32c relative=0x0000000000000acc
Event: 2166.987 Thread 0x00000206645c8f60 Uncommon trap: reason=profile_predicate action=maybe_recompile pc=0x000002064f51d32c method=java.math.BigInteger.montReduce([I[III)[I @ 9 c2
Event: 2166.987 Thread 0x00000206645c8f60 DEOPT PACKING pc=0x000002064f51d32c sp=0x000000c93bffd740
Event: 2166.987 Thread 0x00000206645c8f60 DEOPT UNPACKING pc=0x000002064e967da2 sp=0x000000c93bffd710 mode 2

Classes loaded (20 events):
Event: 53.761 Loading class org/w3c/dom/Node
Event: 53.761 Loading class org/w3c/dom/Node done
Event: 53.761 Loading class org/w3c/dom/Document
Event: 53.761 Loading class org/w3c/dom/Document done
Event: 129.923 Loading class java/util/concurrent/locks/AbstractQueuedSynchronizer$SharedNode
Event: 129.924 Loading class java/util/concurrent/locks/AbstractQueuedSynchronizer$SharedNode done
Event: 129.939 Loading class sun/security/ssl/Alert
Event: 129.940 Loading class sun/security/ssl/Alert done
Event: 129.940 Loading class sun/security/ssl/Alert$AlertConsumer
Event: 129.940 Loading class sun/security/ssl/Alert$AlertConsumer done
Event: 129.940 Loading class sun/security/ssl/Alert$Level
Event: 129.940 Loading class sun/security/ssl/Alert$Level done
Event: 129.941 Loading class sun/net/ConnectionResetException
Event: 129.941 Loading class sun/net/ConnectionResetException done
Event: 130.015 Loading class java/lang/ref/Finalizer$2
Event: 130.016 Loading class java/lang/ref/Finalizer$2 done
Event: 130.016 Loading class java/lang/ref/Finalizer$1
Event: 130.016 Loading class java/lang/ref/Finalizer$1 done
Event: 1712.636 Loading class java/lang/invoke/MethodHandleImpl$CountingWrapper$1
Event: 1712.637 Loading class java/lang/invoke/MethodHandleImpl$CountingWrapper$1 done

Classes unloaded (20 events):
Event: 2166.769 Thread 0x000002065b8376d0 Unloading class 0x00000206010de400 'java/lang/invoke/LambdaForm$MH+0x00000206010de400'
Event: 2166.769 Thread 0x000002065b8376d0 Unloading class 0x00000206010dd400 'java/lang/invoke/LambdaForm$MH+0x00000206010dd400'
Event: 2166.769 Thread 0x000002065b8376d0 Unloading class 0x00000206010dd000 'java/lang/invoke/LambdaForm$MH+0x00000206010dd000'
Event: 2166.769 Thread 0x000002065b8376d0 Unloading class 0x00000206010d0400 'java/lang/invoke/LambdaForm$MH+0x00000206010d0400'
Event: 2166.769 Thread 0x000002065b8376d0 Unloading class 0x00000206010d0000 'java/lang/invoke/LambdaForm$MH+0x00000206010d0000'
Event: 2166.769 Thread 0x000002065b8376d0 Unloading class 0x00000206010b8000 'java/lang/invoke/LambdaForm$DMH+0x00000206010b8000'
Event: 2166.769 Thread 0x000002065b8376d0 Unloading class 0x0000020601091800 'java/lang/invoke/LambdaForm$MH+0x0000020601091800'
Event: 2166.769 Thread 0x000002065b8376d0 Unloading class 0x000002060101b800 'java/lang/invoke/LambdaForm$MH+0x000002060101b800'
Event: 2166.769 Thread 0x000002065b8376d0 Unloading class 0x000002060101b000 'java/lang/invoke/LambdaForm$MH+0x000002060101b000'
Event: 2166.769 Thread 0x000002065b8376d0 Unloading class 0x000002060101a800 'java/lang/invoke/LambdaForm$MH+0x000002060101a800'
Event: 2166.769 Thread 0x000002065b8376d0 Unloading class 0x0000020601019400 'java/lang/invoke/LambdaForm$MH+0x0000020601019400'
Event: 2166.769 Thread 0x000002065b8376d0 Unloading class 0x0000020601018800 'java/lang/invoke/LambdaForm$MH+0x0000020601018800'
Event: 2166.769 Thread 0x000002065b8376d0 Unloading class 0x0000020601018400 'java/lang/invoke/LambdaForm$MH+0x0000020601018400'
Event: 2166.769 Thread 0x000002065b8376d0 Unloading class 0x0000020601017c00 'java/lang/invoke/LambdaForm$MH+0x0000020601017c00'
Event: 2166.769 Thread 0x000002065b8376d0 Unloading class 0x0000020601017800 'java/lang/invoke/LambdaForm$MH+0x0000020601017800'
Event: 2166.769 Thread 0x000002065b8376d0 Unloading class 0x0000020601017400 'java/lang/invoke/LambdaForm$MH+0x0000020601017400'
Event: 2166.769 Thread 0x000002065b8376d0 Unloading class 0x0000020601016800 'java/lang/invoke/LambdaForm$MH+0x0000020601016800'
Event: 2166.769 Thread 0x000002065b8376d0 Unloading class 0x0000020601015800 'java/lang/invoke/LambdaForm$MH+0x0000020601015800'
Event: 2166.769 Thread 0x000002065b8376d0 Unloading class 0x0000020601014c00 'java/lang/invoke/LambdaForm$MH+0x0000020601014c00'
Event: 2166.769 Thread 0x000002065b8376d0 Unloading class 0x0000020601014400 'java/lang/invoke/LambdaForm$MH+0x0000020601014400'

Classes redefined (0 events):
No events

Internal exceptions (20 events):
Event: 2167.242 Thread 0x00000206645c6e90 Exception <a 'sun/nio/fs/WindowsException'{0x000000008a261ed0}> (0x000000008a261ed0) 
thrown [s\src\hotspot\share\prims\jni.cpp, line 520]
Event: 2167.242 Thread 0x00000206645c6e90 Exception <a 'sun/nio/fs/WindowsException'{0x000000008a2621f0}> (0x000000008a2621f0) 
thrown [s\src\hotspot\share\prims\jni.cpp, line 520]
Event: 2167.242 Thread 0x00000206645c6e90 Exception <a 'sun/nio/fs/WindowsException'{0x000000008a262b90}> (0x000000008a262b90) 
thrown [s\src\hotspot\share\prims\jni.cpp, line 520]
Event: 2167.242 Thread 0x00000206645c6e90 Exception <a 'sun/nio/fs/WindowsException'{0x000000008a262ee0}> (0x000000008a262ee0) 
thrown [s\src\hotspot\share\prims\jni.cpp, line 520]
Event: 2167.242 Thread 0x00000206645c6e90 Exception <a 'sun/nio/fs/WindowsException'{0x000000008a263858}> (0x000000008a263858) 
thrown [s\src\hotspot\share\prims\jni.cpp, line 520]
Event: 2167.242 Thread 0x00000206645c6e90 Exception <a 'sun/nio/fs/WindowsException'{0x000000008a263b78}> (0x000000008a263b78) 
thrown [s\src\hotspot\share\prims\jni.cpp, line 520]
Event: 2167.242 Thread 0x00000206645c6e90 Exception <a 'sun/nio/fs/WindowsException'{0x000000008a2644c8}> (0x000000008a2644c8) 
thrown [s\src\hotspot\share\prims\jni.cpp, line 520]
Event: 2167.242 Thread 0x00000206645c6e90 Exception <a 'sun/nio/fs/WindowsException'{0x000000008a2647b8}> (0x000000008a2647b8) 
thrown [s\src\hotspot\share\prims\jni.cpp, line 520]
Event: 2167.242 Thread 0x00000206645c6e90 Exception <a 'sun/nio/fs/WindowsException'{0x000000008a265110}> (0x000000008a265110) 
thrown [s\src\hotspot\share\prims\jni.cpp, line 520]
Event: 2167.242 Thread 0x00000206645c6e90 Exception <a 'sun/nio/fs/WindowsException'{0x000000008a265410}> (0x000000008a265410) 
thrown [s\src\hotspot\share\prims\jni.cpp, line 520]
Event: 2167.243 Thread 0x00000206645c6e90 Exception <a 'sun/nio/fs/WindowsException'{0x000000008a265d60}> (0x000000008a265d60) 
thrown [s\src\hotspot\share\prims\jni.cpp, line 520]
Event: 2167.243 Thread 0x00000206645c6e90 Exception <a 'sun/nio/fs/WindowsException'{0x000000008a266050}> (0x000000008a266050) 
thrown [s\src\hotspot\share\prims\jni.cpp, line 520]
Event: 2167.243 Thread 0x00000206645c6e90 Exception <a 'sun/nio/fs/WindowsException'{0x000000008a2669a8}> (0x000000008a2669a8) 
thrown [s\src\hotspot\share\prims\jni.cpp, line 520]
Event: 2167.243 Thread 0x00000206645c6e90 Exception <a 'sun/nio/fs/WindowsException'{0x000000008a266ca8}> (0x000000008a266ca8) 
thrown [s\src\hotspot\share\prims\jni.cpp, line 520]
Event: 2167.243 Thread 0x00000206645c6e90 Exception <a 'sun/nio/fs/WindowsException'{0x000000008a267620}> (0x000000008a267620) 
thrown [s\src\hotspot\share\prims\jni.cpp, line 520]
Event: 2167.243 Thread 0x00000206645c6e90 Exception <a 'sun/nio/fs/WindowsException'{0x000000008a267940}> (0x000000008a267940) 
thrown [s\src\hotspot\share\prims\jni.cpp, line 520]
Event: 2167.243 Thread 0x00000206645c6e90 Exception <a 'sun/nio/fs/WindowsException'{0x000000008a2682c8}> (0x000000008a2682c8) 
thrown [s\src\hotspot\share\prims\jni.cpp, line 520]
Event: 2167.243 Thread 0x00000206645c6e90 Exception <a 'sun/nio/fs/WindowsException'{0x000000008a2685f8}> (0x000000008a2685f8) 
thrown [s\src\hotspot\share\prims\jni.cpp, line 520]
Event: 2167.243 Thread 0x00000206645c6e90 Exception <a 'sun/nio/fs/WindowsException'{0x000000008a268f78}> (0x000000008a268f78) 
thrown [s\src\hotspot\share\prims\jni.cpp, line 520]
Event: 2167.243 Thread 0x00000206645c6e90 Exception <a 'sun/nio/fs/WindowsException'{0x000000008a2692a8}> (0x000000008a2692a8) 
thrown [s\src\hotspot\share\prims\jni.cpp, line 520]

ZGC Phase Switch (0 events):
No events

VM Operations (20 events):
Event: 1810.665 Executing VM operation: Cleanup done
Event: 1828.825 Executing VM operation: Cleanup
Event: 1828.825 Executing VM operation: Cleanup done
Event: 2036.639 Executing VM operation: Cleanup
Event: 2036.639 Executing VM operation: Cleanup done
Event: 2165.733 Executing VM operation: Cleanup
Event: 2165.733 Executing VM operation: Cleanup done
Event: 2165.741 Executing VM operation: G1CollectFull (System.gc())
Event: 2165.788 Executing VM operation: G1CollectFull (System.gc()) done
Event: 2166.715 Executing VM operation: G1CollectForAllocation (G1 Evacuation Pause)
Event: 2166.719 Executing VM operation: G1CollectForAllocation (G1 Evacuation Pause) done
Event: 2166.767 Executing VM operation: G1PauseRemark
Event: 2166.781 Executing VM operation: G1PauseRemark done
Event: 2166.795 Executing VM operation: G1PauseCleanup
Event: 2166.796 Executing VM operation: G1PauseCleanup done
Event: 2167.118 Executing VM operation: G1CollectForAllocation (G1 Evacuation Pause)
Event: 2167.127 Executing VM operation: G1CollectForAllocation (G1 Evacuation Pause) done
Event: 2167.206 Executing VM operation: G1CollectForAllocation (G1 Evacuation Pause)
Event: 2167.219 Executing VM operation: G1CollectForAllocation (G1 Evacuation Pause) done
Event: 2167.247 Executing VM operation: G1TryInitiateConcMark (G1 Humongous Allocation)

Memory protections (0 events):
No events

Nmethod flushes (20 events):
Event: 2166.780 Thread 0x000002065b8376d0 flushing  nmethod 0x000002064f08e990
Event: 2166.780 Thread 0x000002065b8376d0 flushing  nmethod 0x000002064f08fc90
Event: 2166.780 Thread 0x000002065b8376d0 flushing  nmethod 0x000002064745c790
Event: 2166.780 Thread 0x000002065b8376d0 flushing  nmethod 0x0000020647461190
Event: 2166.780 Thread 0x000002065b8376d0 flushing  nmethod 0x00000206475c7f10
Event: 2166.780 Thread 0x000002065b8376d0 flushing  nmethod 0x000002064788d110
Event: 2166.780 Thread 0x000002065b8376d0 flushing  nmethod 0x000002064796c390
Event: 2166.780 Thread 0x000002065b8376d0 flushing  nmethod 0x000002064ef14290
Event: 2166.780 Thread 0x000002065b8376d0 flushing  nmethod 0x0000020647633a10
Event: 2166.780 Thread 0x000002065b8376d0 flushing  nmethod 0x00000206476b5290
Event: 2166.780 Thread 0x000002065b8376d0 flushing  nmethod 0x0000020647837d10
Event: 2166.780 Thread 0x000002065b8376d0 flushing  nmethod 0x0000020647864b90
Event: 2166.780 Thread 0x000002065b8376d0 flushing  nmethod 0x00000206479c2d90
Event: 2166.780 Thread 0x000002065b8376d0 flushing  nmethod 0x00000206479e7810
Event: 2166.780 Thread 0x000002065b8376d0 flushing  nmethod 0x0000020647a36990
Event: 2166.780 Thread 0x000002065b8376d0 flushing  nmethod 0x0000020647c2af90
Event: 2166.780 Thread 0x000002065b8376d0 flushing  nmethod 0x0000020647c2d710
Event: 2166.780 Thread 0x000002065b8376d0 flushing  nmethod 0x0000020647c43910
Event: 2166.780 Thread 0x000002065b8376d0 flushing  nmethod 0x0000020647c44210
Event: 2166.780 Thread 0x000002065b8376d0 flushing  nmethod 0x0000020647c44690

Events (20 events):
Event: 2167.229 Thread 0x0000020661ecdd10 Thread exited: 0x0000020661ecdd10
Event: 2167.229 Thread 0x0000020661ecbc40 Thread exited: 0x0000020661ecbc40
Event: 2167.229 Thread 0x0000020661ecfde0 Thread exited: 0x0000020661ecfde0
Event: 2167.229 Thread 0x0000020661ecd680 Thread exited: 0x0000020661ecd680
Event: 2167.229 Thread 0x0000020661eccff0 Thread exited: 0x0000020661eccff0
Event: 2167.229 Thread 0x00000206645ca9a0 Thread exited: 0x00000206645ca9a0
Event: 2167.239 Thread 0x00000206645c5450 Thread added: 0x00000206645c5ae0
Event: 2167.239 Thread 0x00000206645c5ae0 Thread added: 0x00000206645c6e90
Event: 2167.239 Thread 0x00000206645c5ae0 Thread added: 0x00000206645ca9a0
Event: 2167.240 Thread 0x00000206645c5ae0 Thread added: 0x00000206645c6170
Event: 2167.240 Thread 0x00000206645c5ae0 Thread added: 0x00000206645c3a10
Event: 2167.240 Thread 0x00000206645c5ae0 Thread added: 0x00000206645c6800
Event: 2167.240 Thread 0x00000206645c5ae0 Thread added: 0x00000206645c7bb0
Event: 2167.240 Thread 0x00000206645c5ae0 Thread added: 0x00000206645c8240
Event: 2167.240 Thread 0x00000206645c5ae0 Thread added: 0x0000020661ecf750
Event: 2167.240 Thread 0x00000206645c5ae0 Thread added: 0x0000020661ece3a0
Event: 2167.240 Thread 0x00000206645c5ae0 Thread added: 0x0000020661ecf0c0
Event: 2167.241 Thread 0x00000206645c5ae0 Thread added: 0x0000020661ecb5b0
Event: 2167.241 Thread 0x00000206645c5ae0 Thread added: 0x0000020661eca200
Event: 2167.241 Thread 0x00000206645c5ae0 Thread added: 0x0000020661ecc960


Dynamic libraries:
0x00007ff664b60000 - 0x00007ff664b6e000 	C:\Users\DELL\.p2\pool\plugins\org.eclipse.justj.openjdk.hotspot.jre.full.win32.x86_64_21.0.6.v20250130-0529\jre\bin\javaw.exe
0x00007ffd7d7d0000 - 0x00007ffd7d9c8000 	C:\Windows\SYSTEM32\ntdll.dll
0x00007ffd7c9e0000 - 0x00007ffd7caa2000 	C:\Windows\System32\KERNEL32.DLL
0x00007ffd7b1e0000 - 0x00007ffd7b4d6000 	C:\Windows\System32\KERNELBASE.dll
0x00007ffd7ae70000 - 0x00007ffd7af70000 	C:\Windows\System32\ucrtbase.dll
0x00007ffd73530000 - 0x00007ffd7354e000 	C:\Users\DELL\.p2\pool\plugins\org.eclipse.justj.openjdk.hotspot.jre.full.win32.x86_64_21.0.6.v20250130-0529\jre\bin\VCRUNTIME140.dll
0x00007ffd73fa0000 - 0x00007ffd73fb8000 	C:\Users\DELL\.p2\pool\plugins\org.eclipse.justj.openjdk.hotspot.jre.full.win32.x86_64_21.0.6.v20250130-0529\jre\bin\jli.dll
0x00007ffd7cb50000 - 0x00007ffd7cced000 	C:\Windows\System32\USER32.dll
0x00007ffd67710000 - 0x00007ffd679aa000 	C:\Windows\WinSxS\amd64_microsoft.windows.common-controls_6595b64144ccf1df_6.0.19041.5794_none_60bcd33171f2783c\COMCTL32.dll
0x00007ffd7b7d0000 - 0x00007ffd7b7f2000 	C:\Windows\System32\win32u.dll
0x00007ffd7c460000 - 0x00007ffd7c4fe000 	C:\Windows\System32\msvcrt.dll
0x00007ffd7ccf0000 - 0x00007ffd7cd1b000 	C:\Windows\System32\GDI32.dll
0x00007ffd7b4e0000 - 0x00007ffd7b5fa000 	C:\Windows\System32\gdi32full.dll
0x00007ffd7b600000 - 0x00007ffd7b69d000 	C:\Windows\System32\msvcp_win.dll
0x00007ffd7c070000 - 0x00007ffd7c09f000 	C:\Windows\System32\IMM32.DLL
0x00007ffd770e0000 - 0x00007ffd770ec000 	C:\Users\DELL\.p2\pool\plugins\org.eclipse.justj.openjdk.hotspot.jre.full.win32.x86_64_21.0.6.v20250130-0529\jre\bin\vcruntime140_1.dll
0x00007ffd5ed90000 - 0x00007ffd5ee1d000 	C:\Users\DELL\.p2\pool\plugins\org.eclipse.justj.openjdk.hotspot.jre.full.win32.x86_64_21.0.6.v20250130-0529\jre\bin\msvcp140.dll
0x00007ffd408c0000 - 0x00007ffd41650000 	C:\Users\DELL\.p2\pool\plugins\org.eclipse.justj.openjdk.hotspot.jre.full.win32.x86_64_21.0.6.v20250130-0529\jre\bin\server\jvm.dll
0x00007ffd7cd90000 - 0x00007ffd7ce3f000 	C:\Windows\System32\ADVAPI32.dll
0x00007ffd7cab0000 - 0x00007ffd7cb4f000 	C:\Windows\System32\sechost.dll
0x00007ffd7b860000 - 0x00007ffd7b983000 	C:\Windows\System32\RPCRT4.dll
0x00007ffd7b1b0000 - 0x00007ffd7b1d7000 	C:\Windows\System32\bcrypt.dll
0x00007ffd7c970000 - 0x00007ffd7c9db000 	C:\Windows\System32\WS2_32.dll
0x00007ffd7a3b0000 - 0x00007ffd7a3fb000 	C:\Windows\SYSTEM32\POWRPROF.dll
0x00007ffd67530000 - 0x00007ffd67557000 	C:\Windows\SYSTEM32\WINMM.dll
0x00007ffd721c0000 - 0x00007ffd721ca000 	C:\Windows\SYSTEM32\VERSION.dll
0x00007ffd7a270000 - 0x00007ffd7a282000 	C:\Windows\SYSTEM32\UMPDC.dll
0x00007ffd79690000 - 0x00007ffd796a2000 	C:\Windows\SYSTEM32\kernel.appcore.dll
0x00007ffd70a50000 - 0x00007ffd70a5a000 	C:\Users\DELL\.p2\pool\plugins\org.eclipse.justj.openjdk.hotspot.jre.full.win32.x86_64_21.0.6.v20250130-0529\jre\bin\jimage.dll
0x00007ffd78bb0000 - 0x00007ffd78db1000 	C:\Windows\SYSTEM32\DBGHELP.DLL
0x00007ffd65dc0000 - 0x00007ffd65df4000 	C:\Windows\SYSTEM32\dbgcore.DLL
0x00007ffd7b120000 - 0x00007ffd7b1a2000 	C:\Windows\System32\bcryptPrimitives.dll
0x00007ffd67ba0000 - 0x00007ffd67bbf000 	C:\Users\DELL\.p2\pool\plugins\org.eclipse.justj.openjdk.hotspot.jre.full.win32.x86_64_21.0.6.v20250130-0529\jre\bin\java.dll
0x00007ffd7cef0000 - 0x00007ffd7d65e000 	C:\Windows\System32\SHELL32.dll
0x00007ffd78ed0000 - 0x00007ffd79673000 	C:\Windows\SYSTEM32\windows.storage.dll
0x00007ffd7c100000 - 0x00007ffd7c453000 	C:\Windows\System32\combase.dll
0x00007ffd7a8a0000 - 0x00007ffd7a8cb000 	C:\Windows\SYSTEM32\Wldp.dll
0x00007ffd7bd60000 - 0x00007ffd7be2d000 	C:\Windows\System32\OLEAUT32.dll
0x00007ffd7bb00000 - 0x00007ffd7bbad000 	C:\Windows\System32\SHCORE.dll
0x00007ffd7b800000 - 0x00007ffd7b855000 	C:\Windows\System32\shlwapi.dll
0x00007ffd7ada0000 - 0x00007ffd7adc5000 	C:\Windows\SYSTEM32\profapi.dll
0x00007ffd670a0000 - 0x00007ffd670b8000 	C:\Users\DELL\.p2\pool\plugins\org.eclipse.justj.openjdk.hotspot.jre.full.win32.x86_64_21.0.6.v20250130-0529\jre\bin\zip.dll
0x00007ffd70a40000 - 0x00007ffd70a50000 	C:\Users\DELL\.p2\pool\plugins\org.eclipse.justj.openjdk.hotspot.jre.full.win32.x86_64_21.0.6.v20250130-0529\jre\bin\net.dll
0x00007ffd72760000 - 0x00007ffd7286a000 	C:\Windows\SYSTEM32\WINHTTP.dll
0x00007ffd7a600000 - 0x00007ffd7a66c000 	C:\Windows\system32\mswsock.dll
0x00007ffd663d0000 - 0x00007ffd663e6000 	C:\Users\DELL\.p2\pool\plugins\org.eclipse.justj.openjdk.hotspot.jre.full.win32.x86_64_21.0.6.v20250130-0529\jre\bin\nio.dll
0x00007ffd76c20000 - 0x00007ffd76c2a000 	C:\Users\DELL\.p2\pool\plugins\org.eclipse.justj.openjdk.hotspot.jre.full.win32.x86_64_21.0.6.v20250130-0529\jre\bin\management.dll
0x00007ffd75cb0000 - 0x00007ffd75cbb000 	C:\Users\DELL\.p2\pool\plugins\org.eclipse.justj.openjdk.hotspot.jre.full.win32.x86_64_21.0.6.v20250130-0529\jre\bin\management_ext.dll
0x00007ffd7d660000 - 0x00007ffd7d668000 	C:\Windows\System32\PSAPI.DLL
0x00007ffd770c0000 - 0x00007ffd770ce000 	C:\Users\DELL\.p2\pool\plugins\org.eclipse.justj.openjdk.hotspot.jre.full.win32.x86_64_21.0.6.v20250130-0529\jre\bin\sunmscapi.dll
0x00007ffd7afc0000 - 0x00007ffd7b11d000 	C:\Windows\System32\CRYPT32.dll
0x00007ffd7a910000 - 0x00007ffd7a937000 	C:\Windows\SYSTEM32\ncrypt.dll
0x00007ffd7a8d0000 - 0x00007ffd7a90b000 	C:\Windows\SYSTEM32\NTASN1.dll
0x00007ffd7a800000 - 0x00007ffd7a818000 	C:\Windows\SYSTEM32\CRYPTSP.dll
0x00007ffd79eb0000 - 0x00007ffd79ee8000 	C:\Windows\system32\rsaenh.dll
0x00007ffd7ad60000 - 0x00007ffd7ad8e000 	C:\Windows\SYSTEM32\USERENV.dll
0x00007ffd7a7f0000 - 0x00007ffd7a7fc000 	C:\Windows\SYSTEM32\CRYPTBASE.dll
0x00007ffd7a290000 - 0x00007ffd7a2cb000 	C:\Windows\SYSTEM32\IPHLPAPI.DLL
0x00007ffd7bfe0000 - 0x00007ffd7bfe8000 	C:\Windows\System32\NSI.dll
0x00007ffd770d0000 - 0x00007ffd770e0000 	C:\Users\DELL\.p2\pool\plugins\org.eclipse.justj.openjdk.hotspot.jre.full.win32.x86_64_21.0.6.v20250130-0529\jre\bin\verify.dll
0x00007ffd7a2d0000 - 0x00007ffd7a39a000 	C:\Windows\SYSTEM32\DNSAPI.dll
0x00007ffd73670000 - 0x00007ffd7367a000 	C:\Windows\System32\rasadhlp.dll
0x00007ffd635f0000 - 0x00007ffd63670000 	C:\Windows\System32\fwpuclnt.dll
0x00007ffd77090000 - 0x00007ffd77099000 	C:\Users\DELL\.p2\pool\plugins\org.eclipse.justj.openjdk.hotspot.jre.full.win32.x86_64_21.0.6.v20250130-0529\jre\bin\extnet.dll
0x00007ffd73c80000 - 0x00007ffd73c87000 	C:\Windows\system32\wshunix.dll

dbghelp: loaded successfully - version: 4.0.5 - missing functions: none
symbol engine: initialized successfully - sym options: 0x614 - pdb path: .;C:\Users\DELL\.p2\pool\plugins\org.eclipse.justj.openjdk.hotspot.jre.full.win32.x86_64_21.0.6.v20250130-0529\jre\bin;C:\Windows\SYSTEM32;C:\Windows\WinSxS\amd64_microsoft.windows.common-controls_6595b64144ccf1df_6.0.19041.5794_none_60bcd33171f2783c;C:\Users\DELL\.p2\pool\plugins\org.eclipse.justj.openjdk.hotspot.jre.full.win32.x86_64_21.0.6.v20250130-0529\jre\bin\server

VM Arguments:
jvm_args: -Dfile.encoding=UTF-8 -Dstdout.encoding=UTF-8 -Dstderr.encoding=UTF-8 -XX:+ShowCodeDetailsInExceptionMessages 
java_command: com.tcs.training.InventorySystemApplication
java_class_path (initial): C:\Users\DELL\Downloads\projectmain-master\projectmain\target\classes;C:\Users\DELL\.m2\repository\org\springframework\boot\spring-boot-starter-data-jpa\3.4.5\spring-boot-starter-data-jpa-3.4.5.jar;C:\Users\DELL\.m2\repository\org\springframework\boot\spring-boot-starter\3.4.5\spring-boot-starter-3.4.5.jar;C:\Users\DELL\.m2\repository\org\springframework\boot\spring-boot-starter-logging\3.4.5\spring-boot-starter-logging-3.4.5.jar;C:\Users\DELL\.m2\repository\ch\qos\logback\logback-classic\1.5.18\logback-classic-1.5.18.jar;C:\Users\DELL\.m2\repository\ch\qos\logback\logback-core\1.5.18\logback-core-1.5.18.jar;C:\Users\DELL\.m2\repository\org\apache\logging\log4j\log4j-to-slf4j\2.24.3\log4j-to-slf4j-2.24.3.jar;C:\Users\DELL\.m2\repository\org\apache\logging\log4j\log4j-api\2.24.3\log4j-api-2.24.3.jar;C:\Users\DELL\.m2\repository\org\slf4j\jul-to-slf4j\2.0.17\jul-to-slf4j-2.0.17.jar;C:\Users\DELL\.m2\repository\jakarta\annotation\jakarta.annotation-api\2.1.1\jakarta.annotation-api-2.1.1.jar;C:\Users\DELL\.m2\repository\org\yaml\snakeyaml\2.3\snakeyaml-2.3.jar;C:\Users\DELL\.m2\repository\org\springframework\boot\spring-boot-starter-jdbc\3.4.5\spring-boot-starter-jdbc-3.4.5.jar;C:\Users\DELL\.m2\repository\com\zaxxer\HikariCP\5.1.0\HikariCP-5.1.0.jar;C:\Users\DELL\.m2\repository\org\springframework\spring-jdbc\6.2.6\spring-jdbc-6.2.6.jar;C:\Users\DELL\.m2\repository\org\hibernate\orm\hibernate-core\6.6.13.Final\hibernate-core-6.6.13.Final.jar;C:\Users\DELL\.m2\repository\jakarta\persistence\jakarta.persistence-api\3.1.0\jakarta.persistence-api-3.1.0.jar;C:\Users\DELL\.m2\repository\jakarta\transaction\jakarta.transaction-api\2.0.1\jakarta.transaction-api-2.0.1.jar;C:\Users\DELL\.m2\repository\org\hibernate\common\hibernate-commons-annotations\7.0.3.Final\hibernate-commons-annotations-7.0.3.Final.jar;C:\Users\DELL\.m2\repository\io\smallrye\jandex\3.2.0\jandex-3.2.0.jar;C:\Users\DELL\.m2\repository\net\bytebuddy\byte-buddy\1.15.11\byte-buddy-1.15.11.jar;C:\Users\DELL\.m2\repository\org\glassfish\jaxb\jaxb-runtime\4.0.5\jaxb-runtime-4.0.5.jar;C:\Users\DELL\.m2\repository\org\glassfish\jaxb\jaxb-core\4.0.5\jaxb-core-4.0.5.jar;C:\Users\DELL\.m2\repository\org\eclipse\angus\angus-activation\2.0.2\angus-activation-2.0.2.jar;C:\Users\DELL\.m2\repository\org\glassfish\jaxb\txw2\4.0.5\txw2-4.0.5.jar;C:\Users\DELL\.m2\repository\com\sun\istack\istack-commons-runtime\4.1.2\istack-commons-runtime-4.1.2.jar;C:\Users\DELL\.m2\repository\jakarta\inject\jakarta.inject-api\2.0.1\jakarta.inject-api-2.0.1.jar;C:\Users\DELL\.m2\repository\org\antlr\antlr4-runtime\4.13.0\antlr4-runtime-4.13.0.jar;C:\Users\DELL\.m2\repository\org\springframework\data\spring-data-jpa\3.4.5\spring-data-jpa-3.4.5.jar;C:\Users\DELL\.m2\repository\org\springframework\data\spring-data-commons\3.4.5\spring-data-commons-3.4.5.jar;C:\Users\DELL\.m2\repository\org\springframework\spring-orm\6.2.6\spring-orm-6.2.6.jar;C:\Users\DELL\.m2\repository\org\springframework\spring-context\6.2.6\spring-context-6.2.6.jar;C:\Users\DELL\.m2\repository\org\springframework\spring-aop\6.2.6\spring-aop-6.2.6.jar;C:\Users\DELL\.m2\repository\org\springframework\spring-tx\6.2.6\spring-tx-6.2.6.jar;C:\Users\DELL\.m2\repository\org\springframework\spring-beans\6.2.6\spring-beans-6.2.6.jar;C:\Users\DELL\.m2\repository\org\slf4j\slf4j-api\2.0.17\slf4j-api-2.0.17.jar;C:\Users\DELL\.m2\repository\org\springframework\spring-aspects\6.2.6\spring-aspects-6.2.6.jar;C:\Users\DELL\.m2\repository\org\aspectj\aspectjweaver\1.9.24\aspectjweaver-1.9.24.jar;C:\Users\DELL\.m2\repository\org\springframework\boot\spring-boot-starter-thymeleaf\3.4.5\spring-boot-starter-thymeleaf-3.4.5.jar;C:\Users\DELL\.m2\repository\org\thymeleaf\thymeleaf-spring6\3.1.3.RELEASE\thymeleaf-spring6-3.1.3.RELEASE.jar;C:\Users\DELL\.m2\repository\org\thymeleaf\thymeleaf\3.1.3.RELEASE\thymeleaf-3.1.3.RELEASE.jar;C:\Users\DELL\.m2\repository\org\attoparser\attoparser\2.0.7.RELEASE\attoparser-2.0.7.RELEASE.jar;C:\Users\DELL\.m2\repository\org\unbescape\unbescape\1.1.6.RELEASE\unbescape-1.1.6.RELEASE.jar;C:\Users\DELL\.m2\repository\org\springframework\boot\spring-boot-starter-web\3.4.5\spring-boot-starter-web-3.4.5.jar;C:\Users\DELL\.m2\repository\org\springframework\boot\spring-boot-starter-json\3.4.5\spring-boot-starter-json-3.4.5.jar;C:\Users\DELL\.m2\repository\com\fasterxml\jackson\core\jackson-databind\2.18.3\jackson-databind-2.18.3.jar;C:\Users\DELL\.m2\repository\com\fasterxml\jackson\core\jackson-annotations\2.18.3\jackson-annotations-2.18.3.jar;C:\Users\DELL\.m2\repository\com\fasterxml\jackson\core\jackson-core\2.18.3\jackson-core-2.18.3.jar;C:\Users\DELL\.m2\repository\com\fasterxml\jackson\datatype\jackson-datatype-jdk8\2.18.3\jackson-datatype-jdk8-2.18.3.jar;C:\Users\DELL\.m2\repository\com\fasterxml\jackson\datatype\jackson-datatype-jsr310\2.18.3\jackson-datatype-jsr310-2.18.3.jar;C:\Users\DELL\.m2\repository\com\fasterxml\jackson\module\jackson-module-parameter-names\2.18.3\jackson-module-parameter-names-2.18.3.jar;C:\Users\DELL\.m2\repository\org\springframework\boot\spring-boot-starter-tomcat\3.4.5\spring-boot-starter-tomcat-3.4.5.jar;C:\Users\DELL\.m2\repository\org\apache\tomcat\embed\tomcat-embed-websocket\10.1.40\tomcat-embed-websocket-10.1.40.jar;C:\Users\DELL\.m2\repository\org\springframework\spring-web\6.2.6\spring-web-6.2.6.jar;C:\Users\DELL\.m2\repository\io\micrometer\micrometer-observation\1.14.6\micrometer-observation-1.14.6.jar;C:\Users\DELL\.m2\repository\io\micrometer\micrometer-commons\1.14.6\micrometer-commons-1.14.6.jar;C:\Users\DELL\.m2\repository\org\springframework\spring-webmvc\6.2.6\spring-webmvc-6.2.6.jar;C:\Users\DELL\.m2\repository\org\springframework\spring-expression\6.2.6\spring-expression-6.2.6.jar;C:\Users\DELL\.m2\repository\org\springframework\boot\spring-boot-devtools\3.4.5\spring-boot-devtools-3.4.5.jar;C:\Users\DELL\.m2\repository\org\springframework\boot\spring-boot\3.4.5\spring-boot-3.4.5.jar;C:\Users\DELL\.m2\repository\org\springframework\boot\spring-boot-autoconfigure\3.4.5\spring-boot-autoconfigure-3.4.5.jar;C:\Users\DELL\.m2\repository\org\hibernate\hibernate-validator\5.2.4.Final\hibernate-validator-5.2.4.Final.jar;C:\Users\DELL\.m2\repository\javax\validation\validation-api\1.1.0.Final\validation-api-1.1.0.Final.jar;C:\Users\DELL\.m2\repository\org\jboss\logging\jboss-logging\3.6.1.Final\jboss-logging-3.6.1.Final.jar;C:\Users\DELL\.m2\repository\com\fasterxml\classmate\1.7.0\classmate-1.7.0.jar;C:\Users\DELL\.m2\repository\org\springdoc\springdoc-openapi-starter-webmvc-ui\2.0.2\springdoc-openapi-starter-webmvc-ui-2.0.2.jar;C:\Users\DELL\.m2\repository\org\springdoc\springdoc-openapi-starter-webmvc-api\2.0.2\springdoc-openapi-starter-webmvc-api-2.0.2.jar;C:\Users\DELL\.m2\repository\org\springdoc\springdoc-openapi-starter-common\2.0.2\springdoc-openapi-starter-common-2.0.2.jar;C:\Users\DELL\.m2\repository\io\swagger\core\v3\swagger-core-jakarta\2.2.7\swagger-core-jakarta-2.2.7.jar;C:\Users\DELL\.m2\repository\org\apache\commons\commons-lang3\3.17.0\commons-lang3-3.17.0.jar;C:\Users\DELL\.m2\repository\io\swagger\core\v3\swagger-annotations-jakarta\2.2.7\swagger-annotations-jakarta-2.2.7.jar;C:\Users\DELL\.m2\repository\io\swagger\core\v3\swagger-models-jakarta\2.2.7\swagger-models-jakarta-2.2.7.jar;C:\Users\DELL\.m2\repository\jakarta\validation\jakarta.validation-api\3.0.2\jakarta.validation-api-3.0.2.jar;C:\Users\DELL\.m2\repository\com\fasterxml\jackson\dataformat\jackson-dataformat-yaml\2.18.3\jackson-dataformat-yaml-2.18.3.jar;C:\Users\DELL\.m2\repository\org\webjars\swagger-ui\4.15.5\swagger-ui-4.15.5.jar;C:\Users\DELL\.m2\repository\org\webjars\webjars-locator-core\0.59\webjars-locator-core-0.59.jar;C:\Users\DELL\.m2\repository\io\github\classgraph\classgraph\4.8.149\classgraph-4.8.149.jar;C:\Users\DELL\.m2\repository\com\mysql\mysql-connector-j\9.1.0\mysql-connector-j-9.1.0.jar;C:\Users\DELL\.m2\repository\org\apache\tomcat\embed\tomcat-embed-jasper\10.1.40\tomcat-embed-jasper-10.1.40.jar;C:\Users\DELL\.m2\repository\org\apache\tomcat\embed\tomcat-embed-core\10.1.40\tomcat-embed-core-10.1.40.jar;C:\Users\DELL\.m2\repository\org\apache\tomcat\tomcat-annotations-api\10.1.40\tomcat-annotations-api-10.1.40.jar;C:\Users\DELL\.m2\repository\org\apache\tomcat\embed\tomcat-embed-el\10.1.40\tomcat-embed-el-10.1.40.jar;C:\Users\DELL\.m2\repository\org\eclipse\jdt\ecj\3.33.0\ecj-3.33.0.jar;C:\Users\DELL\.m2\repository\jakarta\xml\bind\jakarta.xml.bind-api\4.0.2\jakarta.xml.bind-api-4.0.2.jar;C:\Users\DELL\.m2\repository\jakarta\activation\jakarta.activation-api\2.1.3\jakarta.activation-api-2.1.3.jar;C:\Users\DELL\.m2\repository\org\springframework\spring-core\6.2.6\spring-core-6.2.6.jar;C:\Users\DELL\.m2\repository\org\springframework\spring-jcl\6.2.6\spring-jcl-6.2.6.jar
Launcher Type: SUN_STANDARD

[Global flags]
     intx CICompilerCount                          = 4                                         {product} {ergonomic}
     uint ConcGCThreads                            = 2                                         {product} {ergonomic}
     uint G1ConcRefinementThreads                  = 8                                         {product} {ergonomic}
   size_t G1HeapRegionSize                         = 1048576                                   {product} {ergonomic}
    uintx GCDrainStackTargetSize                   = 64                                        {product} {ergonomic}
   size_t InitialHeapSize                          = 132120576                                 {product} {ergonomic}
   size_t MarkStackSize                            = 4194304                                   {product} {ergonomic}
   size_t MaxHeapSize                              = 2086666240                                {product} {ergonomic}
   size_t MaxNewSize                               = 1251999744                                {product} {ergonomic}
   size_t MinHeapDeltaBytes                        = 1048576                                   {product} {ergonomic}
   size_t MinHeapSize                              = 8388608                                   {product} {ergonomic}
    uintx NonNMethodCodeHeapSize                   = 5839372                                {pd product} {ergonomic}
    uintx NonProfiledCodeHeapSize                  = 122909434                              {pd product} {ergonomic}
    uintx ProfiledCodeHeapSize                     = 122909434                              {pd product} {ergonomic}
    uintx ReservedCodeCacheSize                    = 251658240                              {pd product} {ergonomic}
     bool SegmentedCodeCache                       = true                                      {product} {ergonomic}
     bool ShowCodeDetailsInExceptionMessages       = true                                   {manageable} {command line}
   size_t SoftMaxHeapSize                          = 2086666240                             {manageable} {ergonomic}
     bool UseCompressedOops                        = true                           {product lp64_product} {ergonomic}
     bool UseG1GC                                  = true                                      {product} {ergonomic}
     bool UseLargePagesIndividualAllocation        = false                                  {pd product} {ergonomic}

Logging:
Log output configuration:
 #0: stdout all=warning uptime,level,tags foldmultilines=false
 #1: stderr all=off uptime,level,tags foldmultilines=false

Environment Variables:
PATH=C:/Users/DELL/.p2/pool/plugins/org.eclipse.justj.openjdk.hotspot.jre.full.win32.x86_64_21.0.6.v20250130-0529/jre/bin/server;C:/Users/DELL/.p2/pool/plugins/org.eclipse.justj.openjdk.hotspot.jre.full.win32.x86_64_21.0.6.v20250130-0529/jre/bin;C:\Program Files\Common Files\Oracle\Java\javapath;C:\Windows\system32;C:\Windows;C:\Windows\System32\Wbem;C:\Windows\System32\WindowsPowerShell\v1.0\;C:\Windows\System32\OpenSSH\;C:\Program Files (x86)\NVIDIA Corporation\PhysX\Common;C:\Program Files\Git\cmd;C:\Program Files\php;C:\ProgramData\ComposerSetup\bin;C:\Program Files\dotnet\;C:\Program Files\nodejs\;C:\Program Files\Common Files\Oracle\Java\javapath;C:\Windows\system32;C:\Windows;C:\Windows\System32\Wbem;C:\Windows\System32\WindowsPowerShell\v1.0\;C:\Windows\System32\OpenSSH\;C:\Program Files (x86)\NVIDIA Corporation\PhysX\Common;C:\Program Files\Git\cmd;C:\Program Files\php;C:\ProgramData\ComposerSetup\bin;C:\Program Files\dotnet\;C:\Program Files\nodejs\;C:\path\to\php;C:\Users\DELL\AppData\Local\Programs\Microsoft VS Code\bin;C:\Users\DELL\AppData\Roaming\Composer\vendor\bin;C:\Program Files\JetBrains\IntelliJ IDEA Community Edition 2024.1.2\bin;;C:\Users\DELL\AppData\Roaming\npm;C:\Users\DELL\Desktop;
USERNAME=DELL
OS=Windows_NT
PROCESSOR_IDENTIFIER=Intel64 Family 6 Model 126 Stepping 5, GenuineIntel
TMP=C:\Users\DELL\AppData\Local\Temp
TEMP=C:\Users\DELL\AppData\Local\Temp




Periodic native trim disabled

---------------  S Y S T E M  ---------------

OS:
 Windows 10 , 64 bit Build 19041 (10.0.19041.5794)
OS uptime: 0 days 1:51 hours

CPU: total 8 (initial active 8) (4 cores per cpu, 2 threads per core) family 6 model 126 stepping 5 microcode 0xc2, cx8, cmov, fxsr, ht, mmx, 3dnowpref, sse, sse2, sse3, ssse3, sse4.1, sse4.2, popcnt, lzcnt, tsc, tscinvbit, avx, avx2, aes, erms, clmul, bmi1, bmi2, adx, avx512f, avx512dq, avx512cd, avx512bw, avx512vl, sha, fma, vzeroupper, avx512_vpopcntdq, avx512_vpclmulqdq, avx512_vaes, avx512_vnni, clflush, clflushopt, avx512_vbmi2, avx512_vbmi, rdtscp, rdpid, fsrm, gfni, avx512_bitalg, f16c, pku, avx512_ifma
Processor Information for the first 8 processors :
  Max Mhz: 1498, Current Mhz: 1298, Mhz Limit: 1288

Memory: 4k page, system-wide physical 7959M (998M free)
TotalPageFile size 10007M (AvailPageFile size 96M)
current process WorkingSet (physical memory assigned to process): 366M, peak: 416M
current process commit charge ("private bytes"): 400M, peak: 512M

vm_info: OpenJDK 64-Bit Server VM (21.0.6+7-LTS) for windows-amd64 JRE (21.0.6+7-LTS), built on 2025-01-21T00:00:00Z by "admin" with MS VC++ 17.7 (VS2022)

END.
