#
# There is insufficient memory for the Java Runtime Environment to continue.
# Native memory allocation (malloc) failed to allocate 1064176 bytes. Error detail: Chunk::new
# Possible reasons:
#   The system is out of physical RAM or swap space
#   This process is running with CompressedOops enabled, and the Java Heap may be blocking the growth of the native heap
# Possible solutions:
#   Reduce memory load on the system
#   Increase physical memory or swap space
#   Check if swap backing store is full
#   Decrease Java heap size (-Xmx/-Xms)
#   Decrease number of Java threads
#   Decrease Java thread stack sizes (-Xss)
#   Set larger code cache with -XX:ReservedCodeCacheSize=
#   JVM is running with Unscaled Compressed Oops mode in which the Java heap is
#     placed in the first 4GB address space. The Java Heap base address is the
#     maximum limit for the native heap growth. Please use -XX:HeapBaseMinAddress
#     to set the Java Heap base and to place the Java Heap above 4GB virtual address.
# This output file may be truncated or incomplete.
#
#  Out of Memory Error (arena.cpp:168), pid=6180, tid=7788
#
# JRE version: OpenJDK Runtime Environment Temurin-21.0.6+7 (21.0.6+7) (build 21.0.6+7-LTS)
# Java VM: OpenJDK 64-Bit Server VM Temurin-21.0.6+7 (21.0.6+7-LTS, mixed mode, sharing, tiered, compressed oops, compressed class ptrs, g1 gc, windows-amd64)
# No core dump will be written. Minidumps are not enabled by default on client versions of Windows
#

---------------  S U M M A R Y ------------

Command Line: -Dfile.encoding=UTF-8 -Dstdout.encoding=UTF-8 -Dstderr.encoding=UTF-8 -XX:+ShowCodeDetailsInExceptionMessages com.tcs.training.InventorySystemApplication

Host: Intel(R) Core(TM) i7-1065G7 CPU @ 1.30GHz, 8 cores, 7G,  Windows 10 , 64 bit Build 19041 (10.0.19041.5794)
Time: Mon May 19 15:22:56 2025 India Standard Time elapsed time: 3622.511960 seconds (0d 1h 0m 22s)

---------------  T H R E A D  ---------------

Current thread (0x0000019735104d70):  JavaThread "C2 CompilerThread0" daemon [_thread_in_native, id=7788, stack(0x0000006fd6a00000,0x0000006fd6b00000) (1024K)]


Current CompileTask:
C2:3622512 19084       4       org.springframework.beans.factory.support.AbstractBeanDefinition::<init> (500 bytes)

Stack: [0x0000006fd6a00000,0x0000006fd6b00000]
Native frames: (J=compiled Java code, j=interpreted, Vv=VM code, C=native code)
V  [jvm.dll+0x6cdee9]
V  [jvm.dll+0x8a83d1]
V  [jvm.dll+0x8aa8fe]
V  [jvm.dll+0x8aafe3]
V  [jvm.dll+0x27f706]
V  [jvm.dll+0xc500d]
V  [jvm.dll+0xc5543]
V  [jvm.dll+0x3b6752]
V  [jvm.dll+0x382935]
V  [jvm.dll+0x381d9a]
V  [jvm.dll+0x2479f0]
V  [jvm.dll+0x246fcf]
V  [jvm.dll+0x1c75ee]
V  [jvm.dll+0x25685a]
V  [jvm.dll+0x254dfa]
V  [jvm.dll+0x3f0256]
V  [jvm.dll+0x851f8b]
V  [jvm.dll+0x6cc5ed]
C  [ucrtbase.dll+0x21bb2]
C  [KERNEL32.DLL+0x17374]
C  [ntdll.dll+0x4cc91]


---------------  P R O C E S S  ---------------

Threads class SMR info:
_java_thread_list=0x000001977ec8b710, length=23, elements={
0x00000197350f07f0, 0x00000197350f1600, 0x00000197350f3810, 0x00000197350f6360,
0x00000197350f6ea0, 0x00000197350faee0, 0x0000019735104d70, 0x0000019735107900,
0x0000019735248e40, 0x0000019735251250, 0x000001977e63c230, 0x000001977faef100,
0x000001977faedd50, 0x000001977d914430, 0x000001977d919980, 0x000001977d9185d0,
0x000001977d915e70, 0x000001977d918c60, 0x000001977d91a010, 0x000001977d91ad30,
0x000001977d91b3c0, 0x000001977d91ba50, 0x000001977e3923e0
}

Java Threads: ( => current thread )
  0x00000197350f07f0 JavaThread "Reference Handler"          daemon [_thread_blocked, id=15364, stack(0x0000006fd6400000,0x0000006fd6500000) (1024K)]
  0x00000197350f1600 JavaThread "Finalizer"                  daemon [_thread_blocked, id=16952, stack(0x0000006fd6500000,0x0000006fd6600000) (1024K)]
  0x00000197350f3810 JavaThread "Signal Dispatcher"          daemon [_thread_blocked, id=8636, stack(0x0000006fd6600000,0x0000006fd6700000) (1024K)]
  0x00000197350f6360 JavaThread "Attach Listener"            daemon [_thread_blocked, id=7712, stack(0x0000006fd6700000,0x0000006fd6800000) (1024K)]
  0x00000197350f6ea0 JavaThread "Service Thread"             daemon [_thread_blocked, id=18816, stack(0x0000006fd6800000,0x0000006fd6900000) (1024K)]
  0x00000197350faee0 JavaThread "Monitor Deflation Thread"   daemon [_thread_blocked, id=3812, stack(0x0000006fd6900000,0x0000006fd6a00000) (1024K)]
=>0x0000019735104d70 JavaThread "C2 CompilerThread0"         daemon [_thread_in_native, id=7788, stack(0x0000006fd6a00000,0x0000006fd6b00000) (1024K)]
  0x0000019735107900 JavaThread "C1 CompilerThread0"         daemon [_thread_in_native, id=7344, stack(0x0000006fd6b00000,0x0000006fd6c00000) (1024K)]
  0x0000019735248e40 JavaThread "Notification Thread"        daemon [_thread_blocked, id=18648, stack(0x0000006fd6c00000,0x0000006fd6d00000) (1024K)]
  0x0000019735251250 JavaThread "Common-Cleaner"             daemon [_thread_blocked, id=2360, stack(0x0000006fd6d00000,0x0000006fd6e00000) (1024K)]
  0x000001977e63c230 JavaThread "mysql-cj-abandoned-connection-cleanup" daemon [_thread_blocked, id=19320, stack(0x0000006fd7d00000,0x0000006fd7e00000) (1024K)]
  0x000001977faef100 JavaThread "DestroyJavaVM"                     [_thread_blocked, id=5308, stack(0x0000006fd5c00000,0x0000006fd5d00000) (1024K)]
  0x000001977faedd50 JavaThread "File Watcher"               daemon [_thread_blocked, id=13772, stack(0x0000006fd5a00000,0x0000006fd5b00000) (1024K)]
  0x000001977d914430 JavaThread "Thread-5"                          [_thread_blocked, id=9748, stack(0x0000006fd5900000,0x0000006fd5a00000) (1024K)]
  0x000001977d919980 JavaThread "File Watcher"               daemon [_thread_blocked, id=17504, stack(0x0000006fd5b00000,0x0000006fd5c00000) (1024K)]
  0x000001977d9185d0 JavaThread "File Watcher"               daemon [_thread_blocked, id=17988, stack(0x0000006fd6f00000,0x0000006fd7000000) (1024K)]
  0x000001977d915e70 JavaThread "restartedMain"                     [_thread_in_vm, id=12548, stack(0x0000006fd7a00000,0x0000006fd7b00000) (1024K)]
  0x000001977d918c60 JavaThread "Catalina-utility-1"                [_thread_blocked, id=12972, stack(0x0000006fd7b00000,0x0000006fd7c00000) (1024K)]
  0x000001977d91a010 JavaThread "Catalina-utility-2"                [_thread_blocked, id=12388, stack(0x0000006fd7c00000,0x0000006fd7d00000) (1024K)]
  0x000001977d91ad30 JavaThread "container-3"                       [_thread_blocked, id=8324, stack(0x0000006fd7e00000,0x0000006fd7f00000) (1024K)]
  0x000001977d91b3c0 JavaThread "HikariPool-5 housekeeper"   daemon [_thread_blocked, id=4564, stack(0x0000006fd7f00000,0x0000006fd8000000) (1024K)]
  0x000001977d91ba50 JavaThread "HikariPool-5 connection adder" daemon [_thread_blocked, id=12560, stack(0x0000006fd8000000,0x0000006fd8100000) (1024K)]
  0x000001977e3923e0 JavaThread "C2 CompilerThread1"         daemon [_thread_in_native, id=17948, stack(0x0000006fd7000000,0x0000006fd7100000) (1024K)]
Total: 23

Other Threads:
  0x00000197350d3150 VMThread "VM Thread"                           [id=7148, stack(0x0000006fd6300000,0x0000006fd6400000) (1024K)]
  0x00000197350bfd30 WatcherThread "VM Periodic Task Thread"        [id=10512, stack(0x0000006fd6200000,0x0000006fd6300000) (1024K)]
  0x000001971d34ed00 WorkerThread "GC Thread#0"                     [id=13896, stack(0x0000006fd5d00000,0x0000006fd5e00000) (1024K)]
  0x000001973595eae0 WorkerThread "GC Thread#1"                     [id=15596, stack(0x0000006fd7200000,0x0000006fd7300000) (1024K)]
  0x000001973595ee80 WorkerThread "GC Thread#2"                     [id=6752, stack(0x0000006fd7300000,0x0000006fd7400000) (1024K)]
  0x0000019735940480 WorkerThread "GC Thread#3"                     [id=1288, stack(0x0000006fd7400000,0x0000006fd7500000) (1024K)]
  0x0000019735941440 WorkerThread "GC Thread#4"                     [id=16208, stack(0x0000006fd7500000,0x0000006fd7600000) (1024K)]
  0x000001977b0162c0 WorkerThread "GC Thread#5"                     [id=16760, stack(0x0000006fd7600000,0x0000006fd7700000) (1024K)]
  0x000001977b0157e0 WorkerThread "GC Thread#6"                     [id=12248, stack(0x0000006fd7800000,0x0000006fd7900000) (1024K)]
  0x000001977b015f20 WorkerThread "GC Thread#7"                     [id=16708, stack(0x0000006fd7900000,0x0000006fd7a00000) (1024K)]
  0x000001971d360700 ConcurrentGCThread "G1 Main Marker"            [id=3280, stack(0x0000006fd5e00000,0x0000006fd5f00000) (1024K)]
  0x000001971d361200 WorkerThread "G1 Conc#0"                       [id=12756, stack(0x0000006fd5f00000,0x0000006fd6000000) (1024K)]
  0x000001977b016660 WorkerThread "G1 Conc#1"                       [id=2732, stack(0x0000006fd7700000,0x0000006fd7800000) (1024K)]
  0x000001971d3be850 ConcurrentGCThread "G1 Refine#0"               [id=18480, stack(0x0000006fd6000000,0x0000006fd6100000) (1024K)]
  0x0000019734f8f930 ConcurrentGCThread "G1 Service"                [id=4232, stack(0x0000006fd6100000,0x0000006fd6200000) (1024K)]
Total: 15

Threads with active compile tasks:
C2 CompilerThread0  3622537 19084       4       org.springframework.beans.factory.support.AbstractBeanDefinition::<init> (500 bytes)
C1 CompilerThread0  3622537 19164       3       org.springframework.asm.MethodWriter::computeMethodInfoSize (571 bytes)
C2 CompilerThread1  3622537 19147       4       org.springframework.asm.SymbolTable::put (150 bytes)
Total: 3

VM state: not at safepoint (normal execution)

VM Mutex/Monitor currently owned by a thread: None

Heap address: 0x0000000083a00000, size: 1990 MB, Compressed Oops mode: 32-bit

CDS archive(s) mapped at: [0x0000019736000000-0x0000019736c80000-0x0000019736c80000), size 13107200, SharedBaseAddress: 0x0000019736000000, ArchiveRelocationMode: 1.
Compressed class space mapped at: 0x0000019737000000-0x0000019777000000, reserved size: 1073741824
Narrow klass base: 0x0000019736000000, Narrow klass shift: 0, Narrow klass range: 0x100000000

GC Precious Log:
 CardTable entry size: 512
 Card Set container configuration: InlinePtr #cards 5 size 8 Array Of Cards #cards 12 size 40 Howl #buckets 4 coarsen threshold 1843 Howl Bitmap #cards 512 size 80 coarsen threshold 460 Card regions per heap region 1 cards per card region 2048
 CPUs: 8 total, 8 available
 Memory: 7959M
 Large Page Support: Disabled
 NUMA Support: Disabled
 Compressed Oops: Enabled (32-bit)
 Heap Region Size: 1M
 Heap Min Capacity: 8M
 Heap Initial Capacity: 126M
 Heap Max Capacity: 1990M
 Pre-touch: Disabled
 Parallel Workers: 8
 Concurrent Workers: 2
 Concurrent Refinement Workers: 8
 Periodic GC: Disabled

Heap:
 garbage-first heap   total 116736K, used 65252K [0x0000000083a00000, 0x0000000100000000)
  region size 1024K, 25 young (25600K), 7 survivors (7168K)
 Metaspace       used 93818K, committed 94720K, reserved 1179648K
  class space    used 12021K, committed 12416K, reserved 1048576K

Heap Regions: E=young(eden), S=young(survivor), O=old, HS=humongous(starts), HC=humongous(continues), CS=collection set, F=free, TAMS=top-at-mark-start, PB=parsable bottom
|   0|0x0000000083a00000, 0x0000000083b00000, 0x0000000083b00000|100%|HS|  |TAMS 0x0000000083a00000| PB 0x0000000083a00000| Complete 
|   1|0x0000000083b00000, 0x0000000083c00000, 0x0000000083c00000|100%|HS|  |TAMS 0x0000000083b00000| PB 0x0000000083b00000| Complete 
|   2|0x0000000083c00000, 0x0000000083d00000, 0x0000000083d00000|100%| O|  |TAMS 0x0000000083c00000| PB 0x0000000083c00000| Untracked 
|   3|0x0000000083d00000, 0x0000000083e00000, 0x0000000083e00000|100%| O|  |TAMS 0x0000000083d00000| PB 0x0000000083d00000| Untracked 
|   4|0x0000000083e00000, 0x0000000083efff80, 0x0000000083f00000| 99%| O|  |TAMS 0x0000000083e00000| PB 0x0000000083e00000| Untracked 
|   5|0x0000000083f00000, 0x0000000084000000, 0x0000000084000000|100%| O|  |TAMS 0x0000000083f00000| PB 0x0000000083f00000| Untracked 
|   6|0x0000000084000000, 0x0000000084100000, 0x0000000084100000|100%| O|  |TAMS 0x0000000084000000| PB 0x0000000084000000| Untracked 
|   7|0x0000000084100000, 0x00000000841ffff8, 0x0000000084200000| 99%| O|  |TAMS 0x0000000084100000| PB 0x0000000084100000| Untracked 
|   8|0x0000000084200000, 0x00000000842fffe0, 0x0000000084300000| 99%| O|  |TAMS 0x0000000084200000| PB 0x0000000084200000| Untracked 
|   9|0x0000000084300000, 0x00000000843fffe0, 0x0000000084400000| 99%| O|  |TAMS 0x0000000084300000| PB 0x0000000084300000| Untracked 
|  10|0x0000000084400000, 0x00000000844ffff0, 0x0000000084500000| 99%| O|  |TAMS 0x0000000084400000| PB 0x0000000084400000| Untracked 
|  11|0x0000000084500000, 0x00000000845ffff8, 0x0000000084600000| 99%| O|  |TAMS 0x0000000084500000| PB 0x0000000084500000| Untracked 
|  12|0x0000000084600000, 0x00000000846fffe8, 0x0000000084700000| 99%| O|  |TAMS 0x0000000084600000| PB 0x0000000084600000| Untracked 
|  13|0x0000000084700000, 0x00000000847fffc8, 0x0000000084800000| 99%| O|  |TAMS 0x0000000084700000| PB 0x0000000084700000| Untracked 
|  14|0x0000000084800000, 0x00000000848ffff0, 0x0000000084900000| 99%| O|  |TAMS 0x0000000084800000| PB 0x0000000084800000| Untracked 
|  15|0x0000000084900000, 0x00000000849ffff0, 0x0000000084a00000| 99%| O|  |TAMS 0x0000000084900000| PB 0x0000000084900000| Untracked 
|  16|0x0000000084a00000, 0x0000000084b00000, 0x0000000084b00000|100%| O|  |TAMS 0x0000000084a00000| PB 0x0000000084a00000| Untracked 
|  17|0x0000000084b00000, 0x0000000084bffea8, 0x0000000084c00000| 99%| O|  |TAMS 0x0000000084b00000| PB 0x0000000084b00000| Untracked 
|  18|0x0000000084c00000, 0x0000000084cffff8, 0x0000000084d00000| 99%| O|  |TAMS 0x0000000084c00000| PB 0x0000000084c00000| Untracked 
|  19|0x0000000084d00000, 0x0000000084dffe10, 0x0000000084e00000| 99%| O|  |TAMS 0x0000000084d00000| PB 0x0000000084d00000| Untracked 
|  20|0x0000000084e00000, 0x0000000084effff0, 0x0000000084f00000| 99%| O|  |TAMS 0x0000000084e00000| PB 0x0000000084e00000| Untracked 
|  21|0x0000000084f00000, 0x0000000084fffe38, 0x0000000085000000| 99%| O|  |TAMS 0x0000000084f00000| PB 0x0000000084f00000| Untracked 
|  22|0x0000000085000000, 0x00000000850fffd8, 0x0000000085100000| 99%| O|  |TAMS 0x0000000085000000| PB 0x0000000085000000| Untracked 
|  23|0x0000000085100000, 0x00000000851fffc8, 0x0000000085200000| 99%| O|  |TAMS 0x0000000085100000| PB 0x0000000085100000| Untracked 
|  24|0x0000000085200000, 0x00000000852fffc0, 0x0000000085300000| 99%| O|  |TAMS 0x0000000085200000| PB 0x0000000085200000| Untracked 
|  25|0x0000000085300000, 0x00000000853fff68, 0x0000000085400000| 99%| O|  |TAMS 0x0000000085300000| PB 0x0000000085300000| Untracked 
|  26|0x0000000085400000, 0x00000000854fffc0, 0x0000000085500000| 99%| O|  |TAMS 0x0000000085400000| PB 0x0000000085400000| Untracked 
|  27|0x0000000085500000, 0x0000000085600000, 0x0000000085600000|100%| O|  |TAMS 0x0000000085500000| PB 0x0000000085500000| Untracked 
|  28|0x0000000085600000, 0x00000000856fffe0, 0x0000000085700000| 99%| O|  |TAMS 0x0000000085600000| PB 0x0000000085600000| Untracked 
|  29|0x0000000085700000, 0x00000000857b5eb8, 0x0000000085800000| 71%| O|  |TAMS 0x0000000085700000| PB 0x0000000085700000| Untracked 
|  30|0x0000000085800000, 0x00000000858ffff0, 0x0000000085900000| 99%| O|  |TAMS 0x0000000085800000| PB 0x0000000085800000| Untracked 
|  31|0x0000000085900000, 0x00000000859ffff0, 0x0000000085a00000| 99%| O|  |TAMS 0x0000000085900000| PB 0x0000000085900000| Untracked 
|  32|0x0000000085a00000, 0x0000000085a00000, 0x0000000085b00000|  0%| F|  |TAMS 0x0000000085a00000| PB 0x0000000085a00000| Untracked 
|  33|0x0000000085b00000, 0x0000000085b9dd88, 0x0000000085c00000| 61%| O|  |TAMS 0x0000000085b00000| PB 0x0000000085b00000| Untracked 
|  34|0x0000000085c00000, 0x0000000085d00000, 0x0000000085d00000|100%| O|  |TAMS 0x0000000085c00000| PB 0x0000000085c00000| Untracked 
|  35|0x0000000085d00000, 0x0000000085d6be08, 0x0000000085e00000| 42%| O|  |TAMS 0x0000000085d00000| PB 0x0000000085d00000| Untracked 
|  36|0x0000000085e00000, 0x0000000085e350e0, 0x0000000085f00000| 20%| O|Cm|TAMS 0x0000000085e00000| PB 0x0000000085e00000| Complete 
|  37|0x0000000085f00000, 0x0000000086000000, 0x0000000086000000|100%| O|  |TAMS 0x0000000085f00000| PB 0x0000000085f00000| Untracked 
|  38|0x0000000086000000, 0x0000000086100000, 0x0000000086100000|100%| O|  |TAMS 0x0000000086000000| PB 0x0000000086000000| Untracked 
|  39|0x0000000086100000, 0x0000000086200000, 0x0000000086200000|100%| O|  |TAMS 0x0000000086100000| PB 0x0000000086100000| Untracked 
|  40|0x0000000086200000, 0x0000000086300000, 0x0000000086300000|100%| O|  |TAMS 0x0000000086200000| PB 0x0000000086200000| Untracked 
|  41|0x0000000086300000, 0x0000000086400000, 0x0000000086400000|100%| O|  |TAMS 0x0000000086300000| PB 0x0000000086300000| Untracked 
|  42|0x0000000086400000, 0x0000000086500000, 0x0000000086500000|100%| O|  |TAMS 0x0000000086400000| PB 0x0000000086400000| Untracked 
|  43|0x0000000086500000, 0x000000008656bd00, 0x0000000086600000| 42%| O|  |TAMS 0x0000000086500000| PB 0x0000000086500000| Untracked 
|  44|0x0000000086600000, 0x0000000086600000, 0x0000000086700000|  0%| F|  |TAMS 0x0000000086600000| PB 0x0000000086600000| Untracked 
|  45|0x0000000086700000, 0x0000000086700000, 0x0000000086800000|  0%| F|  |TAMS 0x0000000086700000| PB 0x0000000086700000| Untracked 
|  46|0x0000000086800000, 0x0000000086800000, 0x0000000086900000|  0%| F|  |TAMS 0x0000000086800000| PB 0x0000000086800000| Untracked 
|  47|0x0000000086900000, 0x0000000086900000, 0x0000000086a00000|  0%| F|  |TAMS 0x0000000086900000| PB 0x0000000086900000| Untracked 
|  48|0x0000000086a00000, 0x0000000086a59060, 0x0000000086b00000| 34%| S|CS|TAMS 0x0000000086a00000| PB 0x0000000086a00000| Complete 
|  49|0x0000000086b00000, 0x0000000086c00000, 0x0000000086c00000|100%| S|CS|TAMS 0x0000000086b00000| PB 0x0000000086b00000| Complete 
|  50|0x0000000086c00000, 0x0000000086d00000, 0x0000000086d00000|100%| S|CS|TAMS 0x0000000086c00000| PB 0x0000000086c00000| Complete 
|  51|0x0000000086d00000, 0x0000000086e00000, 0x0000000086e00000|100%| S|CS|TAMS 0x0000000086d00000| PB 0x0000000086d00000| Complete 
|  52|0x0000000086e00000, 0x0000000086f00000, 0x0000000086f00000|100%| S|CS|TAMS 0x0000000086e00000| PB 0x0000000086e00000| Complete 
|  53|0x0000000086f00000, 0x0000000087000000, 0x0000000087000000|100%| S|CS|TAMS 0x0000000086f00000| PB 0x0000000086f00000| Complete 
|  54|0x0000000087000000, 0x0000000087000000, 0x0000000087100000|  0%| F|  |TAMS 0x0000000087000000| PB 0x0000000087000000| Untracked 
|  55|0x0000000087100000, 0x0000000087100000, 0x0000000087200000|  0%| F|  |TAMS 0x0000000087100000| PB 0x0000000087100000| Untracked 
|  56|0x0000000087200000, 0x0000000087200000, 0x0000000087300000|  0%| F|  |TAMS 0x0000000087200000| PB 0x0000000087200000| Untracked 
|  57|0x0000000087300000, 0x0000000087300000, 0x0000000087400000|  0%| F|  |TAMS 0x0000000087300000| PB 0x0000000087300000| Untracked 
|  58|0x0000000087400000, 0x0000000087500000, 0x0000000087500000|100%| S|CS|TAMS 0x0000000087400000| PB 0x0000000087400000| Complete 
|  59|0x0000000087500000, 0x0000000087500000, 0x0000000087600000|  0%| F|  |TAMS 0x0000000087500000| PB 0x0000000087500000| Untracked 
|  60|0x0000000087600000, 0x0000000087600000, 0x0000000087700000|  0%| F|  |TAMS 0x0000000087600000| PB 0x0000000087600000| Untracked 
|  61|0x0000000087700000, 0x0000000087700000, 0x0000000087800000|  0%| F|  |TAMS 0x0000000087700000| PB 0x0000000087700000| Untracked 
|  62|0x0000000087800000, 0x0000000087800000, 0x0000000087900000|  0%| F|  |TAMS 0x0000000087800000| PB 0x0000000087800000| Untracked 
|  63|0x0000000087900000, 0x0000000087900000, 0x0000000087a00000|  0%| F|  |TAMS 0x0000000087900000| PB 0x0000000087900000| Untracked 
|  64|0x0000000087a00000, 0x0000000087a00000, 0x0000000087b00000|  0%| F|  |TAMS 0x0000000087a00000| PB 0x0000000087a00000| Untracked 
|  65|0x0000000087b00000, 0x0000000087b00000, 0x0000000087c00000|  0%| F|  |TAMS 0x0000000087b00000| PB 0x0000000087b00000| Untracked 
|  66|0x0000000087c00000, 0x0000000087c00000, 0x0000000087d00000|  0%| F|  |TAMS 0x0000000087c00000| PB 0x0000000087c00000| Untracked 
|  67|0x0000000087d00000, 0x0000000087d00000, 0x0000000087e00000|  0%| F|  |TAMS 0x0000000087d00000| PB 0x0000000087d00000| Untracked 
|  68|0x0000000087e00000, 0x0000000087e00000, 0x0000000087f00000|  0%| F|  |TAMS 0x0000000087e00000| PB 0x0000000087e00000| Untracked 
|  69|0x0000000087f00000, 0x0000000087f00000, 0x0000000088000000|  0%| F|  |TAMS 0x0000000087f00000| PB 0x0000000087f00000| Untracked 
|  70|0x0000000088000000, 0x0000000088000000, 0x0000000088100000|  0%| F|  |TAMS 0x0000000088000000| PB 0x0000000088000000| Untracked 
|  71|0x0000000088100000, 0x0000000088100000, 0x0000000088200000|  0%| F|  |TAMS 0x0000000088100000| PB 0x0000000088100000| Untracked 
|  72|0x0000000088200000, 0x0000000088200000, 0x0000000088300000|  0%| F|  |TAMS 0x0000000088200000| PB 0x0000000088200000| Untracked 
|  73|0x0000000088300000, 0x0000000088300000, 0x0000000088400000|  0%| F|  |TAMS 0x0000000088300000| PB 0x0000000088300000| Untracked 
|  74|0x0000000088400000, 0x0000000088400000, 0x0000000088500000|  0%| F|  |TAMS 0x0000000088400000| PB 0x0000000088400000| Untracked 
|  75|0x0000000088500000, 0x0000000088500000, 0x0000000088600000|  0%| F|  |TAMS 0x0000000088500000| PB 0x0000000088500000| Untracked 
|  76|0x0000000088600000, 0x0000000088600000, 0x0000000088700000|  0%| F|  |TAMS 0x0000000088600000| PB 0x0000000088600000| Untracked 
|  77|0x0000000088700000, 0x0000000088700000, 0x0000000088800000|  0%| F|  |TAMS 0x0000000088700000| PB 0x0000000088700000| Untracked 
|  78|0x0000000088800000, 0x0000000088800000, 0x0000000088900000|  0%| F|  |TAMS 0x0000000088800000| PB 0x0000000088800000| Untracked 
|  79|0x0000000088900000, 0x0000000088900000, 0x0000000088a00000|  0%| F|  |TAMS 0x0000000088900000| PB 0x0000000088900000| Untracked 
|  80|0x0000000088a00000, 0x0000000088a00000, 0x0000000088b00000|  0%| F|  |TAMS 0x0000000088a00000| PB 0x0000000088a00000| Untracked 
|  81|0x0000000088b00000, 0x0000000088b00000, 0x0000000088c00000|  0%| F|  |TAMS 0x0000000088b00000| PB 0x0000000088b00000| Untracked 
|  82|0x0000000088c00000, 0x0000000088c00000, 0x0000000088d00000|  0%| F|  |TAMS 0x0000000088c00000| PB 0x0000000088c00000| Untracked 
|  83|0x0000000088d00000, 0x0000000088d00000, 0x0000000088e00000|  0%| F|  |TAMS 0x0000000088d00000| PB 0x0000000088d00000| Untracked 
|  84|0x0000000088e00000, 0x0000000088e00000, 0x0000000088f00000|  0%| F|  |TAMS 0x0000000088e00000| PB 0x0000000088e00000| Untracked 
|  85|0x0000000088f00000, 0x0000000088f00000, 0x0000000089000000|  0%| F|  |TAMS 0x0000000088f00000| PB 0x0000000088f00000| Untracked 
|  86|0x0000000089000000, 0x0000000089000000, 0x0000000089100000|  0%| F|  |TAMS 0x0000000089000000| PB 0x0000000089000000| Untracked 
|  87|0x0000000089100000, 0x0000000089100000, 0x0000000089200000|  0%| F|  |TAMS 0x0000000089100000| PB 0x0000000089100000| Untracked 
|  88|0x0000000089200000, 0x0000000089200000, 0x0000000089300000|  0%| F|  |TAMS 0x0000000089200000| PB 0x0000000089200000| Untracked 
|  89|0x0000000089300000, 0x0000000089300000, 0x0000000089400000|  0%| F|  |TAMS 0x0000000089300000| PB 0x0000000089300000| Untracked 
|  90|0x0000000089400000, 0x0000000089400000, 0x0000000089500000|  0%| F|  |TAMS 0x0000000089400000| PB 0x0000000089400000| Untracked 
|  91|0x0000000089500000, 0x0000000089500000, 0x0000000089600000|  0%| F|  |TAMS 0x0000000089500000| PB 0x0000000089500000| Untracked 
|  92|0x0000000089600000, 0x0000000089600000, 0x0000000089700000|  0%| F|  |TAMS 0x0000000089600000| PB 0x0000000089600000| Untracked 
|  93|0x0000000089700000, 0x0000000089700000, 0x0000000089800000|  0%| F|  |TAMS 0x0000000089700000| PB 0x0000000089700000| Untracked 
|  94|0x0000000089800000, 0x0000000089800000, 0x0000000089900000|  0%| F|  |TAMS 0x0000000089800000| PB 0x0000000089800000| Untracked 
|  95|0x0000000089900000, 0x0000000089900000, 0x0000000089a00000|  0%| F|  |TAMS 0x0000000089900000| PB 0x0000000089900000| Untracked 
|  96|0x0000000089a00000, 0x0000000089aa0278, 0x0000000089b00000| 62%| E|  |TAMS 0x0000000089a00000| PB 0x0000000089a00000| Complete 
|  97|0x0000000089b00000, 0x0000000089c00000, 0x0000000089c00000|100%| E|CS|TAMS 0x0000000089b00000| PB 0x0000000089b00000| Complete 
|  98|0x0000000089c00000, 0x0000000089d00000, 0x0000000089d00000|100%| E|CS|TAMS 0x0000000089c00000| PB 0x0000000089c00000| Complete 
|  99|0x0000000089d00000, 0x0000000089e00000, 0x0000000089e00000|100%| E|CS|TAMS 0x0000000089d00000| PB 0x0000000089d00000| Complete 
| 100|0x0000000089e00000, 0x0000000089f00000, 0x0000000089f00000|100%| E|CS|TAMS 0x0000000089e00000| PB 0x0000000089e00000| Complete 
| 101|0x0000000089f00000, 0x000000008a000000, 0x000000008a000000|100%| E|CS|TAMS 0x0000000089f00000| PB 0x0000000089f00000| Complete 
| 102|0x000000008a000000, 0x000000008a100000, 0x000000008a100000|100%| E|CS|TAMS 0x000000008a000000| PB 0x000000008a000000| Complete 
| 103|0x000000008a100000, 0x000000008a200000, 0x000000008a200000|100%| E|CS|TAMS 0x000000008a100000| PB 0x000000008a100000| Complete 
| 104|0x000000008a200000, 0x000000008a300000, 0x000000008a300000|100%| E|CS|TAMS 0x000000008a200000| PB 0x000000008a200000| Complete 
| 105|0x000000008a300000, 0x000000008a400000, 0x000000008a400000|100%| E|CS|TAMS 0x000000008a300000| PB 0x000000008a300000| Complete 
| 106|0x000000008a400000, 0x000000008a500000, 0x000000008a500000|100%| E|CS|TAMS 0x000000008a400000| PB 0x000000008a400000| Complete 
| 107|0x000000008a500000, 0x000000008a600000, 0x000000008a600000|100%| E|CS|TAMS 0x000000008a500000| PB 0x000000008a500000| Complete 
| 125|0x000000008b700000, 0x000000008b800000, 0x000000008b800000|100%| E|CS|TAMS 0x000000008b700000| PB 0x000000008b700000| Complete 
|1985|0x00000000ffb00000, 0x00000000ffc00000, 0x00000000ffc00000|100%| E|CS|TAMS 0x00000000ffb00000| PB 0x00000000ffb00000| Complete 
|1986|0x00000000ffc00000, 0x00000000ffd00000, 0x00000000ffd00000|100%| E|CS|TAMS 0x00000000ffc00000| PB 0x00000000ffc00000| Complete 
|1987|0x00000000ffd00000, 0x00000000ffe00000, 0x00000000ffe00000|100%| E|CS|TAMS 0x00000000ffd00000| PB 0x00000000ffd00000| Complete 
|1988|0x00000000ffe00000, 0x00000000fff00000, 0x00000000fff00000|100%| E|CS|TAMS 0x00000000ffe00000| PB 0x00000000ffe00000| Complete 
|1989|0x00000000fff00000, 0x0000000100000000, 0x0000000100000000|100%| E|CS|TAMS 0x00000000fff00000| PB 0x00000000fff00000| Complete 

Card table byte_map: [0x00000197303c0000,0x00000197307b0000] _byte_map_base: 0x000001972ffa3000

Marking Bits: (CMBitMap*) 0x000001971d34fc10
 Bits: [0x00000197307b0000, 0x00000197326c8000)

Polling page: 0x000001971b2c0000

Metaspace:

Usage:
  Non-class:     79.89 MB used.
      Class:     11.74 MB used.
       Both:     91.63 MB used.

Virtual space:
  Non-class space:      128.00 MB reserved,      80.38 MB ( 63%) committed,  2 nodes.
      Class space:        1.00 GB reserved,      12.12 MB (  1%) committed,  1 nodes.
             Both:        1.12 GB reserved,      92.50 MB (  8%) committed. 

Chunk freelists:
   Non-Class:  15.68 MB
       Class:  3.81 MB
        Both:  19.50 MB

MaxMetaspaceSize: unlimited
CompressedClassSpaceSize: 1.00 GB
Initial GC threshold: 21.00 MB
Current GC threshold: 153.44 MB
CDS: on
 - commit_granule_bytes: 65536.
 - commit_granule_words: 8192.
 - virtual_space_node_default_size: 8388608.
 - enlarge_chunks_in_place: 1.
 - use_allocation_guard: 0.


Internal statistics:

num_allocs_failed_limit: 12.
num_arena_births: 1816.
num_arena_deaths: 604.
num_vsnodes_births: 3.
num_vsnodes_deaths: 0.
num_space_committed: 1480.
num_space_uncommitted: 0.
num_chunks_returned_to_freelist: 684.
num_chunks_taken_from_freelist: 5656.
num_chunk_merges: 156.
num_chunk_splits: 3607.
num_chunks_enlarged: 2615.
num_inconsistent_stats: 0.

CodeHeap 'non-profiled nmethods': size=120000Kb used=7491Kb max_used=7915Kb free=112508Kb
 bounds [0x0000019728760000, 0x0000019728f20000, 0x000001972fc90000]
CodeHeap 'profiled nmethods': size=120000Kb used=17172Kb max_used=19357Kb free=102827Kb
 bounds [0x0000019720c90000, 0x0000019721f80000, 0x00000197281c0000]
CodeHeap 'non-nmethods': size=5760Kb used=2040Kb max_used=2108Kb free=3719Kb
 bounds [0x00000197281c0000, 0x0000019728430000, 0x0000019728760000]
 total_blobs=9949 nmethods=9146 adapters=705
 compilation: enabled
              stopped_count=0, restarted_count=0
 full_count=0

Compilation events (20 events):
Event: 3622.491 Thread 0x0000019735107900 nmethod 19114 0x0000019721ac8f90 code [0x0000019721ac9420, 0x0000019721acb8a8]
Event: 3622.491 Thread 0x0000019735107900 19115       3       org.springframework.util.ReflectionUtils::makeAccessible (46 bytes)
Event: 3622.492 Thread 0x000001977e3923e0 19090       4       java.lang.reflect.Method::toShortSignature (78 bytes)
Event: 3622.492 Thread 0x0000019735107900 nmethod 19115 0x0000019720f18390 code [0x0000019720f185c0, 0x0000019720f18e68]
Event: 3622.494 Thread 0x0000019735107900 19118       1       org.springframework.data.mapping.PropertyPath::getSegment (5 bytes)
Event: 3622.495 Thread 0x0000019735107900 nmethod 19118 0x0000019728cdbe90 code [0x0000019728cdc020, 0x0000019728cdc0e8]
Event: 3622.495 Thread 0x0000019735107900 19119       3       org.hibernate.query.sqm.tree.SqmTypedNode::getExpressible (7 bytes)
Event: 3622.495 Thread 0x0000019735107900 nmethod 19119 0x0000019721212b10 code [0x0000019721212cc0, 0x0000019721212e88]
Event: 3622.495 Thread 0x0000019735107900 19120       3       org.hibernate.internal.SessionFactoryImpl::getJpaMetamodel (10 bytes)
Event: 3622.495 Thread 0x0000019735107900 nmethod 19120 0x0000019721216d90 code [0x0000019721216f40, 0x00000197212170c0]
Event: 3622.500 Thread 0x0000019735107900 19123       3       org.springframework.beans.factory.support.DefaultListableBeanFactory::hasPrimaryConflict (89 bytes)
Event: 3622.502 Thread 0x0000019735107900 nmethod 19123 0x000001972163c490 code [0x000001972163c700, 0x000001972163d4d8]
Event: 3622.502 Thread 0x0000019735107900 19124       3       org.springframework.asm.Attribute::read (34 bytes)
Event: 3622.502 Thread 0x0000019735107900 nmethod 19124 0x0000019721131b10 code [0x0000019721131d00, 0x00000197211321c8]
Event: 3622.502 Thread 0x0000019735107900 19122       3       org.springframework.beans.factory.support.DefaultListableBeanFactory::isFallback (57 bytes)
Event: 3622.503 Thread 0x0000019735107900 nmethod 19122 0x0000019721a4cd90 code [0x0000019721a4d000, 0x0000019721a4dd58]
Event: 3622.506 Thread 0x0000019735107900 19125       3       org.hibernate.internal.SessionFactoryImpl::getCurrentTenantIdentifierResolver (10 bytes)
Event: 3622.507 Thread 0x0000019735107900 nmethod 19125 0x00000197212f3110 code [0x00000197212f32c0, 0x00000197212f3468]
Event: 3622.508 Thread 0x0000019735107900 19126       3       org.hibernate.query.sqm.tree.domain.SqmSingularJoin::getModel (8 bytes)
Event: 3622.509 Thread 0x0000019735107900 nmethod 19126 0x0000019721594a10 code [0x0000019721594be0, 0x0000019721594fe0]

GC Heap History (20 events):
Event: 2608.464 GC heap before
{Heap before GC invocations=38 (full 1):
 garbage-first heap   total 116736K, used 100953K [0x0000000083a00000, 0x0000000100000000)
  region size 1024K, 45 young (46080K), 2 survivors (2048K)
 Metaspace       used 91045K, committed 91904K, reserved 1179648K
  class space    used 11844K, committed 12288K, reserved 1048576K
}
Event: 2608.466 GC heap after
{Heap after GC invocations=39 (full 1):
 garbage-first heap   total 116736K, used 55629K [0x0000000083a00000, 0x0000000100000000)
  region size 1024K, 1 young (1024K), 1 survivors (1024K)
 Metaspace       used 91045K, committed 91904K, reserved 1179648K
  class space    used 11844K, committed 12288K, reserved 1048576K
}
Event: 2608.482 GC heap before
{Heap before GC invocations=39 (full 1):
 garbage-first heap   total 116736K, used 57677K [0x0000000083a00000, 0x0000000100000000)
  region size 1024K, 4 young (4096K), 1 survivors (1024K)
 Metaspace       used 91045K, committed 91904K, reserved 1179648K
  class space    used 11844K, committed 12288K, reserved 1048576K
}
Event: 2608.484 GC heap after
{Heap after GC invocations=40 (full 1):
 garbage-first heap   total 116736K, used 56229K [0x0000000083a00000, 0x0000000100000000)
  region size 1024K, 2 young (2048K), 2 survivors (2048K)
 Metaspace       used 91045K, committed 91904K, reserved 1179648K
  class space    used 11844K, committed 12288K, reserved 1048576K
}
Event: 2608.810 GC heap before
{Heap before GC invocations=41 (full 1):
 garbage-first heap   total 116736K, used 97189K [0x0000000083a00000, 0x0000000100000000)
  region size 1024K, 43 young (44032K), 2 survivors (2048K)
 Metaspace       used 91157K, committed 92096K, reserved 1179648K
  class space    used 11864K, committed 12288K, reserved 1048576K
}
Event: 2608.814 GC heap after
{Heap after GC invocations=42 (full 1):
 garbage-first heap   total 116736K, used 53838K [0x0000000083a00000, 0x0000000100000000)
  region size 1024K, 1 young (1024K), 1 survivors (1024K)
 Metaspace       used 91157K, committed 92096K, reserved 1179648K
  class space    used 11864K, committed 12288K, reserved 1048576K
}
Event: 2876.660 GC heap before
{Heap before GC invocations=42 (full 1):
 garbage-first heap   total 116736K, used 100942K [0x0000000083a00000, 0x0000000100000000)
  region size 1024K, 47 young (48128K), 1 survivors (1024K)
 Metaspace       used 91389K, committed 92288K, reserved 1179648K
  class space    used 11880K, committed 12288K, reserved 1048576K
}
Event: 2876.665 GC heap after
{Heap after GC invocations=43 (full 1):
 garbage-first heap   total 116736K, used 47041K [0x0000000083a00000, 0x0000000100000000)
  region size 1024K, 2 young (2048K), 2 survivors (2048K)
 Metaspace       used 91389K, committed 92288K, reserved 1179648K
  class space    used 11880K, committed 12288K, reserved 1048576K
}
Event: 3286.777 GC heap before
{Heap before GC invocations=43 (full 1):
 garbage-first heap   total 116736K, used 100289K [0x0000000083a00000, 0x0000000100000000)
  region size 1024K, 54 young (55296K), 2 survivors (2048K)
 Metaspace       used 91389K, committed 92288K, reserved 1179648K
  class space    used 11880K, committed 12288K, reserved 1048576K
}
Event: 3286.782 GC heap after
{Heap after GC invocations=44 (full 1):
 garbage-first heap   total 116736K, used 47094K [0x0000000083a00000, 0x0000000100000000)
  region size 1024K, 2 young (2048K), 2 survivors (2048K)
 Metaspace       used 91389K, committed 92288K, reserved 1179648K
  class space    used 11880K, committed 12288K, reserved 1048576K
}
Event: 3611.052 GC heap before
{Heap before GC invocations=45 (full 1):
 garbage-first heap   total 116736K, used 90102K [0x0000000083a00000, 0x0000000100000000)
  region size 1024K, 45 young (46080K), 2 survivors (2048K)
 Metaspace       used 91302K, committed 92288K, reserved 1179648K
  class space    used 11856K, committed 12288K, reserved 1048576K
}
Event: 3611.147 GC heap after
{Heap after GC invocations=46 (full 2):
 garbage-first heap   total 116736K, used 33860K [0x0000000083a00000, 0x0000000100000000)
  region size 1024K, 0 young (0K), 0 survivors (0K)
 Metaspace       used 91302K, committed 92288K, reserved 1179648K
  class space    used 11856K, committed 12288K, reserved 1048576K
}
Event: 3613.422 GC heap before
{Heap before GC invocations=46 (full 2):
 garbage-first heap   total 116736K, used 100420K [0x0000000083a00000, 0x0000000100000000)
  region size 1024K, 65 young (66560K), 0 survivors (0K)
 Metaspace       used 91630K, committed 92480K, reserved 1179648K
  class space    used 11894K, committed 12288K, reserved 1048576K
}
Event: 3613.430 GC heap after
{Heap after GC invocations=47 (full 2):
 garbage-first heap   total 116736K, used 38951K [0x0000000083a00000, 0x0000000100000000)
  region size 1024K, 5 young (5120K), 5 survivors (5120K)
 Metaspace       used 91630K, committed 92480K, reserved 1179648K
  class space    used 11894K, committed 12288K, reserved 1048576K
}
Event: 3617.076 GC heap before
{Heap before GC invocations=48 (full 2):
 garbage-first heap   total 116736K, used 99367K [0x0000000083a00000, 0x0000000100000000)
  region size 1024K, 65 young (66560K), 5 survivors (5120K)
 Metaspace       used 92267K, committed 93120K, reserved 1179648K
  class space    used 11936K, committed 12352K, reserved 1048576K
}
Event: 3617.090 GC heap after
{Heap after GC invocations=49 (full 2):
 garbage-first heap   total 116736K, used 42665K [0x0000000083a00000, 0x0000000100000000)
  region size 1024K, 5 young (5120K), 5 survivors (5120K)
 Metaspace       used 92267K, committed 93120K, reserved 1179648K
  class space    used 11936K, committed 12352K, reserved 1048576K
}
Event: 3620.368 GC heap before
{Heap before GC invocations=49 (full 2):
 garbage-first heap   total 116736K, used 100009K [0x0000000083a00000, 0x0000000100000000)
  region size 1024K, 61 young (62464K), 5 survivors (5120K)
 Metaspace       used 92930K, committed 93888K, reserved 1179648K
  class space    used 11967K, committed 12416K, reserved 1048576K
}
Event: 3620.377 GC heap after
{Heap after GC invocations=50 (full 2):
 garbage-first heap   total 116736K, used 45174K [0x0000000083a00000, 0x0000000100000000)
  region size 1024K, 4 young (4096K), 4 survivors (4096K)
 Metaspace       used 92930K, committed 93888K, reserved 1179648K
  class space    used 11967K, committed 12416K, reserved 1048576K
}
Event: 3621.351 GC heap before
{Heap before GC invocations=50 (full 2):
 garbage-first heap   total 116736K, used 100470K [0x0000000083a00000, 0x0000000100000000)
  region size 1024K, 59 young (60416K), 4 survivors (4096K)
 Metaspace       used 93342K, committed 94208K, reserved 1179648K
  class space    used 11999K, committed 12416K, reserved 1048576K
}
Event: 3621.357 GC heap after
{Heap after GC invocations=51 (full 2):
 garbage-first heap   total 116736K, used 47844K [0x0000000083a00000, 0x0000000100000000)
  region size 1024K, 7 young (7168K), 7 survivors (7168K)
 Metaspace       used 93342K, committed 94208K, reserved 1179648K
  class space    used 11999K, committed 12416K, reserved 1048576K
}

Dll operation events (11 events):
Event: 0.006 Loaded shared library C:\Users\DELL\.p2\pool\plugins\org.eclipse.justj.openjdk.hotspot.jre.full.win32.x86_64_21.0.6.v20250130-0529\jre\bin\java.dll
Event: 0.034 Loaded shared library C:\Users\DELL\.p2\pool\plugins\org.eclipse.justj.openjdk.hotspot.jre.full.win32.x86_64_21.0.6.v20250130-0529\jre\bin\zip.dll
Event: 0.105 Loaded shared library C:\Users\DELL\.p2\pool\plugins\org.eclipse.justj.openjdk.hotspot.jre.full.win32.x86_64_21.0.6.v20250130-0529\jre\bin\net.dll
Event: 0.107 Loaded shared library C:\Users\DELL\.p2\pool\plugins\org.eclipse.justj.openjdk.hotspot.jre.full.win32.x86_64_21.0.6.v20250130-0529\jre\bin\nio.dll
Event: 0.109 Loaded shared library C:\Users\DELL\.p2\pool\plugins\org.eclipse.justj.openjdk.hotspot.jre.full.win32.x86_64_21.0.6.v20250130-0529\jre\bin\zip.dll
Event: 0.217 Loaded shared library C:\Users\DELL\.p2\pool\plugins\org.eclipse.justj.openjdk.hotspot.jre.full.win32.x86_64_21.0.6.v20250130-0529\jre\bin\jimage.dll
Event: 0.428 Loaded shared library C:\Users\DELL\.p2\pool\plugins\org.eclipse.justj.openjdk.hotspot.jre.full.win32.x86_64_21.0.6.v20250130-0529\jre\bin\management.dll
Event: 0.432 Loaded shared library C:\Users\DELL\.p2\pool\plugins\org.eclipse.justj.openjdk.hotspot.jre.full.win32.x86_64_21.0.6.v20250130-0529\jre\bin\management_ext.dll
Event: 1.354 Loaded shared library C:\Users\DELL\.p2\pool\plugins\org.eclipse.justj.openjdk.hotspot.jre.full.win32.x86_64_21.0.6.v20250130-0529\jre\bin\sunmscapi.dll
Event: 4.730 Loaded shared library C:\Users\DELL\.p2\pool\plugins\org.eclipse.justj.openjdk.hotspot.jre.full.win32.x86_64_21.0.6.v20250130-0529\jre\bin\verify.dll
Event: 5.095 Loaded shared library C:\Users\DELL\.p2\pool\plugins\org.eclipse.justj.openjdk.hotspot.jre.full.win32.x86_64_21.0.6.v20250130-0529\jre\bin\extnet.dll

Deoptimization events (20 events):
Event: 3621.342 Thread 0x000001977d915e70 Uncommon trap: trap_request=0xffffffbe fr.pc=0x0000019728f02d24 relative=0x0000000000001024
Event: 3621.342 Thread 0x000001977d915e70 Uncommon trap: reason=profile_predicate action=maybe_recompile pc=0x0000019728f02d24 method=net.bytebuddy.implementation.bytecode.StackManipulation$Compound.<init>(Ljava/util/List;)V @ 28 c2
Event: 3621.342 Thread 0x000001977d915e70 DEOPT PACKING pc=0x0000019728f02d24 sp=0x0000006fd7afc840
Event: 3621.342 Thread 0x000001977d915e70 DEOPT UNPACKING pc=0x0000019728217da2 sp=0x0000006fd7afc810 mode 2
Event: 3621.342 Thread 0x000001977d915e70 Uncommon trap: trap_request=0xffffffbe fr.pc=0x0000019728f02d24 relative=0x0000000000001024
Event: 3621.342 Thread 0x000001977d915e70 Uncommon trap: reason=profile_predicate action=maybe_recompile pc=0x0000019728f02d24 method=net.bytebuddy.implementation.bytecode.StackManipulation$Compound.<init>(Ljava/util/List;)V @ 28 c2
Event: 3621.342 Thread 0x000001977d915e70 DEOPT PACKING pc=0x0000019728f02d24 sp=0x0000006fd7afca60
Event: 3621.342 Thread 0x000001977d915e70 DEOPT UNPACKING pc=0x0000019728217da2 sp=0x0000006fd7afca30 mode 2
Event: 3621.342 Thread 0x000001977d915e70 Uncommon trap: trap_request=0xffffffbe fr.pc=0x0000019728f02d24 relative=0x0000000000001024
Event: 3621.342 Thread 0x000001977d915e70 Uncommon trap: reason=profile_predicate action=maybe_recompile pc=0x0000019728f02d24 method=net.bytebuddy.implementation.bytecode.StackManipulation$Compound.<init>(Ljava/util/List;)V @ 28 c2
Event: 3621.342 Thread 0x000001977d915e70 DEOPT PACKING pc=0x0000019728f02d24 sp=0x0000006fd7afc9d0
Event: 3621.342 Thread 0x000001977d915e70 DEOPT UNPACKING pc=0x0000019728217da2 sp=0x0000006fd7afc9a0 mode 2
Event: 3621.342 Thread 0x000001977d915e70 Uncommon trap: trap_request=0xffffffbe fr.pc=0x0000019728f02d24 relative=0x0000000000001024
Event: 3621.342 Thread 0x000001977d915e70 Uncommon trap: reason=profile_predicate action=maybe_recompile pc=0x0000019728f02d24 method=net.bytebuddy.implementation.bytecode.StackManipulation$Compound.<init>(Ljava/util/List;)V @ 28 c2
Event: 3621.342 Thread 0x000001977d915e70 DEOPT PACKING pc=0x0000019728f02d24 sp=0x0000006fd7afc9b0
Event: 3621.342 Thread 0x000001977d915e70 DEOPT UNPACKING pc=0x0000019728217da2 sp=0x0000006fd7afc980 mode 2
Event: 3621.500 Thread 0x000001977d91ba50 DEOPT PACKING pc=0x00000197211db2c3 sp=0x0000006fd80fd980
Event: 3621.500 Thread 0x000001977d91ba50 DEOPT UNPACKING pc=0x00000197282188e2 sp=0x0000006fd80fcdf8 mode 0
Event: 3621.631 Thread 0x000001977d915e70 DEOPT PACKING pc=0x0000019721c93249 sp=0x0000006fd7afcd90
Event: 3621.631 Thread 0x000001977d915e70 DEOPT UNPACKING pc=0x00000197282188e2 sp=0x0000006fd7afc408 mode 0

Classes loaded (20 events):
Event: 2385.538 Loading class java/io/PrintWriter$1
Event: 2385.538 Loading class jdk/internal/access/JavaIOPrintWriterAccess
Event: 2385.538 Loading class jdk/internal/access/JavaIOPrintWriterAccess done
Event: 2385.538 Loading class java/io/PrintWriter$1 done
Event: 2385.538 Loading class java/lang/Throwable$WrappedPrintWriter
Event: 2385.538 Loading class java/lang/Throwable$PrintStreamOrWriter
Event: 2385.538 Loading class java/lang/Throwable$PrintStreamOrWriter done
Event: 2385.538 Loading class java/lang/Throwable$WrappedPrintWriter done
Event: 2399.788 Loading class java/util/stream/ReduceOps$6
Event: 2399.789 Loading class java/util/stream/ReduceOps$6 done
Event: 2399.789 Loading class java/util/stream/ReduceOps$5ReducingSink
Event: 2399.789 Loading class java/util/stream/ReduceOps$5ReducingSink done
Event: 2596.688 Loading class java/util/concurrent/locks/AbstractQueuedSynchronizer$SharedNode
Event: 2596.688 Loading class java/util/concurrent/locks/AbstractQueuedSynchronizer$SharedNode done
Event: 2596.763 Loading class java/lang/ref/Finalizer$2
Event: 2596.763 Loading class java/lang/ref/Finalizer$2 done
Event: 2596.763 Loading class java/lang/ref/Finalizer$1
Event: 2596.764 Loading class java/lang/ref/Finalizer$1 done
Event: 2606.959 Loading class java/time/DurationEditor
Event: 2606.959 Loading class java/time/DurationEditor done

Classes unloaded (20 events):
Event: 3286.830 Thread 0x00000197350d3150 Unloading class 0x00000197373a8c00 'java/lang/invoke/LambdaForm$MH+0x00000197373a8c00'
Event: 3286.830 Thread 0x00000197350d3150 Unloading class 0x000001973738a400 'java/lang/invoke/LambdaForm$MH+0x000001973738a400'
Event: 3286.830 Thread 0x00000197350d3150 Unloading class 0x0000019737389800 'java/lang/invoke/LambdaForm$MH+0x0000019737389800'
Event: 3286.830 Thread 0x00000197350d3150 Unloading class 0x0000019737389000 'java/lang/invoke/LambdaForm$MH+0x0000019737389000'
Event: 3286.830 Thread 0x00000197350d3150 Unloading class 0x0000019737370c00 'java/lang/invoke/LambdaForm$MH+0x0000019737370c00'
Event: 3286.830 Thread 0x00000197350d3150 Unloading class 0x0000019737361000 'java/lang/invoke/LambdaForm$MH+0x0000019737361000'
Event: 3286.830 Thread 0x00000197350d3150 Unloading class 0x0000019737351c00 'java/lang/invoke/LambdaForm$MH+0x0000019737351c00'
Event: 3286.830 Thread 0x00000197350d3150 Unloading class 0x000001973734c400 'java/lang/invoke/LambdaForm$MH+0x000001973734c400'
Event: 3286.830 Thread 0x00000197350d3150 Unloading class 0x00000197370d0800 'java/lang/invoke/LambdaForm$MH+0x00000197370d0800'
Event: 3613.508 Thread 0x00000197350d3150 Unloading class 0x0000019737bf1400 'java/lang/invoke/LambdaForm$MH+0x0000019737bf1400'
Event: 3613.508 Thread 0x00000197350d3150 Unloading class 0x0000019737bf0800 'java/lang/invoke/LambdaForm$MH+0x0000019737bf0800'
Event: 3613.508 Thread 0x00000197350d3150 Unloading class 0x0000019737bf0400 'java/lang/invoke/LambdaForm$MH+0x0000019737bf0400'
Event: 3613.508 Thread 0x00000197350d3150 Unloading class 0x0000019737bf0000 'java/lang/invoke/LambdaForm$MH+0x0000019737bf0000'
Event: 3613.508 Thread 0x00000197350d3150 Unloading class 0x0000019737be9c00 'java/lang/invoke/LambdaForm$MH+0x0000019737be9c00'
Event: 3613.508 Thread 0x00000197350d3150 Unloading class 0x0000019737be9000 'java/lang/invoke/LambdaForm$MH+0x0000019737be9000'
Event: 3613.508 Thread 0x00000197350d3150 Unloading class 0x0000019737be8c00 'java/lang/invoke/LambdaForm$MH+0x0000019737be8c00'
Event: 3613.508 Thread 0x00000197350d3150 Unloading class 0x0000019737be8800 'java/lang/invoke/LambdaForm$MH+0x0000019737be8800'
Event: 3621.424 Thread 0x00000197350d3150 Unloading class 0x0000019737be9c00 'jdk/internal/reflect/GeneratedSerializationConstructorAccessor5'
Event: 3621.424 Thread 0x00000197350d3150 Unloading class 0x0000019737351400 'java/lang/invoke/LambdaForm$MH+0x0000019737351400'
Event: 3621.424 Thread 0x00000197350d3150 Unloading class 0x00000197371a4400 'java/lang/invoke/LambdaForm$MH+0x00000197371a4400'

Classes redefined (0 events):
No events

Internal exceptions (20 events):
Event: 3621.031 Thread 0x000001977d915e70 Exception <a 'java/io/IOException'{0x000000008856e878}> (0x000000008856e878) 
thrown [s\src\hotspot\share\prims\jni.cpp, line 520]
Event: 3621.031 Thread 0x000001977d915e70 Exception <a 'java/io/IOException'{0x000000008856f0f0}> (0x000000008856f0f0) 
thrown [s\src\hotspot\share\prims\jni.cpp, line 520]
Event: 3621.074 Thread 0x000001977d915e70 Exception <a 'java/io/IOException'{0x00000000881d94f8}> (0x00000000881d94f8) 
thrown [s\src\hotspot\share\prims\jni.cpp, line 520]
Event: 3621.074 Thread 0x000001977d915e70 Exception <a 'java/io/IOException'{0x00000000881d9ac0}> (0x00000000881d9ac0) 
thrown [s\src\hotspot\share\prims\jni.cpp, line 520]
Event: 3621.079 Thread 0x000001977d915e70 Exception <a 'java/io/IOException'{0x00000000881fe978}> (0x00000000881fe978) 
thrown [s\src\hotspot\share\prims\jni.cpp, line 520]
Event: 3621.079 Thread 0x000001977d915e70 Exception <a 'java/io/IOException'{0x00000000881fef40}> (0x00000000881fef40) 
thrown [s\src\hotspot\share\prims\jni.cpp, line 520]
Event: 3621.099 Thread 0x000001977d915e70 Exception <a 'java/io/IOException'{0x00000000880f7bc8}> (0x00000000880f7bc8) 
thrown [s\src\hotspot\share\prims\jni.cpp, line 520]
Event: 3621.099 Thread 0x000001977d915e70 Exception <a 'java/io/IOException'{0x00000000880f8190}> (0x00000000880f8190) 
thrown [s\src\hotspot\share\prims\jni.cpp, line 520]
Event: 3621.101 Thread 0x000001977d915e70 Exception <a 'java/io/IOException'{0x0000000087f013f8}> (0x0000000087f013f8) 
thrown [s\src\hotspot\share\prims\jni.cpp, line 520]
Event: 3621.101 Thread 0x000001977d915e70 Exception <a 'java/io/IOException'{0x0000000087f019c0}> (0x0000000087f019c0) 
thrown [s\src\hotspot\share\prims\jni.cpp, line 520]
Event: 3621.124 Thread 0x000001977d915e70 Exception <a 'java/io/IOException'{0x0000000087f613e0}> (0x0000000087f613e0) 
thrown [s\src\hotspot\share\prims\jni.cpp, line 520]
Event: 3621.124 Thread 0x000001977d915e70 Exception <a 'java/io/IOException'{0x0000000087f61c58}> (0x0000000087f61c58) 
thrown [s\src\hotspot\share\prims\jni.cpp, line 520]
Event: 3621.125 Thread 0x000001977d915e70 Exception <a 'java/io/IOException'{0x0000000087f63bb8}> (0x0000000087f63bb8) 
thrown [s\src\hotspot\share\prims\jni.cpp, line 520]
Event: 3621.125 Thread 0x000001977d915e70 Exception <a 'java/io/IOException'{0x0000000087f64180}> (0x0000000087f64180) 
thrown [s\src\hotspot\share\prims\jni.cpp, line 520]
Event: 3621.127 Thread 0x000001977d915e70 Exception <a 'java/io/IOException'{0x0000000087f72a58}> (0x0000000087f72a58) 
thrown [s\src\hotspot\share\prims\jni.cpp, line 520]
Event: 3621.128 Thread 0x000001977d915e70 Exception <a 'java/io/IOException'{0x0000000087f73020}> (0x0000000087f73020) 
thrown [s\src\hotspot\share\prims\jni.cpp, line 520]
Event: 3621.624 Thread 0x000001977d915e70 Exception <a 'java/io/IOException'{0x000000008b789778}> (0x000000008b789778) 
thrown [s\src\hotspot\share\prims\jni.cpp, line 520]
Event: 3621.624 Thread 0x000001977d915e70 Exception <a 'java/io/IOException'{0x000000008b789ff0}> (0x000000008b789ff0) 
thrown [s\src\hotspot\share\prims\jni.cpp, line 520]
Event: 3622.404 Thread 0x000001977d915e70 Exception <a 'java/io/IOException'{0x000000008a4d32c0}> (0x000000008a4d32c0) 
thrown [s\src\hotspot\share\prims\jni.cpp, line 520]
Event: 3622.404 Thread 0x000001977d915e70 Exception <a 'java/io/IOException'{0x000000008a4d3888}> (0x000000008a4d3888) 
thrown [s\src\hotspot\share\prims\jni.cpp, line 520]

ZGC Phase Switch (0 events):
No events

VM Operations (20 events):
Event: 3616.571 Executing VM operation: Cleanup
Event: 3616.571 Executing VM operation: Cleanup done
Event: 3617.076 Executing VM operation: G1CollectForAllocation (G1 Evacuation Pause)
Event: 3617.090 Executing VM operation: G1CollectForAllocation (G1 Evacuation Pause) done
Event: 3617.524 Executing VM operation: ICBufferFull
Event: 3617.524 Executing VM operation: ICBufferFull done
Event: 3618.032 Executing VM operation: ICBufferFull
Event: 3618.032 Executing VM operation: ICBufferFull done
Event: 3619.035 Executing VM operation: Cleanup
Event: 3619.035 Executing VM operation: Cleanup done
Event: 3620.368 Executing VM operation: G1CollectForAllocation (G1 Evacuation Pause)
Event: 3620.377 Executing VM operation: G1CollectForAllocation (G1 Evacuation Pause) done
Event: 3621.351 Executing VM operation: G1CollectForAllocation (G1 Evacuation Pause)
Event: 3621.358 Executing VM operation: G1CollectForAllocation (G1 Evacuation Pause) done
Event: 3621.423 Executing VM operation: G1PauseRemark
Event: 3621.446 Executing VM operation: G1PauseRemark done
Event: 3621.481 Executing VM operation: G1PauseCleanup
Event: 3621.482 Executing VM operation: G1PauseCleanup done
Event: 3622.486 Executing VM operation: Cleanup
Event: 3622.486 Executing VM operation: Cleanup done

Memory protections (0 events):
No events

Nmethod flushes (20 events):
Event: 3621.443 Thread 0x00000197350d3150 flushing  nmethod 0x0000019721425e10
Event: 3621.443 Thread 0x00000197350d3150 flushing  nmethod 0x0000019721460610
Event: 3621.443 Thread 0x00000197350d3150 flushing  nmethod 0x00000197214fa810
Event: 3621.443 Thread 0x00000197350d3150 flushing  nmethod 0x00000197214fb710
Event: 3621.443 Thread 0x00000197350d3150 flushing  nmethod 0x0000019721504510
Event: 3621.443 Thread 0x00000197350d3150 flushing  nmethod 0x0000019721517490
Event: 3621.443 Thread 0x00000197350d3150 flushing  nmethod 0x00000197216c0e10
Event: 3621.443 Thread 0x00000197350d3150 flushing  nmethod 0x0000019721842a90
Event: 3621.443 Thread 0x00000197350d3150 flushing  nmethod 0x0000019721842f10
Event: 3621.443 Thread 0x00000197350d3150 flushing  nmethod 0x0000019721867210
Event: 3621.443 Thread 0x00000197350d3150 flushing  nmethod 0x00000197218a0e10
Event: 3621.443 Thread 0x00000197350d3150 flushing  nmethod 0x00000197218a1810
Event: 3621.443 Thread 0x00000197350d3150 flushing  nmethod 0x0000019721904910
Event: 3621.443 Thread 0x00000197350d3150 flushing  nmethod 0x0000019721a17910
Event: 3621.443 Thread 0x00000197350d3150 flushing  nmethod 0x0000019721a5a610
Event: 3621.443 Thread 0x00000197350d3150 flushing  nmethod 0x0000019721ac8f90
Event: 3621.443 Thread 0x00000197350d3150 flushing  nmethod 0x0000019721acf810
Event: 3621.443 Thread 0x00000197350d3150 flushing  nmethod 0x0000019721dbc690
Event: 3621.443 Thread 0x00000197350d3150 flushing  nmethod 0x0000019721f75910
Event: 3621.443 Thread 0x00000197350d3150 flushing  nmethod 0x0000019721f78110

Events (20 events):
Event: 3618.212 Thread 0x000001977d91a010 Thread exited: 0x000001977d91a010
Event: 3618.212 Thread 0x000001977d914ac0 Thread exited: 0x000001977d914ac0
Event: 3618.212 Thread 0x000001977d9157e0 Thread exited: 0x000001977d9157e0
Event: 3618.237 Thread 0x000001977d91ba50 Thread exited: 0x000001977d91ba50
Event: 3618.238 Thread 0x000001977d914430 Thread added: 0x000001977d9185d0
Event: 3620.167 Thread 0x000001977d914430 Thread added: 0x000001977d915e70
Event: 3620.174 Thread 0x0000019735cf91e0 Thread exited: 0x0000019735cf91e0
Event: 3620.174 Thread 0x0000019735cf8b10 Thread exited: 0x0000019735cf8b10
Event: 3620.194 Thread 0x0000019735107900 Thread added: 0x000001977e393180
Event: 3620.280 Thread 0x000001977d915e70 Thread added: 0x000001977d91a010
Event: 3620.327 Thread 0x000001977d91a010 Thread exited: 0x000001977d91a010
Event: 3620.807 Thread 0x0000019735107900 Thread added: 0x000001977e391d10
Event: 3621.032 Thread 0x000001977d915e70 Thread added: 0x000001977d918c60
Event: 3621.032 Thread 0x000001977d915e70 Thread added: 0x000001977d91a010
Event: 3621.032 Thread 0x000001977d915e70 Thread added: 0x000001977d91ad30
Event: 3621.124 Thread 0x000001977d915e70 Thread added: 0x000001977d91b3c0
Event: 3621.239 Thread 0x000001977d91b3c0 Thread added: 0x000001977d91ba50
Event: 3621.500 Thread 0x000001977e391d10 Thread exited: 0x000001977e391d10
Event: 3622.171 Thread 0x000001977e393180 Thread exited: 0x000001977e393180
Event: 3622.491 Thread 0x0000019735107900 Thread added: 0x000001977e3923e0


Dynamic libraries:
0x00007ff620c40000 - 0x00007ff620c4e000 	C:\Users\DELL\.p2\pool\plugins\org.eclipse.justj.openjdk.hotspot.jre.full.win32.x86_64_21.0.6.v20250130-0529\jre\bin\javaw.exe
0x00007ffd7d7d0000 - 0x00007ffd7d9c8000 	C:\Windows\SYSTEM32\ntdll.dll
0x00007ffd7c9e0000 - 0x00007ffd7caa2000 	C:\Windows\System32\KERNEL32.DLL
0x00007ffd7b1e0000 - 0x00007ffd7b4d6000 	C:\Windows\System32\KERNELBASE.dll
0x00007ffd7ae70000 - 0x00007ffd7af70000 	C:\Windows\System32\ucrtbase.dll
0x00007ffd746f0000 - 0x00007ffd74708000 	C:\Users\DELL\.p2\pool\plugins\org.eclipse.justj.openjdk.hotspot.jre.full.win32.x86_64_21.0.6.v20250130-0529\jre\bin\jli.dll
0x00007ffd73c80000 - 0x00007ffd73c9e000 	C:\Users\DELL\.p2\pool\plugins\org.eclipse.justj.openjdk.hotspot.jre.full.win32.x86_64_21.0.6.v20250130-0529\jre\bin\VCRUNTIME140.dll
0x00007ffd7cb50000 - 0x00007ffd7cced000 	C:\Windows\System32\USER32.dll
0x00007ffd7b7d0000 - 0x00007ffd7b7f2000 	C:\Windows\System32\win32u.dll
0x00007ffd67710000 - 0x00007ffd679aa000 	C:\Windows\WinSxS\amd64_microsoft.windows.common-controls_6595b64144ccf1df_6.0.19041.5794_none_60bcd33171f2783c\COMCTL32.dll
0x00007ffd7ccf0000 - 0x00007ffd7cd1b000 	C:\Windows\System32\GDI32.dll
0x00007ffd7c460000 - 0x00007ffd7c4fe000 	C:\Windows\System32\msvcrt.dll
0x00007ffd7b4e0000 - 0x00007ffd7b5fa000 	C:\Windows\System32\gdi32full.dll
0x00007ffd7b600000 - 0x00007ffd7b69d000 	C:\Windows\System32\msvcp_win.dll
0x00007ffd7c070000 - 0x00007ffd7c09f000 	C:\Windows\System32\IMM32.DLL
0x00007ffd78100000 - 0x00007ffd7810c000 	C:\Users\DELL\.p2\pool\plugins\org.eclipse.justj.openjdk.hotspot.jre.full.win32.x86_64_21.0.6.v20250130-0529\jre\bin\vcruntime140_1.dll
0x00007ffd66050000 - 0x00007ffd660dd000 	C:\Users\DELL\.p2\pool\plugins\org.eclipse.justj.openjdk.hotspot.jre.full.win32.x86_64_21.0.6.v20250130-0529\jre\bin\msvcp140.dll
0x00007ffd1e4b0000 - 0x00007ffd1f240000 	C:\Users\DELL\.p2\pool\plugins\org.eclipse.justj.openjdk.hotspot.jre.full.win32.x86_64_21.0.6.v20250130-0529\jre\bin\server\jvm.dll
0x00007ffd7cd90000 - 0x00007ffd7ce3f000 	C:\Windows\System32\ADVAPI32.dll
0x00007ffd7cab0000 - 0x00007ffd7cb4f000 	C:\Windows\System32\sechost.dll
0x00007ffd7b860000 - 0x00007ffd7b983000 	C:\Windows\System32\RPCRT4.dll
0x00007ffd7b1b0000 - 0x00007ffd7b1d7000 	C:\Windows\System32\bcrypt.dll
0x00007ffd7c970000 - 0x00007ffd7c9db000 	C:\Windows\System32\WS2_32.dll
0x00007ffd7a3b0000 - 0x00007ffd7a3fb000 	C:\Windows\SYSTEM32\POWRPROF.dll
0x00007ffd721c0000 - 0x00007ffd721ca000 	C:\Windows\SYSTEM32\VERSION.dll
0x00007ffd67530000 - 0x00007ffd67557000 	C:\Windows\SYSTEM32\WINMM.dll
0x00007ffd7a270000 - 0x00007ffd7a282000 	C:\Windows\SYSTEM32\UMPDC.dll
0x00007ffd79690000 - 0x00007ffd796a2000 	C:\Windows\SYSTEM32\kernel.appcore.dll
0x00007ffd763f0000 - 0x00007ffd763fa000 	C:\Users\DELL\.p2\pool\plugins\org.eclipse.justj.openjdk.hotspot.jre.full.win32.x86_64_21.0.6.v20250130-0529\jre\bin\jimage.dll
0x00007ffd78bb0000 - 0x00007ffd78db1000 	C:\Windows\SYSTEM32\DBGHELP.DLL
0x00007ffd65dc0000 - 0x00007ffd65df4000 	C:\Windows\SYSTEM32\dbgcore.DLL
0x00007ffd7b120000 - 0x00007ffd7b1a2000 	C:\Windows\System32\bcryptPrimitives.dll
0x00007ffd763d0000 - 0x00007ffd763ef000 	C:\Users\DELL\.p2\pool\plugins\org.eclipse.justj.openjdk.hotspot.jre.full.win32.x86_64_21.0.6.v20250130-0529\jre\bin\java.dll
0x00007ffd7cef0000 - 0x00007ffd7d65e000 	C:\Windows\System32\SHELL32.dll
0x00007ffd78ed0000 - 0x00007ffd79673000 	C:\Windows\SYSTEM32\windows.storage.dll
0x00007ffd7c100000 - 0x00007ffd7c453000 	C:\Windows\System32\combase.dll
0x00007ffd7a8a0000 - 0x00007ffd7a8cb000 	C:\Windows\SYSTEM32\Wldp.dll
0x00007ffd7bd60000 - 0x00007ffd7be2d000 	C:\Windows\System32\OLEAUT32.dll
0x00007ffd7bb00000 - 0x00007ffd7bbad000 	C:\Windows\System32\SHCORE.dll
0x00007ffd7b800000 - 0x00007ffd7b855000 	C:\Windows\System32\shlwapi.dll
0x00007ffd7ada0000 - 0x00007ffd7adc5000 	C:\Windows\SYSTEM32\profapi.dll
0x00007ffd71650000 - 0x00007ffd71668000 	C:\Users\DELL\.p2\pool\plugins\org.eclipse.justj.openjdk.hotspot.jre.full.win32.x86_64_21.0.6.v20250130-0529\jre\bin\zip.dll
0x00007ffd6e2d0000 - 0x00007ffd6e2e0000 	C:\Users\DELL\.p2\pool\plugins\org.eclipse.justj.openjdk.hotspot.jre.full.win32.x86_64_21.0.6.v20250130-0529\jre\bin\net.dll
0x00007ffd72760000 - 0x00007ffd7286a000 	C:\Windows\SYSTEM32\WINHTTP.dll
0x00007ffd7a600000 - 0x00007ffd7a66c000 	C:\Windows\system32\mswsock.dll
0x00007ffd68ba0000 - 0x00007ffd68bb6000 	C:\Users\DELL\.p2\pool\plugins\org.eclipse.justj.openjdk.hotspot.jre.full.win32.x86_64_21.0.6.v20250130-0529\jre\bin\nio.dll
0x00007ffd770d0000 - 0x00007ffd770da000 	C:\Users\DELL\.p2\pool\plugins\org.eclipse.justj.openjdk.hotspot.jre.full.win32.x86_64_21.0.6.v20250130-0529\jre\bin\management.dll
0x00007ffd770b0000 - 0x00007ffd770bb000 	C:\Users\DELL\.p2\pool\plugins\org.eclipse.justj.openjdk.hotspot.jre.full.win32.x86_64_21.0.6.v20250130-0529\jre\bin\management_ext.dll
0x00007ffd7d660000 - 0x00007ffd7d668000 	C:\Windows\System32\PSAPI.DLL
0x00007ffd78120000 - 0x00007ffd7812e000 	C:\Users\DELL\.p2\pool\plugins\org.eclipse.justj.openjdk.hotspot.jre.full.win32.x86_64_21.0.6.v20250130-0529\jre\bin\sunmscapi.dll
0x00007ffd7afc0000 - 0x00007ffd7b11d000 	C:\Windows\System32\CRYPT32.dll
0x00007ffd7a910000 - 0x00007ffd7a937000 	C:\Windows\SYSTEM32\ncrypt.dll
0x00007ffd7a8d0000 - 0x00007ffd7a90b000 	C:\Windows\SYSTEM32\NTASN1.dll
0x00007ffd7a800000 - 0x00007ffd7a818000 	C:\Windows\SYSTEM32\CRYPTSP.dll
0x00007ffd79eb0000 - 0x00007ffd79ee8000 	C:\Windows\system32\rsaenh.dll
0x00007ffd7ad60000 - 0x00007ffd7ad8e000 	C:\Windows\SYSTEM32\USERENV.dll
0x00007ffd7a7f0000 - 0x00007ffd7a7fc000 	C:\Windows\SYSTEM32\CRYPTBASE.dll
0x00007ffd7a290000 - 0x00007ffd7a2cb000 	C:\Windows\SYSTEM32\IPHLPAPI.DLL
0x00007ffd7bfe0000 - 0x00007ffd7bfe8000 	C:\Windows\System32\NSI.dll
0x00007ffd68860000 - 0x00007ffd68870000 	C:\Users\DELL\.p2\pool\plugins\org.eclipse.justj.openjdk.hotspot.jre.full.win32.x86_64_21.0.6.v20250130-0529\jre\bin\verify.dll
0x00007ffd7a2d0000 - 0x00007ffd7a39a000 	C:\Windows\SYSTEM32\DNSAPI.dll
0x00007ffd73670000 - 0x00007ffd7367a000 	C:\Windows\System32\rasadhlp.dll
0x00007ffd635f0000 - 0x00007ffd63670000 	C:\Windows\System32\fwpuclnt.dll
0x00007ffd71e30000 - 0x00007ffd71e39000 	C:\Users\DELL\.p2\pool\plugins\org.eclipse.justj.openjdk.hotspot.jre.full.win32.x86_64_21.0.6.v20250130-0529\jre\bin\extnet.dll
0x00007ffd75c30000 - 0x00007ffd75c37000 	C:\Windows\system32\wshunix.dll

dbghelp: loaded successfully - version: 4.0.5 - missing functions: none
symbol engine: initialized successfully - sym options: 0x614 - pdb path: .;C:\Users\DELL\.p2\pool\plugins\org.eclipse.justj.openjdk.hotspot.jre.full.win32.x86_64_21.0.6.v20250130-0529\jre\bin;C:\Windows\SYSTEM32;C:\Windows\WinSxS\amd64_microsoft.windows.common-controls_6595b64144ccf1df_6.0.19041.5794_none_60bcd33171f2783c;C:\Users\DELL\.p2\pool\plugins\org.eclipse.justj.openjdk.hotspot.jre.full.win32.x86_64_21.0.6.v20250130-0529\jre\bin\server

VM Arguments:
jvm_args: -Dfile.encoding=UTF-8 -Dstdout.encoding=UTF-8 -Dstderr.encoding=UTF-8 -XX:+ShowCodeDetailsInExceptionMessages 
java_command: com.tcs.training.InventorySystemApplication
java_class_path (initial): C:\Users\DELL\Downloads\hello_main-master\hello_main-master\target\classes;C:\Users\DELL\.m2\repository\org\springframework\boot\spring-boot-starter-data-jpa\3.4.5\spring-boot-starter-data-jpa-3.4.5.jar;C:\Users\DELL\.m2\repository\org\springframework\boot\spring-boot-starter\3.4.5\spring-boot-starter-3.4.5.jar;C:\Users\DELL\.m2\repository\org\springframework\boot\spring-boot-starter-logging\3.4.5\spring-boot-starter-logging-3.4.5.jar;C:\Users\DELL\.m2\repository\ch\qos\logback\logback-classic\1.5.18\logback-classic-1.5.18.jar;C:\Users\DELL\.m2\repository\ch\qos\logback\logback-core\1.5.18\logback-core-1.5.18.jar;C:\Users\DELL\.m2\repository\org\apache\logging\log4j\log4j-to-slf4j\2.24.3\log4j-to-slf4j-2.24.3.jar;C:\Users\DELL\.m2\repository\org\apache\logging\log4j\log4j-api\2.24.3\log4j-api-2.24.3.jar;C:\Users\DELL\.m2\repository\org\slf4j\jul-to-slf4j\2.0.17\jul-to-slf4j-2.0.17.jar;C:\Users\DELL\.m2\repository\jakarta\annotation\jakarta.annotation-api\2.1.1\jakarta.annotation-api-2.1.1.jar;C:\Users\DELL\.m2\repository\org\yaml\snakeyaml\2.3\snakeyaml-2.3.jar;C:\Users\DELL\.m2\repository\org\springframework\boot\spring-boot-starter-jdbc\3.4.5\spring-boot-starter-jdbc-3.4.5.jar;C:\Users\DELL\.m2\repository\com\zaxxer\HikariCP\5.1.0\HikariCP-5.1.0.jar;C:\Users\DELL\.m2\repository\org\springframework\spring-jdbc\6.2.6\spring-jdbc-6.2.6.jar;C:\Users\DELL\.m2\repository\org\hibernate\orm\hibernate-core\6.6.13.Final\hibernate-core-6.6.13.Final.jar;C:\Users\DELL\.m2\repository\jakarta\persistence\jakarta.persistence-api\3.1.0\jakarta.persistence-api-3.1.0.jar;C:\Users\DELL\.m2\repository\jakarta\transaction\jakarta.transaction-api\2.0.1\jakarta.transaction-api-2.0.1.jar;C:\Users\DELL\.m2\repository\org\hibernate\common\hibernate-commons-annotations\7.0.3.Final\hibernate-commons-annotations-7.0.3.Final.jar;C:\Users\DELL\.m2\repository\io\smallrye\jandex\3.2.0\jandex-3.2.0.jar;C:\Users\DELL\.m2\repository\net\bytebuddy\byte-buddy\1.15.11\byte-buddy-1.15.11.jar;C:\Users\DELL\.m2\repository\org\glassfish\jaxb\jaxb-runtime\4.0.5\jaxb-runtime-4.0.5.jar;C:\Users\DELL\.m2\repository\org\glassfish\jaxb\jaxb-core\4.0.5\jaxb-core-4.0.5.jar;C:\Users\DELL\.m2\repository\org\eclipse\angus\angus-activation\2.0.2\angus-activation-2.0.2.jar;C:\Users\DELL\.m2\repository\org\glassfish\jaxb\txw2\4.0.5\txw2-4.0.5.jar;C:\Users\DELL\.m2\repository\com\sun\istack\istack-commons-runtime\4.1.2\istack-commons-runtime-4.1.2.jar;C:\Users\DELL\.m2\repository\jakarta\inject\jakarta.inject-api\2.0.1\jakarta.inject-api-2.0.1.jar;C:\Users\DELL\.m2\repository\org\antlr\antlr4-runtime\4.13.0\antlr4-runtime-4.13.0.jar;C:\Users\DELL\.m2\repository\org\springframework\data\spring-data-jpa\3.4.5\spring-data-jpa-3.4.5.jar;C:\Users\DELL\.m2\repository\org\springframework\data\spring-data-commons\3.4.5\spring-data-commons-3.4.5.jar;C:\Users\DELL\.m2\repository\org\springframework\spring-orm\6.2.6\spring-orm-6.2.6.jar;C:\Users\DELL\.m2\repository\org\springframework\spring-context\6.2.6\spring-context-6.2.6.jar;C:\Users\DELL\.m2\repository\org\springframework\spring-aop\6.2.6\spring-aop-6.2.6.jar;C:\Users\DELL\.m2\repository\org\springframework\spring-tx\6.2.6\spring-tx-6.2.6.jar;C:\Users\DELL\.m2\repository\org\springframework\spring-beans\6.2.6\spring-beans-6.2.6.jar;C:\Users\DELL\.m2\repository\org\slf4j\slf4j-api\2.0.17\slf4j-api-2.0.17.jar;C:\Users\DELL\.m2\repository\org\springframework\spring-aspects\6.2.6\spring-aspects-6.2.6.jar;C:\Users\DELL\.m2\repository\org\aspectj\aspectjweaver\1.9.24\aspectjweaver-1.9.24.jar;C:\Users\DELL\.m2\repository\org\springframework\boot\spring-boot-starter-thymeleaf\3.4.5\spring-boot-starter-thymeleaf-3.4.5.jar;C:\Users\DELL\.m2\repository\org\thymeleaf\thymeleaf-spring6\3.1.3.RELEASE\thymeleaf-spring6-3.1.3.RELEASE.jar;C:\Users\DELL\.m2\repository\org\thymeleaf\thymeleaf\3.1.3.RELEASE\thymeleaf-3.1.3.RELEASE.jar;C:\Users\DELL\.m2\repository\org\attoparser\attoparser\2.0.7.RELEASE\attoparser-2.0.7.RELEASE.jar;C:\Users\DELL\.m2\repository\org\unbescape\unbescape\1.1.6.RELEASE\unbescape-1.1.6.RELEASE.jar;C:\Users\DELL\.m2\repository\org\springframework\boot\spring-boot-starter-web\3.4.5\spring-boot-starter-web-3.4.5.jar;C:\Users\DELL\.m2\repository\org\springframework\boot\spring-boot-starter-json\3.4.5\spring-boot-starter-json-3.4.5.jar;C:\Users\DELL\.m2\repository\com\fasterxml\jackson\core\jackson-databind\2.18.3\jackson-databind-2.18.3.jar;C:\Users\DELL\.m2\repository\com\fasterxml\jackson\core\jackson-annotations\2.18.3\jackson-annotations-2.18.3.jar;C:\Users\DELL\.m2\repository\com\fasterxml\jackson\core\jackson-core\2.18.3\jackson-core-2.18.3.jar;C:\Users\DELL\.m2\repository\com\fasterxml\jackson\datatype\jackson-datatype-jdk8\2.18.3\jackson-datatype-jdk8-2.18.3.jar;C:\Users\DELL\.m2\repository\com\fasterxml\jackson\datatype\jackson-datatype-jsr310\2.18.3\jackson-datatype-jsr310-2.18.3.jar;C:\Users\DELL\.m2\repository\com\fasterxml\jackson\module\jackson-module-parameter-names\2.18.3\jackson-module-parameter-names-2.18.3.jar;C:\Users\DELL\.m2\repository\org\springframework\boot\spring-boot-starter-tomcat\3.4.5\spring-boot-starter-tomcat-3.4.5.jar;C:\Users\DELL\.m2\repository\org\apache\tomcat\embed\tomcat-embed-websocket\10.1.40\tomcat-embed-websocket-10.1.40.jar;C:\Users\DELL\.m2\repository\org\springframework\spring-web\6.2.6\spring-web-6.2.6.jar;C:\Users\DELL\.m2\repository\io\micrometer\micrometer-observation\1.14.6\micrometer-observation-1.14.6.jar;C:\Users\DELL\.m2\repository\io\micrometer\micrometer-commons\1.14.6\micrometer-commons-1.14.6.jar;C:\Users\DELL\.m2\repository\org\springframework\spring-webmvc\6.2.6\spring-webmvc-6.2.6.jar;C:\Users\DELL\.m2\repository\org\springframework\spring-expression\6.2.6\spring-expression-6.2.6.jar;C:\Users\DELL\.m2\repository\org\springframework\boot\spring-boot-devtools\3.4.5\spring-boot-devtools-3.4.5.jar;C:\Users\DELL\.m2\repository\org\springframework\boot\spring-boot\3.4.5\spring-boot-3.4.5.jar;C:\Users\DELL\.m2\repository\org\springframework\boot\spring-boot-autoconfigure\3.4.5\spring-boot-autoconfigure-3.4.5.jar;C:\Users\DELL\.m2\repository\org\hibernate\hibernate-validator\5.2.4.Final\hibernate-validator-5.2.4.Final.jar;C:\Users\DELL\.m2\repository\javax\validation\validation-api\1.1.0.Final\validation-api-1.1.0.Final.jar;C:\Users\DELL\.m2\repository\org\jboss\logging\jboss-logging\3.6.1.Final\jboss-logging-3.6.1.Final.jar;C:\Users\DELL\.m2\repository\com\fasterxml\classmate\1.7.0\classmate-1.7.0.jar;C:\Users\DELL\.m2\repository\org\springdoc\springdoc-openapi-starter-webmvc-ui\2.0.2\springdoc-openapi-starter-webmvc-ui-2.0.2.jar;C:\Users\DELL\.m2\repository\org\springdoc\springdoc-openapi-starter-webmvc-api\2.0.2\springdoc-openapi-starter-webmvc-api-2.0.2.jar;C:\Users\DELL\.m2\repository\org\springdoc\springdoc-openapi-starter-common\2.0.2\springdoc-openapi-starter-common-2.0.2.jar;C:\Users\DELL\.m2\repository\io\swagger\core\v3\swagger-core-jakarta\2.2.7\swagger-core-jakarta-2.2.7.jar;C:\Users\DELL\.m2\repository\org\apache\commons\commons-lang3\3.17.0\commons-lang3-3.17.0.jar;C:\Users\DELL\.m2\repository\io\swagger\core\v3\swagger-annotations-jakarta\2.2.7\swagger-annotations-jakarta-2.2.7.jar;C:\Users\DELL\.m2\repository\io\swagger\core\v3\swagger-models-jakarta\2.2.7\swagger-models-jakarta-2.2.7.jar;C:\Users\DELL\.m2\repository\jakarta\validation\jakarta.validation-api\3.0.2\jakarta.validation-api-3.0.2.jar;C:\Users\DELL\.m2\repository\com\fasterxml\jackson\dataformat\jackson-dataformat-yaml\2.18.3\jackson-dataformat-yaml-2.18.3.jar;C:\Users\DELL\.m2\repository\org\webjars\swagger-ui\4.15.5\swagger-ui-4.15.5.jar;C:\Users\DELL\.m2\repository\org\webjars\webjars-locator-core\0.59\webjars-locator-core-0.59.jar;C:\Users\DELL\.m2\repository\io\github\classgraph\classgraph\4.8.149\classgraph-4.8.149.jar;C:\Users\DELL\.m2\repository\com\mysql\mysql-connector-j\9.1.0\mysql-connector-j-9.1.0.jar;C:\Users\DELL\.m2\repository\org\apache\tomcat\embed\tomcat-embed-jasper\10.1.40\tomcat-embed-jasper-10.1.40.jar;C:\Users\DELL\.m2\repository\org\apache\tomcat\embed\tomcat-embed-core\10.1.40\tomcat-embed-core-10.1.40.jar;C:\Users\DELL\.m2\repository\org\apache\tomcat\tomcat-annotations-api\10.1.40\tomcat-annotations-api-10.1.40.jar;C:\Users\DELL\.m2\repository\org\apache\tomcat\embed\tomcat-embed-el\10.1.40\tomcat-embed-el-10.1.40.jar;C:\Users\DELL\.m2\repository\org\eclipse\jdt\ecj\3.33.0\ecj-3.33.0.jar;C:\Users\DELL\.m2\repository\jakarta\xml\bind\jakarta.xml.bind-api\4.0.2\jakarta.xml.bind-api-4.0.2.jar;C:\Users\DELL\.m2\repository\jakarta\activation\jakarta.activation-api\2.1.3\jakarta.activation-api-2.1.3.jar;C:\Users\DELL\.m2\repository\org\springframework\spring-core\6.2.6\spring-core-6.2.6.jar;C:\Users\DELL\.m2\repository\org\springframework\spring-jcl\6.2.6\spring-jcl-6.2.6.jar
Launcher Type: SUN_STANDARD

[Global flags]
     intx CICompilerCount                          = 4                                         {product} {ergonomic}
     uint ConcGCThreads                            = 2                                         {product} {ergonomic}
     uint G1ConcRefinementThreads                  = 8                                         {product} {ergonomic}
   size_t G1HeapRegionSize                         = 1048576                                   {product} {ergonomic}
    uintx GCDrainStackTargetSize                   = 64                                        {product} {ergonomic}
   size_t InitialHeapSize                          = 132120576                                 {product} {ergonomic}
   size_t MarkStackSize                            = 4194304                                   {product} {ergonomic}
   size_t MaxHeapSize                              = 2086666240                                {product} {ergonomic}
   size_t MaxNewSize                               = 1251999744                                {product} {ergonomic}
   size_t MinHeapDeltaBytes                        = 1048576                                   {product} {ergonomic}
   size_t MinHeapSize                              = 8388608                                   {product} {ergonomic}
    uintx NonNMethodCodeHeapSize                   = 5839372                                {pd product} {ergonomic}
    uintx NonProfiledCodeHeapSize                  = 122909434                              {pd product} {ergonomic}
    uintx ProfiledCodeHeapSize                     = 122909434                              {pd product} {ergonomic}
    uintx ReservedCodeCacheSize                    = 251658240                              {pd product} {ergonomic}
     bool SegmentedCodeCache                       = true                                      {product} {ergonomic}
     bool ShowCodeDetailsInExceptionMessages       = true                                   {manageable} {command line}
   size_t SoftMaxHeapSize                          = 2086666240                             {manageable} {ergonomic}
     bool UseCompressedOops                        = true                           {product lp64_product} {ergonomic}
     bool UseG1GC                                  = true                                      {product} {ergonomic}
     bool UseLargePagesIndividualAllocation        = false                                  {pd product} {ergonomic}

Logging:
Log output configuration:
 #0: stdout all=warning uptime,level,tags foldmultilines=false
 #1: stderr all=off uptime,level,tags foldmultilines=false

Environment Variables:
PATH=C:/Users/DELL/.p2/pool/plugins/org.eclipse.justj.openjdk.hotspot.jre.full.win32.x86_64_21.0.6.v20250130-0529/jre/bin/server;C:/Users/DELL/.p2/pool/plugins/org.eclipse.justj.openjdk.hotspot.jre.full.win32.x86_64_21.0.6.v20250130-0529/jre/bin;C:\Program Files\Common Files\Oracle\Java\javapath;C:\Windows\system32;C:\Windows;C:\Windows\System32\Wbem;C:\Windows\System32\WindowsPowerShell\v1.0\;C:\Windows\System32\OpenSSH\;C:\Program Files (x86)\NVIDIA Corporation\PhysX\Common;C:\Program Files\Git\cmd;C:\Program Files\php;C:\ProgramData\ComposerSetup\bin;C:\Program Files\dotnet\;C:\Program Files\nodejs\;C:\Program Files\Common Files\Oracle\Java\javapath;C:\Windows\system32;C:\Windows;C:\Windows\System32\Wbem;C:\Windows\System32\WindowsPowerShell\v1.0\;C:\Windows\System32\OpenSSH\;C:\Program Files (x86)\NVIDIA Corporation\PhysX\Common;C:\Program Files\Git\cmd;C:\Program Files\php;C:\ProgramData\ComposerSetup\bin;C:\Program Files\dotnet\;C:\Program Files\nodejs\;C:\path\to\php;C:\Users\DELL\AppData\Local\Programs\Microsoft VS Code\bin;C:\Users\DELL\AppData\Roaming\Composer\vendor\bin;C:\Program Files\JetBrains\IntelliJ IDEA Community Edition 2024.1.2\bin;;C:\Users\DELL\AppData\Roaming\npm;C:\Users\DELL\Desktop;
USERNAME=DELL
OS=Windows_NT
PROCESSOR_IDENTIFIER=Intel64 Family 6 Model 126 Stepping 5, GenuineIntel
TMP=C:\Users\DELL\AppData\Local\Temp
TEMP=C:\Users\DELL\AppData\Local\Temp




Periodic native trim disabled

---------------  S Y S T E M  ---------------

OS:
 Windows 10 , 64 bit Build 19041 (10.0.19041.5794)
OS uptime: 3 days 16:48 hours

CPU: total 8 (initial active 8) (4 cores per cpu, 2 threads per core) family 6 model 126 stepping 5 microcode 0xc2, cx8, cmov, fxsr, ht, mmx, 3dnowpref, sse, sse2, sse3, ssse3, sse4.1, sse4.2, popcnt, lzcnt, tsc, tscinvbit, avx, avx2, aes, erms, clmul, bmi1, bmi2, adx, avx512f, avx512dq, avx512cd, avx512bw, avx512vl, sha, fma, vzeroupper, avx512_vpopcntdq, avx512_vpclmulqdq, avx512_vaes, avx512_vnni, clflush, clflushopt, avx512_vbmi2, avx512_vbmi, rdtscp, rdpid, fsrm, gfni, avx512_bitalg, f16c, pku, avx512_ifma
Processor Information for the first 8 processors :
  Max Mhz: 1498, Current Mhz: 1298, Mhz Limit: 1288

Memory: 4k page, system-wide physical 7959M (904M free)
TotalPageFile size 10007M (AvailPageFile size 2M)
current process WorkingSet (physical memory assigned to process): 370M, peak: 385M
current process commit charge ("private bytes"): 411M, peak: 416M

vm_info: OpenJDK 64-Bit Server VM (21.0.6+7-LTS) for windows-amd64 JRE (21.0.6+7-LTS), built on 2025-01-21T00:00:00Z by "admin" with MS VC++ 17.7 (VS2022)

END.
