#
# There is insufficient memory for the Java Runtime Environment to continue.
# Native memory allocation (malloc) failed to allocate 506096 bytes. Error detail: Chunk::new
# Possible reasons:
#   The system is out of physical RAM or swap space
#   This process is running with CompressedOops enabled, and the Java Heap may be blocking the growth of the native heap
# Possible solutions:
#   Reduce memory load on the system
#   Increase physical memory or swap space
#   Check if swap backing store is full
#   Decrease Java heap size (-Xmx/-Xms)
#   Decrease number of Java threads
#   Decrease Java thread stack sizes (-Xss)
#   Set larger code cache with -XX:ReservedCodeCacheSize=
#   JVM is running with Unscaled Compressed Oops mode in which the Java heap is
#     placed in the first 4GB address space. The Java Heap base address is the
#     maximum limit for the native heap growth. Please use -XX:HeapBaseMinAddress
#     to set the Java Heap base and to place the Java Heap above 4GB virtual address.
# This output file may be truncated or incomplete.
#
#  Out of Memory Error (arena.cpp:168), pid=15432, tid=5684
#
# JRE version: OpenJDK Runtime Environment Temurin-21.0.6+7 (21.0.6+7) (build 21.0.6+7-LTS)
# Java VM: OpenJDK 64-Bit Server VM Temurin-21.0.6+7 (21.0.6+7-LTS, mixed mode, sharing, tiered, compressed oops, compressed class ptrs, g1 gc, windows-amd64)
# No core dump will be written. Minidumps are not enabled by default on client versions of Windows
#

---------------  S U M M A R Y ------------

Command Line: -Dfile.encoding=UTF-8 -Dstdout.encoding=UTF-8 -Dstderr.encoding=UTF-8 -XX:+ShowCodeDetailsInExceptionMessages com.tcs.training.InventorySystemApplication

Host: Intel(R) Core(TM) i7-1065G7 CPU @ 1.30GHz, 8 cores, 7G,  Windows 10 , 64 bit Build 19041 (10.0.19041.5794)
Time: Mon May 19 16:50:09 2025 India Standard Time elapsed time: 781.010837 seconds (0d 0h 13m 1s)

---------------  T H R E A D  ---------------

Current thread (0x00000240fd3cfc80):  JavaThread "C2 CompilerThread0" daemon [_thread_in_native, id=5684, stack(0x000000967b200000,0x000000967b300000) (1024K)]


Current CompileTask:
C2:781010 11580       4       org.springframework.core.env.SystemEnvironmentPropertySource::checkPropertyName (129 bytes)

Stack: [0x000000967b200000,0x000000967b300000]
Native frames: (J=compiled Java code, j=interpreted, Vv=VM code, C=native code)
V  [jvm.dll+0x6cdee9]
V  [jvm.dll+0x8a83d1]
V  [jvm.dll+0x8aa8fe]
V  [jvm.dll+0x8aafe3]
V  [jvm.dll+0x27f706]
V  [jvm.dll+0xc500d]
V  [jvm.dll+0xc5543]
V  [jvm.dll+0x2f2acd]
V  [jvm.dll+0x5f6a2a]
V  [jvm.dll+0x250bb2]
V  [jvm.dll+0x250f6f]
V  [jvm.dll+0x249834]
V  [jvm.dll+0x246ec4]
V  [jvm.dll+0x1c75ee]
V  [jvm.dll+0x25685a]
V  [jvm.dll+0x254dfa]
V  [jvm.dll+0x3f0256]
V  [jvm.dll+0x851f8b]
V  [jvm.dll+0x6cc5ed]
C  [ucrtbase.dll+0x21bb2]
C  [KERNEL32.DLL+0x17374]
C  [ntdll.dll+0x4cc91]


---------------  P R O C E S S  ---------------

Threads class SMR info:
_java_thread_list=0x00000240fef4b5a0, length=16, elements={
0x00000240fd3bece0, 0x00000240fd3bfaf0, 0x00000240fd3c2c30, 0x00000240fd3c5780,
0x00000240fd3ce2d0, 0x00000240fd3cee10, 0x00000240fd3cfc80, 0x00000240fd3d0800,
0x00000240fd74b070, 0x00000240fd753640, 0x00000240c6e29f00, 0x00000240c554baa0,
0x00000240c8e7f050, 0x00000240c8e7bbd0, 0x00000240c8e7aeb0, 0x00000240c636e940
}

Java Threads: ( => current thread )
  0x00000240fd3bece0 JavaThread "Reference Handler"          daemon [_thread_blocked, id=18340, stack(0x000000967ac00000,0x000000967ad00000) (1024K)]
  0x00000240fd3bfaf0 JavaThread "Finalizer"                  daemon [_thread_blocked, id=16252, stack(0x000000967ad00000,0x000000967ae00000) (1024K)]
  0x00000240fd3c2c30 JavaThread "Signal Dispatcher"          daemon [_thread_blocked, id=10776, stack(0x000000967ae00000,0x000000967af00000) (1024K)]
  0x00000240fd3c5780 JavaThread "Attach Listener"            daemon [_thread_blocked, id=17048, stack(0x000000967af00000,0x000000967b000000) (1024K)]
  0x00000240fd3ce2d0 JavaThread "Service Thread"             daemon [_thread_blocked, id=9332, stack(0x000000967b000000,0x000000967b100000) (1024K)]
  0x00000240fd3cee10 JavaThread "Monitor Deflation Thread"   daemon [_thread_blocked, id=16912, stack(0x000000967b100000,0x000000967b200000) (1024K)]
=>0x00000240fd3cfc80 JavaThread "C2 CompilerThread0"         daemon [_thread_in_native, id=5684, stack(0x000000967b200000,0x000000967b300000) (1024K)]
  0x00000240fd3d0800 JavaThread "C1 CompilerThread0"         daemon [_thread_blocked, id=14548, stack(0x000000967b300000,0x000000967b400000) (1024K)]
  0x00000240fd74b070 JavaThread "Notification Thread"        daemon [_thread_blocked, id=14012, stack(0x000000967b400000,0x000000967b500000) (1024K)]
  0x00000240fd753640 JavaThread "Common-Cleaner"             daemon [_thread_blocked, id=1276, stack(0x000000967b500000,0x000000967b600000) (1024K)]
  0x00000240c6e29f00 JavaThread "mysql-cj-abandoned-connection-cleanup" daemon [_thread_blocked, id=10072, stack(0x000000967c500000,0x000000967c600000) (1024K)]
  0x00000240c554baa0 JavaThread "DestroyJavaVM"                     [_thread_blocked, id=11576, stack(0x000000967a400000,0x000000967a500000) (1024K)]
  0x00000240c8e7f050 JavaThread "Thread-5"                          [_thread_blocked, id=12648, stack(0x000000967a100000,0x000000967a200000) (1024K)]
  0x00000240c8e7bbd0 JavaThread "File Watcher"               daemon [_thread_blocked, id=10348, stack(0x000000967b800000,0x000000967b900000) (1024K)]
  0x00000240c8e7aeb0 JavaThread "restartedMain"                     [_thread_in_Java, id=16352, stack(0x000000967a200000,0x000000967a300000) (1024K)]
  0x00000240c636e940 JavaThread "C2 CompilerThread1"         daemon [_thread_in_vm, id=13968, stack(0x000000967b600000,0x000000967b700000) (1024K)]
Total: 16

Other Threads:
  0x00000240fd3a2650 VMThread "VM Thread"                           [id=8872, stack(0x000000967ab00000,0x000000967ac00000) (1024K)]
  0x00000240fd38f310 WatcherThread "VM Periodic Task Thread"        [id=10312, stack(0x000000967aa00000,0x000000967ab00000) (1024K)]
  0x00000240e57fff20 WorkerThread "GC Thread#0"                     [id=15216, stack(0x000000967a500000,0x000000967a600000) (1024K)]
  0x00000240fdfdd4f0 WorkerThread "GC Thread#1"                     [id=11932, stack(0x000000967b900000,0x000000967ba00000) (1024K)]
  0x00000240fdfdd890 WorkerThread "GC Thread#2"                     [id=6828, stack(0x000000967ba00000,0x000000967bb00000) (1024K)]
  0x00000240fdfddc30 WorkerThread "GC Thread#3"                     [id=4244, stack(0x000000967bb00000,0x000000967bc00000) (1024K)]
  0x00000240fdfddfd0 WorkerThread "GC Thread#4"                     [id=17164, stack(0x000000967bc00000,0x000000967bd00000) (1024K)]
  0x00000240fdfde370 WorkerThread "GC Thread#5"                     [id=15712, stack(0x000000967bd00000,0x000000967be00000) (1024K)]
  0x00000240fe5cf340 WorkerThread "GC Thread#6"                     [id=8464, stack(0x000000967c000000,0x000000967c100000) (1024K)]
  0x00000240ff0e1c10 WorkerThread "GC Thread#7"                     [id=11424, stack(0x000000967c100000,0x000000967c200000) (1024K)]
  0x00000240e584f7b0 ConcurrentGCThread "G1 Main Marker"            [id=984, stack(0x000000967a600000,0x000000967a700000) (1024K)]
  0x00000240e58502b0 WorkerThread "G1 Conc#0"                       [id=6380, stack(0x000000967a700000,0x000000967a800000) (1024K)]
  0x00000240c5f12010 WorkerThread "G1 Conc#1"                       [id=8472, stack(0x000000967be00000,0x000000967bf00000) (1024K)]
  0x00000240fd262b10 ConcurrentGCThread "G1 Refine#0"               [id=11796, stack(0x000000967a800000,0x000000967a900000) (1024K)]
  0x00000240fd263680 ConcurrentGCThread "G1 Service"                [id=6636, stack(0x000000967a900000,0x000000967aa00000) (1024K)]
Total: 15

Threads with active compile tasks:
C2 CompilerThread0  781040 11580       4       org.springframework.core.env.SystemEnvironmentPropertySource::checkPropertyName (129 bytes)
C2 CompilerThread1  781040 11610       4       org.springframework.core.annotation.AnnotationsScanner::getDeclaredAnnotation (55 bytes)
Total: 2

VM state: not at safepoint (normal execution)

VM Mutex/Monitor currently owned by a thread: None

Heap address: 0x0000000083a00000, size: 1990 MB, Compressed Oops mode: 32-bit

CDS archive(s) mapped at: [0x0000024080000000-0x0000024080c80000-0x0000024080c80000), size 13107200, SharedBaseAddress: 0x0000024080000000, ArchiveRelocationMode: 1.
Compressed class space mapped at: 0x0000024081000000-0x00000240c1000000, reserved size: 1073741824
Narrow klass base: 0x0000024080000000, Narrow klass shift: 0, Narrow klass range: 0x100000000

GC Precious Log:
 CardTable entry size: 512
 Card Set container configuration: InlinePtr #cards 5 size 8 Array Of Cards #cards 12 size 40 Howl #buckets 4 coarsen threshold 1843 Howl Bitmap #cards 512 size 80 coarsen threshold 460 Card regions per heap region 1 cards per card region 2048
 CPUs: 8 total, 8 available
 Memory: 7959M
 Large Page Support: Disabled
 NUMA Support: Disabled
 Compressed Oops: Enabled (32-bit)
 Heap Region Size: 1M
 Heap Min Capacity: 8M
 Heap Initial Capacity: 126M
 Heap Max Capacity: 1990M
 Pre-touch: Disabled
 Parallel Workers: 8
 Concurrent Workers: 2
 Concurrent Refinement Workers: 8
 Periodic GC: Disabled

Heap:
 garbage-first heap   total 130048K, used 53876K [0x0000000083a00000, 0x0000000100000000)
  region size 1024K, 21 young (21504K), 7 survivors (7168K)
 Metaspace       used 90705K, committed 91648K, reserved 1179648K
  class space    used 11875K, committed 12288K, reserved 1048576K

Heap Regions: E=young(eden), S=young(survivor), O=old, HS=humongous(starts), HC=humongous(continues), CS=collection set, F=free, TAMS=top-at-mark-start, PB=parsable bottom
|   0|0x0000000083a00000, 0x0000000083b00000, 0x0000000083b00000|100%|HS|  |TAMS 0x0000000083a00000| PB 0x0000000083a00000| Complete 
|   1|0x0000000083b00000, 0x0000000083c00000, 0x0000000083c00000|100%|HS|  |TAMS 0x0000000083b00000| PB 0x0000000083b00000| Complete 
|   2|0x0000000083c00000, 0x0000000083d00000, 0x0000000083d00000|100%| O|  |TAMS 0x0000000083c00000| PB 0x0000000083c00000| Untracked 
|   3|0x0000000083d00000, 0x0000000083e00000, 0x0000000083e00000|100%| O|  |TAMS 0x0000000083d00000| PB 0x0000000083d00000| Untracked 
|   4|0x0000000083e00000, 0x0000000083f00000, 0x0000000083f00000|100%| O|  |TAMS 0x0000000083e00000| PB 0x0000000083e00000| Untracked 
|   5|0x0000000083f00000, 0x0000000084000000, 0x0000000084000000|100%| O|  |TAMS 0x0000000083f00000| PB 0x0000000083f00000| Untracked 
|   6|0x0000000084000000, 0x0000000084100000, 0x0000000084100000|100%| O|  |TAMS 0x0000000084000000| PB 0x0000000084000000| Untracked 
|   7|0x0000000084100000, 0x00000000841ffff0, 0x0000000084200000| 99%| O|  |TAMS 0x0000000084100000| PB 0x0000000084100000| Untracked 
|   8|0x0000000084200000, 0x00000000842fffc8, 0x0000000084300000| 99%| O|  |TAMS 0x0000000084200000| PB 0x0000000084200000| Untracked 
|   9|0x0000000084300000, 0x00000000843fffe0, 0x0000000084400000| 99%| O|  |TAMS 0x0000000084300000| PB 0x0000000084300000| Untracked 
|  10|0x0000000084400000, 0x0000000084500000, 0x0000000084500000|100%| O|  |TAMS 0x0000000084400000| PB 0x0000000084400000| Untracked 
|  11|0x0000000084500000, 0x00000000845fffd8, 0x0000000084600000| 99%| O|  |TAMS 0x0000000084500000| PB 0x0000000084500000| Untracked 
|  12|0x0000000084600000, 0x00000000846fffd8, 0x0000000084700000| 99%| O|  |TAMS 0x0000000084600000| PB 0x0000000084600000| Untracked 
|  13|0x0000000084700000, 0x00000000847fffb8, 0x0000000084800000| 99%| O|  |TAMS 0x0000000084700000| PB 0x0000000084700000| Untracked 
|  14|0x0000000084800000, 0x00000000848fffe8, 0x0000000084900000| 99%| O|  |TAMS 0x0000000084800000| PB 0x0000000084800000| Untracked 
|  15|0x0000000084900000, 0x0000000084a00000, 0x0000000084a00000|100%| O|  |TAMS 0x0000000084900000| PB 0x0000000084900000| Untracked 
|  16|0x0000000084a00000, 0x0000000084affff0, 0x0000000084b00000| 99%| O|  |TAMS 0x0000000084a00000| PB 0x0000000084a00000| Untracked 
|  17|0x0000000084b00000, 0x0000000084bfff98, 0x0000000084c00000| 99%| O|  |TAMS 0x0000000084b00000| PB 0x0000000084b00000| Untracked 
|  18|0x0000000084c00000, 0x0000000084d00000, 0x0000000084d00000|100%| O|  |TAMS 0x0000000084c00000| PB 0x0000000084c00000| Untracked 
|  19|0x0000000084d00000, 0x0000000084dfffb0, 0x0000000084e00000| 99%| O|  |TAMS 0x0000000084d00000| PB 0x0000000084d00000| Untracked 
|  20|0x0000000084e00000, 0x0000000084f00000, 0x0000000084f00000|100%| O|  |TAMS 0x0000000084e00000| PB 0x0000000084e00000| Untracked 
|  21|0x0000000084f00000, 0x0000000085000000, 0x0000000085000000|100%| O|  |TAMS 0x0000000084f00000| PB 0x0000000084f00000| Untracked 
|  22|0x0000000085000000, 0x00000000850fffe8, 0x0000000085100000| 99%| O|  |TAMS 0x0000000085000000| PB 0x0000000085000000| Untracked 
|  23|0x0000000085100000, 0x00000000851fff68, 0x0000000085200000| 99%| O|  |TAMS 0x0000000085100000| PB 0x0000000085100000| Untracked 
|  24|0x0000000085200000, 0x00000000852ffff0, 0x0000000085300000| 99%| O|  |TAMS 0x0000000085200000| PB 0x0000000085200000| Untracked 
|  25|0x0000000085300000, 0x00000000853ffff8, 0x0000000085400000| 99%| O|  |TAMS 0x0000000085300000| PB 0x0000000085300000| Untracked 
|  26|0x0000000085400000, 0x00000000854ffff8, 0x0000000085500000| 99%| O|  |TAMS 0x0000000085400000| PB 0x0000000085400000| Untracked 
|  27|0x0000000085500000, 0x00000000855ffff0, 0x0000000085600000| 99%| O|  |TAMS 0x0000000085500000| PB 0x0000000085500000| Untracked 
|  28|0x0000000085600000, 0x00000000856fffd0, 0x0000000085700000| 99%| O|  |TAMS 0x0000000085600000| PB 0x0000000085600000| Untracked 
|  29|0x0000000085700000, 0x0000000085800000, 0x0000000085800000|100%| O|  |TAMS 0x0000000085700000| PB 0x0000000085700000| Untracked 
|  30|0x0000000085800000, 0x0000000085900000, 0x0000000085900000|100%| O|  |TAMS 0x0000000085800000| PB 0x0000000085800000| Untracked 
|  31|0x0000000085900000, 0x0000000085942c78, 0x0000000085a00000| 26%| O|  |TAMS 0x0000000085900000| PB 0x0000000085900000| Untracked 
|  32|0x0000000085a00000, 0x0000000085aafa18, 0x0000000085b00000| 68%| O|  |TAMS 0x0000000085a00000| PB 0x0000000085a00000| Untracked 
|  33|0x0000000085b00000, 0x0000000085b82e38, 0x0000000085c00000| 51%| O|  |TAMS 0x0000000085b00000| PB 0x0000000085b00000| Untracked 
|  34|0x0000000085c00000, 0x0000000085c55d40, 0x0000000085d00000| 33%| O|  |TAMS 0x0000000085c00000| PB 0x0000000085c00000| Untracked 
|  35|0x0000000085d00000, 0x0000000085d44f20, 0x0000000085e00000| 26%| O|  |TAMS 0x0000000085d00000| PB 0x0000000085d00000| Untracked 
|  36|0x0000000085e00000, 0x0000000085e31288, 0x0000000085f00000| 19%| O|  |TAMS 0x0000000085e00000| PB 0x0000000085e00000| Untracked 
|  37|0x0000000085f00000, 0x0000000085f44950, 0x0000000086000000| 26%| O|Cm|TAMS 0x0000000085f00000| PB 0x0000000085f00000| Complete 
|  38|0x0000000086000000, 0x0000000086000000, 0x0000000086100000|  0%| F|  |TAMS 0x0000000086000000| PB 0x0000000086000000| Untracked 
|  39|0x0000000086100000, 0x0000000086100000, 0x0000000086200000|  0%| F|  |TAMS 0x0000000086100000| PB 0x0000000086100000| Untracked 
|  40|0x0000000086200000, 0x0000000086200000, 0x0000000086300000|  0%| F|  |TAMS 0x0000000086200000| PB 0x0000000086200000| Untracked 
|  41|0x0000000086300000, 0x0000000086300000, 0x0000000086400000|  0%| F|  |TAMS 0x0000000086300000| PB 0x0000000086300000| Untracked 
|  42|0x0000000086400000, 0x0000000086400000, 0x0000000086500000|  0%| F|  |TAMS 0x0000000086400000| PB 0x0000000086400000| Untracked 
|  43|0x0000000086500000, 0x0000000086500000, 0x0000000086600000|  0%| F|  |TAMS 0x0000000086500000| PB 0x0000000086500000| Untracked 
|  44|0x0000000086600000, 0x0000000086600000, 0x0000000086700000|  0%| F|  |TAMS 0x0000000086600000| PB 0x0000000086600000| Untracked 
|  45|0x0000000086700000, 0x0000000086700000, 0x0000000086800000|  0%| F|  |TAMS 0x0000000086700000| PB 0x0000000086700000| Untracked 
|  46|0x0000000086800000, 0x0000000086800000, 0x0000000086900000|  0%| F|  |TAMS 0x0000000086800000| PB 0x0000000086800000| Untracked 
|  47|0x0000000086900000, 0x0000000086900000, 0x0000000086a00000|  0%| F|  |TAMS 0x0000000086900000| PB 0x0000000086900000| Untracked 
|  48|0x0000000086a00000, 0x0000000086a00000, 0x0000000086b00000|  0%| F|  |TAMS 0x0000000086a00000| PB 0x0000000086a00000| Untracked 
|  49|0x0000000086b00000, 0x0000000086b00000, 0x0000000086c00000|  0%| F|  |TAMS 0x0000000086b00000| PB 0x0000000086b00000| Untracked 
|  50|0x0000000086c00000, 0x0000000086c177a0, 0x0000000086d00000|  9%| S|CS|TAMS 0x0000000086c00000| PB 0x0000000086c00000| Complete 
|  51|0x0000000086d00000, 0x0000000086e00000, 0x0000000086e00000|100%| S|CS|TAMS 0x0000000086d00000| PB 0x0000000086d00000| Complete 
|  52|0x0000000086e00000, 0x0000000086f00000, 0x0000000086f00000|100%| S|CS|TAMS 0x0000000086e00000| PB 0x0000000086e00000| Complete 
|  53|0x0000000086f00000, 0x0000000087000000, 0x0000000087000000|100%| S|CS|TAMS 0x0000000086f00000| PB 0x0000000086f00000| Complete 
|  54|0x0000000087000000, 0x0000000087100000, 0x0000000087100000|100%| S|CS|TAMS 0x0000000087000000| PB 0x0000000087000000| Complete 
|  55|0x0000000087100000, 0x0000000087200000, 0x0000000087200000|100%| S|CS|TAMS 0x0000000087100000| PB 0x0000000087100000| Complete 
|  56|0x0000000087200000, 0x0000000087300000, 0x0000000087300000|100%| S|CS|TAMS 0x0000000087200000| PB 0x0000000087200000| Complete 
|  57|0x0000000087300000, 0x0000000087300000, 0x0000000087400000|  0%| F|  |TAMS 0x0000000087300000| PB 0x0000000087300000| Untracked 
|  58|0x0000000087400000, 0x0000000087400000, 0x0000000087500000|  0%| F|  |TAMS 0x0000000087400000| PB 0x0000000087400000| Untracked 
|  59|0x0000000087500000, 0x0000000087500000, 0x0000000087600000|  0%| F|  |TAMS 0x0000000087500000| PB 0x0000000087500000| Untracked 
|  60|0x0000000087600000, 0x0000000087600000, 0x0000000087700000|  0%| F|  |TAMS 0x0000000087600000| PB 0x0000000087600000| Untracked 
|  61|0x0000000087700000, 0x0000000087700000, 0x0000000087800000|  0%| F|  |TAMS 0x0000000087700000| PB 0x0000000087700000| Untracked 
|  62|0x0000000087800000, 0x0000000087800000, 0x0000000087900000|  0%| F|  |TAMS 0x0000000087800000| PB 0x0000000087800000| Untracked 
|  63|0x0000000087900000, 0x0000000087900000, 0x0000000087a00000|  0%| F|  |TAMS 0x0000000087900000| PB 0x0000000087900000| Untracked 
|  64|0x0000000087a00000, 0x0000000087a00000, 0x0000000087b00000|  0%| F|  |TAMS 0x0000000087a00000| PB 0x0000000087a00000| Untracked 
|  65|0x0000000087b00000, 0x0000000087b00000, 0x0000000087c00000|  0%| F|  |TAMS 0x0000000087b00000| PB 0x0000000087b00000| Untracked 
|  66|0x0000000087c00000, 0x0000000087c00000, 0x0000000087d00000|  0%| F|  |TAMS 0x0000000087c00000| PB 0x0000000087c00000| Untracked 
|  67|0x0000000087d00000, 0x0000000087d00000, 0x0000000087e00000|  0%| F|  |TAMS 0x0000000087d00000| PB 0x0000000087d00000| Untracked 
|  68|0x0000000087e00000, 0x0000000087e00000, 0x0000000087f00000|  0%| F|  |TAMS 0x0000000087e00000| PB 0x0000000087e00000| Untracked 
|  69|0x0000000087f00000, 0x0000000087f00000, 0x0000000088000000|  0%| F|  |TAMS 0x0000000087f00000| PB 0x0000000087f00000| Untracked 
|  70|0x0000000088000000, 0x0000000088000000, 0x0000000088100000|  0%| F|  |TAMS 0x0000000088000000| PB 0x0000000088000000| Untracked 
|  71|0x0000000088100000, 0x0000000088100000, 0x0000000088200000|  0%| F|  |TAMS 0x0000000088100000| PB 0x0000000088100000| Untracked 
|  72|0x0000000088200000, 0x0000000088200000, 0x0000000088300000|  0%| F|  |TAMS 0x0000000088200000| PB 0x0000000088200000| Untracked 
|  73|0x0000000088300000, 0x0000000088300000, 0x0000000088400000|  0%| F|  |TAMS 0x0000000088300000| PB 0x0000000088300000| Untracked 
|  74|0x0000000088400000, 0x0000000088400000, 0x0000000088500000|  0%| F|  |TAMS 0x0000000088400000| PB 0x0000000088400000| Untracked 
|  75|0x0000000088500000, 0x0000000088500000, 0x0000000088600000|  0%| F|  |TAMS 0x0000000088500000| PB 0x0000000088500000| Untracked 
|  76|0x0000000088600000, 0x0000000088600000, 0x0000000088700000|  0%| F|  |TAMS 0x0000000088600000| PB 0x0000000088600000| Untracked 
|  77|0x0000000088700000, 0x0000000088700000, 0x0000000088800000|  0%| F|  |TAMS 0x0000000088700000| PB 0x0000000088700000| Untracked 
|  78|0x0000000088800000, 0x0000000088800000, 0x0000000088900000|  0%| F|  |TAMS 0x0000000088800000| PB 0x0000000088800000| Untracked 
|  79|0x0000000088900000, 0x0000000088900000, 0x0000000088a00000|  0%| F|  |TAMS 0x0000000088900000| PB 0x0000000088900000| Untracked 
|  80|0x0000000088a00000, 0x0000000088a00000, 0x0000000088b00000|  0%| F|  |TAMS 0x0000000088a00000| PB 0x0000000088a00000| Untracked 
|  81|0x0000000088b00000, 0x0000000088b00000, 0x0000000088c00000|  0%| F|  |TAMS 0x0000000088b00000| PB 0x0000000088b00000| Untracked 
|  82|0x0000000088c00000, 0x0000000088c00000, 0x0000000088d00000|  0%| F|  |TAMS 0x0000000088c00000| PB 0x0000000088c00000| Untracked 
|  83|0x0000000088d00000, 0x0000000088d00000, 0x0000000088e00000|  0%| F|  |TAMS 0x0000000088d00000| PB 0x0000000088d00000| Untracked 
|  84|0x0000000088e00000, 0x0000000088e00000, 0x0000000088f00000|  0%| F|  |TAMS 0x0000000088e00000| PB 0x0000000088e00000| Untracked 
|  85|0x0000000088f00000, 0x0000000088f00000, 0x0000000089000000|  0%| F|  |TAMS 0x0000000088f00000| PB 0x0000000088f00000| Untracked 
|  86|0x0000000089000000, 0x0000000089000000, 0x0000000089100000|  0%| F|  |TAMS 0x0000000089000000| PB 0x0000000089000000| Untracked 
|  87|0x0000000089100000, 0x0000000089100000, 0x0000000089200000|  0%| F|  |TAMS 0x0000000089100000| PB 0x0000000089100000| Untracked 
|  88|0x0000000089200000, 0x0000000089200000, 0x0000000089300000|  0%| F|  |TAMS 0x0000000089200000| PB 0x0000000089200000| Untracked 
|  89|0x0000000089300000, 0x0000000089300000, 0x0000000089400000|  0%| F|  |TAMS 0x0000000089300000| PB 0x0000000089300000| Untracked 
|  90|0x0000000089400000, 0x0000000089400000, 0x0000000089500000|  0%| F|  |TAMS 0x0000000089400000| PB 0x0000000089400000| Untracked 
|  91|0x0000000089500000, 0x0000000089500000, 0x0000000089600000|  0%| F|  |TAMS 0x0000000089500000| PB 0x0000000089500000| Untracked 
|  92|0x0000000089600000, 0x0000000089600000, 0x0000000089700000|  0%| F|  |TAMS 0x0000000089600000| PB 0x0000000089600000| Untracked 
|  93|0x0000000089700000, 0x0000000089700000, 0x0000000089800000|  0%| F|  |TAMS 0x0000000089700000| PB 0x0000000089700000| Untracked 
|  94|0x0000000089800000, 0x0000000089800000, 0x0000000089900000|  0%| F|  |TAMS 0x0000000089800000| PB 0x0000000089800000| Untracked 
|  95|0x0000000089900000, 0x0000000089900000, 0x0000000089a00000|  0%| F|  |TAMS 0x0000000089900000| PB 0x0000000089900000| Untracked 
|  96|0x0000000089a00000, 0x0000000089a00000, 0x0000000089b00000|  0%| F|  |TAMS 0x0000000089a00000| PB 0x0000000089a00000| Untracked 
|  97|0x0000000089b00000, 0x0000000089b00000, 0x0000000089c00000|  0%| F|  |TAMS 0x0000000089b00000| PB 0x0000000089b00000| Untracked 
|  98|0x0000000089c00000, 0x0000000089c00000, 0x0000000089d00000|  0%| F|  |TAMS 0x0000000089c00000| PB 0x0000000089c00000| Untracked 
|  99|0x0000000089d00000, 0x0000000089d00000, 0x0000000089e00000|  0%| F|  |TAMS 0x0000000089d00000| PB 0x0000000089d00000| Untracked 
| 100|0x0000000089e00000, 0x0000000089e00000, 0x0000000089f00000|  0%| F|  |TAMS 0x0000000089e00000| PB 0x0000000089e00000| Untracked 
| 101|0x0000000089f00000, 0x0000000089f00000, 0x000000008a000000|  0%| F|  |TAMS 0x0000000089f00000| PB 0x0000000089f00000| Untracked 
| 102|0x000000008a000000, 0x000000008a000000, 0x000000008a100000|  0%| F|  |TAMS 0x000000008a000000| PB 0x000000008a000000| Untracked 
| 103|0x000000008a100000, 0x000000008a100000, 0x000000008a200000|  0%| F|  |TAMS 0x000000008a100000| PB 0x000000008a100000| Untracked 
| 104|0x000000008a200000, 0x000000008a200000, 0x000000008a300000|  0%| F|  |TAMS 0x000000008a200000| PB 0x000000008a200000| Untracked 
| 105|0x000000008a300000, 0x000000008a300000, 0x000000008a400000|  0%| F|  |TAMS 0x000000008a300000| PB 0x000000008a300000| Untracked 
| 106|0x000000008a400000, 0x000000008a400000, 0x000000008a500000|  0%| F|  |TAMS 0x000000008a400000| PB 0x000000008a400000| Untracked 
| 107|0x000000008a500000, 0x000000008a500000, 0x000000008a600000|  0%| F|  |TAMS 0x000000008a500000| PB 0x000000008a500000| Untracked 
| 108|0x000000008a600000, 0x000000008a600000, 0x000000008a700000|  0%| F|  |TAMS 0x000000008a600000| PB 0x000000008a600000| Untracked 
| 109|0x000000008a700000, 0x000000008a700000, 0x000000008a800000|  0%| F|  |TAMS 0x000000008a700000| PB 0x000000008a700000| Untracked 
| 110|0x000000008a800000, 0x000000008a800000, 0x000000008a900000|  0%| F|  |TAMS 0x000000008a800000| PB 0x000000008a800000| Untracked 
| 111|0x000000008a900000, 0x000000008a900000, 0x000000008aa00000|  0%| F|  |TAMS 0x000000008a900000| PB 0x000000008a900000| Untracked 
| 112|0x000000008aa00000, 0x000000008aa379b8, 0x000000008ab00000| 21%| E|  |TAMS 0x000000008aa00000| PB 0x000000008aa00000| Complete 
| 113|0x000000008ab00000, 0x000000008ac00000, 0x000000008ac00000|100%| E|CS|TAMS 0x000000008ab00000| PB 0x000000008ab00000| Complete 
| 114|0x000000008ac00000, 0x000000008ad00000, 0x000000008ad00000|100%| E|CS|TAMS 0x000000008ac00000| PB 0x000000008ac00000| Complete 
| 115|0x000000008ad00000, 0x000000008ae00000, 0x000000008ae00000|100%| E|CS|TAMS 0x000000008ad00000| PB 0x000000008ad00000| Complete 
| 116|0x000000008ae00000, 0x000000008af00000, 0x000000008af00000|100%| E|CS|TAMS 0x000000008ae00000| PB 0x000000008ae00000| Complete 
| 117|0x000000008af00000, 0x000000008b000000, 0x000000008b000000|100%| E|CS|TAMS 0x000000008af00000| PB 0x000000008af00000| Complete 
| 118|0x000000008b000000, 0x000000008b100000, 0x000000008b100000|100%| E|CS|TAMS 0x000000008b000000| PB 0x000000008b000000| Complete 
| 119|0x000000008b100000, 0x000000008b200000, 0x000000008b200000|100%| E|CS|TAMS 0x000000008b100000| PB 0x000000008b100000| Complete 
| 120|0x000000008b200000, 0x000000008b300000, 0x000000008b300000|100%| E|CS|TAMS 0x000000008b200000| PB 0x000000008b200000| Complete 
| 121|0x000000008b300000, 0x000000008b400000, 0x000000008b400000|100%| E|CS|TAMS 0x000000008b300000| PB 0x000000008b300000| Complete 
| 122|0x000000008b400000, 0x000000008b500000, 0x000000008b500000|100%| E|CS|TAMS 0x000000008b400000| PB 0x000000008b400000| Complete 
| 123|0x000000008b500000, 0x000000008b600000, 0x000000008b600000|100%| E|CS|TAMS 0x000000008b500000| PB 0x000000008b500000| Complete 
| 124|0x000000008b600000, 0x000000008b700000, 0x000000008b700000|100%| E|CS|TAMS 0x000000008b600000| PB 0x000000008b600000| Complete 
| 125|0x000000008b700000, 0x000000008b800000, 0x000000008b800000|100%| E|CS|TAMS 0x000000008b700000| PB 0x000000008b700000| Complete 
| 126|0x000000008b800000, 0x000000008b900000, 0x000000008b900000|100%| E|CS|TAMS 0x000000008b800000| PB 0x000000008b800000| Complete 

Card table byte_map: [0x00000240f8860000,0x00000240f8c50000] _byte_map_base: 0x00000240f8443000

Marking Bits: (CMBitMap*) 0x00000240e5800e30
 Bits: [0x00000240f8c50000, 0x00000240fab68000)

Polling page: 0x00000240e37a0000

Metaspace:

Usage:
  Non-class:     76.98 MB used.
      Class:     11.60 MB used.
       Both:     88.58 MB used.

Virtual space:
  Non-class space:      128.00 MB reserved,      77.50 MB ( 61%) committed,  2 nodes.
      Class space:        1.00 GB reserved,      12.00 MB (  1%) committed,  1 nodes.
             Both:        1.12 GB reserved,      89.50 MB (  8%) committed. 

Chunk freelists:
   Non-Class:  2.11 MB
       Class:  3.88 MB
        Both:  5.99 MB

MaxMetaspaceSize: unlimited
CompressedClassSpaceSize: 1.00 GB
Initial GC threshold: 21.00 MB
Current GC threshold: 149.00 MB
CDS: on
 - commit_granule_bytes: 65536.
 - commit_granule_words: 8192.
 - virtual_space_node_default_size: 8388608.
 - enlarge_chunks_in_place: 1.
 - use_allocation_guard: 0.


Internal statistics:

num_allocs_failed_limit: 9.
num_arena_births: 1408.
num_arena_deaths: 10.
num_vsnodes_births: 3.
num_vsnodes_deaths: 0.
num_space_committed: 1432.
num_space_uncommitted: 0.
num_chunks_returned_to_freelist: 23.
num_chunks_taken_from_freelist: 4724.
num_chunk_merges: 9.
num_chunk_splits: 3309.
num_chunks_enlarged: 2502.
num_inconsistent_stats: 0.

CodeHeap 'non-profiled nmethods': size=120000Kb used=6510Kb max_used=6560Kb free=113489Kb
 bounds [0x00000240f0c10000, 0x00000240f12c0000, 0x00000240f8140000]
CodeHeap 'profiled nmethods': size=120000Kb used=16618Kb max_used=18923Kb free=103381Kb
 bounds [0x00000240e9140000, 0x00000240ea3e0000, 0x00000240f0670000]
CodeHeap 'non-nmethods': size=5760Kb used=2033Kb max_used=2089Kb free=3726Kb
 bounds [0x00000240f0670000, 0x00000240f08e0000, 0x00000240f0c10000]
 total_blobs=8751 nmethods=7950 adapters=703
 compilation: enabled
              stopped_count=0, restarted_count=0
 full_count=0

Compilation events (20 events):
Event: 780.943 Thread 0x00000240fd3cfc80 nmethod 11576 0x00000240f0f3d910 code [0x00000240f0f3dae0, 0x00000240f0f3de58]
Event: 780.950 Thread 0x00000240fd3d0800 11577       3       org.springframework.beans.factory.support.BeanDefinitionBuilder::addPropertyValue (15 bytes)
Event: 780.950 Thread 0x00000240fd3d0800 nmethod 11577 0x00000240e9150010 code [0x00000240e9150200, 0x00000240e91507c8]
Event: 780.951 Thread 0x00000240fd3cfc80 11578       4       java.lang.Integer::getChars (121 bytes)
Event: 780.957 Thread 0x00000240fd3cfc80 nmethod 11578 0x00000240f0e8a090 code [0x00000240f0e8a240, 0x00000240f0e8a5b8]
Event: 780.957 Thread 0x00000240fd3cfc80 11579       4       java.util.stream.Nodes$SpinedNodeBuilder::asArray (29 bytes)
Event: 780.960 Thread 0x00000240fd3d0800 11581   !   3       org.springframework.boot.autoconfigure.condition.OnBeanCondition$Spec::deducedBeanTypeForBeanMethod (37 bytes)
Event: 780.961 Thread 0x00000240fd3d0800 nmethod 11581 0x00000240e91e8010 code [0x00000240e91e8240, 0x00000240e91e89d0]
Event: 780.971 Thread 0x00000240fd3cfc80 nmethod 11579 0x00000240f0fe9a90 code [0x00000240f0fe9c80, 0x00000240f0fea4f8]
Event: 780.971 Thread 0x00000240fd3cfc80 11580       4       org.springframework.core.env.SystemEnvironmentPropertySource::checkPropertyName (129 bytes)
Event: 780.978 Thread 0x00000240fd3d0800 11583       3       org.springframework.util.ReflectionUtils::getUniqueDeclaredMethods (34 bytes)
Event: 780.979 Thread 0x00000240fd3d0800 nmethod 11583 0x00000240e940fb10 code [0x00000240e940fd40, 0x00000240e9410528]
Event: 780.985 Thread 0x00000240c636e940 nmethod 11575 0x00000240f0fb8690 code [0x00000240f0fb89e0, 0x00000240f0fba7b0]
Event: 780.986 Thread 0x00000240c636e940 11582       4       org.springframework.core.annotation.AnnotationAttributes::getRequiredAttribute (192 bytes)
Event: 780.988 Thread 0x00000240fd3d0800 11584       1       org.springframework.boot.context.properties.bind.DefaultBindConstructorProvider$Constructors::getBind (5 bytes)
Event: 780.988 Thread 0x00000240fd3d0800 nmethod 11584 0x00000240f0ca1c10 code [0x00000240f0ca1da0, 0x00000240f0ca1e68]
Event: 780.991 Thread 0x00000240fd3d0800 11585       1       org.springframework.boot.autoconfigure.condition.OnBeanCondition$MatchResult::getNamesOfAllMatches (5 bytes)
Event: 780.992 Thread 0x00000240fd3d0800 nmethod 11585 0x00000240f0cabc10 code [0x00000240f0cabda0, 0x00000240f0cabe68]
Event: 781.003 Thread 0x00000240c636e940 nmethod 11582 0x00000240f0d9c990 code [0x00000240f0d9cbc0, 0x00000240f0d9d3b0]
Event: 781.003 Thread 0x00000240c636e940 11586       4       java.util.stream.ReferencePipeline::collect (124 bytes)

GC Heap History (20 events):
Event: 13.281 GC heap before
{Heap before GC invocations=35 (full 0):
 garbage-first heap   total 149504K, used 122154K [0x0000000083a00000, 0x0000000100000000)
  region size 1024K, 67 young (68608K), 9 survivors (9216K)
 Metaspace       used 83452K, committed 84288K, reserved 1179648K
  class space    used 11151K, committed 11520K, reserved 1048576K
}
Event: 13.289 GC heap after
{Heap after GC invocations=36 (full 0):
 garbage-first heap   total 149504K, used 61824K [0x0000000083a00000, 0x0000000100000000)
  region size 1024K, 4 young (4096K), 4 survivors (4096K)
 Metaspace       used 83452K, committed 84288K, reserved 1179648K
  class space    used 11151K, committed 11520K, reserved 1048576K
}
Event: 719.325 GC heap before
{Heap before GC invocations=36 (full 0):
 garbage-first heap   total 149504K, used 122240K [0x0000000083a00000, 0x0000000100000000)
  region size 1024K, 64 young (65536K), 4 survivors (4096K)
 Metaspace       used 87729K, committed 88576K, reserved 1179648K
  class space    used 11694K, committed 12096K, reserved 1048576K
}
Event: 719.329 GC heap after
{Heap after GC invocations=37 (full 0):
 garbage-first heap   total 149504K, used 62004K [0x0000000083a00000, 0x0000000100000000)
  region size 1024K, 4 young (4096K), 4 survivors (4096K)
 Metaspace       used 87729K, committed 88576K, reserved 1179648K
  class space    used 11694K, committed 12096K, reserved 1048576K
}
Event: 719.372 GC heap before
{Heap before GC invocations=37 (full 0):
 garbage-first heap   total 149504K, used 62004K [0x0000000083a00000, 0x0000000100000000)
  region size 1024K, 5 young (5120K), 4 survivors (4096K)
 Metaspace       used 87799K, committed 88704K, reserved 1179648K
  class space    used 11707K, committed 12096K, reserved 1048576K
}
Event: 719.434 GC heap after
{Heap after GC invocations=38 (full 1):
 garbage-first heap   total 126976K, used 34620K [0x0000000083a00000, 0x0000000100000000)
  region size 1024K, 0 young (0K), 0 survivors (0K)
 Metaspace       used 87799K, committed 88704K, reserved 1179648K
  class space    used 11707K, committed 12096K, reserved 1048576K
}
Event: 721.221 GC heap before
{Heap before GC invocations=38 (full 1):
 garbage-first heap   total 126976K, used 98108K [0x0000000083a00000, 0x0000000100000000)
  region size 1024K, 63 young (64512K), 0 survivors (0K)
 Metaspace       used 88536K, committed 89536K, reserved 1179648K
  class space    used 11736K, committed 12160K, reserved 1048576K
}
Event: 721.226 GC heap after
{Heap after GC invocations=39 (full 1):
 garbage-first heap   total 126976K, used 39725K [0x0000000083a00000, 0x0000000100000000)
  region size 1024K, 5 young (5120K), 5 survivors (5120K)
 Metaspace       used 88536K, committed 89536K, reserved 1179648K
  class space    used 11736K, committed 12160K, reserved 1048576K
}
Event: 722.123 GC heap before
{Heap before GC invocations=39 (full 1):
 garbage-first heap   total 126976K, used 80685K [0x0000000083a00000, 0x0000000100000000)
  region size 1024K, 46 young (47104K), 5 survivors (5120K)
 Metaspace       used 89520K, committed 90432K, reserved 1179648K
  class space    used 11774K, committed 12224K, reserved 1048576K
}
Event: 722.129 GC heap after
{Heap after GC invocations=40 (full 1):
 garbage-first heap   total 126976K, used 42771K [0x0000000083a00000, 0x0000000100000000)
  region size 1024K, 4 young (4096K), 4 survivors (4096K)
 Metaspace       used 89520K, committed 90432K, reserved 1179648K
  class space    used 11774K, committed 12224K, reserved 1048576K
}
Event: 722.412 GC heap before
{Heap before GC invocations=41 (full 1):
 garbage-first heap   total 126976K, used 108307K [0x0000000083a00000, 0x0000000100000000)
  region size 1024K, 66 young (67584K), 4 survivors (4096K)
 Metaspace       used 89562K, committed 90560K, reserved 1179648K
  class space    used 11775K, committed 12224K, reserved 1048576K
}
Event: 722.418 GC heap after
{Heap after GC invocations=42 (full 1):
 garbage-first heap   total 126976K, used 47166K [0x0000000083a00000, 0x0000000100000000)
  region size 1024K, 8 young (8192K), 8 survivors (8192K)
 Metaspace       used 89562K, committed 90560K, reserved 1179648K
  class space    used 11775K, committed 12224K, reserved 1048576K
}
Event: 722.574 GC heap before
{Heap before GC invocations=42 (full 1):
 garbage-first heap   total 126976K, used 108606K [0x0000000083a00000, 0x0000000100000000)
  region size 1024K, 67 young (68608K), 8 survivors (8192K)
 Metaspace       used 89572K, committed 90560K, reserved 1179648K
  class space    used 11775K, committed 12224K, reserved 1048576K
}
Event: 722.582 GC heap after
{Heap after GC invocations=43 (full 1):
 garbage-first heap   total 126976K, used 51326K [0x0000000083a00000, 0x0000000100000000)
  region size 1024K, 9 young (9216K), 9 survivors (9216K)
 Metaspace       used 89572K, committed 90560K, reserved 1179648K
  class space    used 11775K, committed 12224K, reserved 1048576K
}
Event: 722.641 GC heap before
{Heap before GC invocations=43 (full 1):
 garbage-first heap   total 126976K, used 61566K [0x0000000083a00000, 0x0000000100000000)
  region size 1024K, 21 young (21504K), 9 survivors (9216K)
 Metaspace       used 89588K, committed 90560K, reserved 1179648K
  class space    used 11775K, committed 12224K, reserved 1048576K
}
Event: 722.647 GC heap after
{Heap after GC invocations=44 (full 1):
 garbage-first heap   total 296960K, used 44891K [0x0000000083a00000, 0x0000000100000000)
  region size 1024K, 2 young (2048K), 2 survivors (2048K)
 Metaspace       used 89588K, committed 90560K, reserved 1179648K
  class space    used 11775K, committed 12224K, reserved 1048576K
}
Event: 772.859 GC heap before
{Heap before GC invocations=44 (full 1):
 garbage-first heap   total 296960K, used 104283K [0x0000000083a00000, 0x0000000100000000)
  region size 1024K, 60 young (61440K), 2 survivors (2048K)
 Metaspace       used 89915K, committed 90816K, reserved 1179648K
  class space    used 11802K, committed 12224K, reserved 1048576K
}
Event: 772.958 GC heap after
{Heap after GC invocations=45 (full 2):
 garbage-first heap   total 130048K, used 34326K [0x0000000083a00000, 0x0000000100000000)
  region size 1024K, 0 young (0K), 0 survivors (0K)
 Metaspace       used 89905K, committed 90816K, reserved 1179648K
  class space    used 11801K, committed 12224K, reserved 1048576K
}
Event: 780.080 GC heap before
{Heap before GC invocations=45 (full 2):
 garbage-first heap   total 130048K, used 104982K [0x0000000083a00000, 0x0000000100000000)
  region size 1024K, 70 young (71680K), 0 survivors (0K)
 Metaspace       used 90556K, committed 91520K, reserved 1179648K
  class space    used 11866K, committed 12288K, reserved 1048576K
}
Event: 780.087 GC heap after
{Heap after GC invocations=46 (full 2):
 garbage-first heap   total 130048K, used 40564K [0x0000000083a00000, 0x0000000100000000)
  region size 1024K, 7 young (7168K), 7 survivors (7168K)
 Metaspace       used 90556K, committed 91520K, reserved 1179648K
  class space    used 11866K, committed 12288K, reserved 1048576K
}

Dll operation events (11 events):
Event: 0.006 Loaded shared library C:\Users\DELL\.p2\pool\plugins\org.eclipse.justj.openjdk.hotspot.jre.full.win32.x86_64_21.0.6.v20250130-0529\jre\bin\java.dll
Event: 0.040 Loaded shared library C:\Users\DELL\.p2\pool\plugins\org.eclipse.justj.openjdk.hotspot.jre.full.win32.x86_64_21.0.6.v20250130-0529\jre\bin\zip.dll
Event: 0.131 Loaded shared library C:\Users\DELL\.p2\pool\plugins\org.eclipse.justj.openjdk.hotspot.jre.full.win32.x86_64_21.0.6.v20250130-0529\jre\bin\net.dll
Event: 0.135 Loaded shared library C:\Users\DELL\.p2\pool\plugins\org.eclipse.justj.openjdk.hotspot.jre.full.win32.x86_64_21.0.6.v20250130-0529\jre\bin\nio.dll
Event: 0.140 Loaded shared library C:\Users\DELL\.p2\pool\plugins\org.eclipse.justj.openjdk.hotspot.jre.full.win32.x86_64_21.0.6.v20250130-0529\jre\bin\zip.dll
Event: 0.357 Loaded shared library C:\Users\DELL\.p2\pool\plugins\org.eclipse.justj.openjdk.hotspot.jre.full.win32.x86_64_21.0.6.v20250130-0529\jre\bin\jimage.dll
Event: 0.631 Loaded shared library C:\Users\DELL\.p2\pool\plugins\org.eclipse.justj.openjdk.hotspot.jre.full.win32.x86_64_21.0.6.v20250130-0529\jre\bin\management.dll
Event: 0.638 Loaded shared library C:\Users\DELL\.p2\pool\plugins\org.eclipse.justj.openjdk.hotspot.jre.full.win32.x86_64_21.0.6.v20250130-0529\jre\bin\management_ext.dll
Event: 1.964 Loaded shared library C:\Users\DELL\.p2\pool\plugins\org.eclipse.justj.openjdk.hotspot.jre.full.win32.x86_64_21.0.6.v20250130-0529\jre\bin\sunmscapi.dll
Event: 5.583 Loaded shared library C:\Users\DELL\.p2\pool\plugins\org.eclipse.justj.openjdk.hotspot.jre.full.win32.x86_64_21.0.6.v20250130-0529\jre\bin\verify.dll
Event: 6.083 Loaded shared library C:\Users\DELL\.p2\pool\plugins\org.eclipse.justj.openjdk.hotspot.jre.full.win32.x86_64_21.0.6.v20250130-0529\jre\bin\extnet.dll

Deoptimization events (20 events):
Event: 780.480 Thread 0x00000240c8e7aeb0 Uncommon trap: trap_request=0xffffffcc fr.pc=0x00000240f0c1fb40 relative=0x0000000000000440
Event: 780.480 Thread 0x00000240c8e7aeb0 Uncommon trap: reason=intrinsic_or_type_checked_inlining action=make_not_entrant pc=0x00000240f0c1fb40 method=java.util.stream.SpinedBuffer.copyInto([Ljava/lang/Object;I)V @ 51 c2
Event: 780.480 Thread 0x00000240c8e7aeb0 DEOPT PACKING pc=0x00000240f0c1fb40 sp=0x000000967a2fe460
Event: 780.480 Thread 0x00000240c8e7aeb0 DEOPT UNPACKING pc=0x00000240f06c7da2 sp=0x000000967a2fe310 mode 2
Event: 780.705 Thread 0x00000240c8e7aeb0 Uncommon trap: trap_request=0xffffffcc fr.pc=0x00000240f10dadd0 relative=0x00000000000003d0
Event: 780.705 Thread 0x00000240c8e7aeb0 Uncommon trap: reason=intrinsic_or_type_checked_inlining action=make_not_entrant pc=0x00000240f10dadd0 method=java.util.stream.SpinedBuffer.copyInto([Ljava/lang/Object;I)V @ 87 c2
Event: 780.800 Thread 0x00000240c8e7aeb0 DEOPT PACKING pc=0x00000240f10dadd0 sp=0x000000967a2fe400
Event: 780.800 Thread 0x00000240c8e7aeb0 DEOPT UNPACKING pc=0x00000240f06c7da2 sp=0x000000967a2fe248 mode 2
Event: 780.884 Thread 0x00000240c8e7aeb0 Uncommon trap: trap_request=0xffffffcc fr.pc=0x00000240f10e3a38 relative=0x00000000000003b8
Event: 780.884 Thread 0x00000240c8e7aeb0 Uncommon trap: reason=intrinsic_or_type_checked_inlining action=make_not_entrant pc=0x00000240f10e3a38 method=java.util.stream.SpinedBuffer.copyInto([Ljava/lang/Object;I)V @ 87 c2
Event: 780.884 Thread 0x00000240c8e7aeb0 DEOPT PACKING pc=0x00000240f10e3a38 sp=0x000000967a2fe1f0
Event: 780.884 Thread 0x00000240c8e7aeb0 DEOPT UNPACKING pc=0x00000240f06c7da2 sp=0x000000967a2fe0b0 mode 2
Event: 780.885 Thread 0x00000240c8e7aeb0 Uncommon trap: trap_request=0xffffffcc fr.pc=0x00000240f0f6f2e4 relative=0x0000000000000484
Event: 780.885 Thread 0x00000240c8e7aeb0 Uncommon trap: reason=intrinsic_or_type_checked_inlining action=make_not_entrant pc=0x00000240f0f6f2e4 method=java.util.stream.SpinedBuffer.copyInto([Ljava/lang/Object;I)V @ 125 c2
Event: 780.885 Thread 0x00000240c8e7aeb0 DEOPT PACKING pc=0x00000240f0f6f2e4 sp=0x000000967a2fe2f0
Event: 780.885 Thread 0x00000240c8e7aeb0 DEOPT UNPACKING pc=0x00000240f06c7da2 sp=0x000000967a2fe248 mode 2
Event: 780.889 Thread 0x00000240c8e7aeb0 Uncommon trap: trap_request=0xffffffcc fr.pc=0x00000240f10d1ee4 relative=0x0000000000000484
Event: 780.889 Thread 0x00000240c8e7aeb0 Uncommon trap: reason=intrinsic_or_type_checked_inlining action=make_not_entrant pc=0x00000240f10d1ee4 method=java.util.stream.SpinedBuffer.copyInto([Ljava/lang/Object;I)V @ 125 c2
Event: 780.889 Thread 0x00000240c8e7aeb0 DEOPT PACKING pc=0x00000240f10d1ee4 sp=0x000000967a2fdc40
Event: 780.889 Thread 0x00000240c8e7aeb0 DEOPT UNPACKING pc=0x00000240f06c7da2 sp=0x000000967a2fdc08 mode 2

Classes loaded (20 events):
Event: 131.090 Loading class java/util/stream/ReduceOps$6
Event: 131.090 Loading class java/util/stream/ReduceOps$6 done
Event: 131.090 Loading class java/util/stream/ReduceOps$5ReducingSink
Event: 131.090 Loading class java/util/stream/ReduceOps$5ReducingSink done
Event: 131.090 Loading class java/util/stream/ReferencePipeline$4$1
Event: 131.091 Loading class java/util/stream/ReferencePipeline$4$1 done
Event: 719.311 Loading class java/util/concurrent/locks/AbstractQueuedSynchronizer$SharedNode
Event: 719.311 Loading class java/util/concurrent/locks/AbstractQueuedSynchronizer$SharedNode done
Event: 719.348 Loading class sun/security/ssl/Alert
Event: 719.349 Loading class sun/security/ssl/Alert done
Event: 719.350 Loading class sun/security/ssl/Alert$AlertConsumer
Event: 719.350 Loading class sun/security/ssl/Alert$AlertConsumer done
Event: 719.350 Loading class sun/security/ssl/Alert$Level
Event: 719.351 Loading class sun/security/ssl/Alert$Level done
Event: 719.352 Loading class sun/net/ConnectionResetException
Event: 719.352 Loading class sun/net/ConnectionResetException done
Event: 719.435 Loading class java/lang/ref/Finalizer$2
Event: 719.435 Loading class java/lang/ref/Finalizer$2 done
Event: 719.435 Loading class java/lang/ref/Finalizer$1
Event: 719.435 Loading class java/lang/ref/Finalizer$1 done

Classes unloaded (5 events):
Event: 12.102 Thread 0x00000240fd3a2650 Unloading class 0x0000024081a02000 'jdk/internal/reflect/GeneratedSerializationConstructorAccessor2'
Event: 12.102 Thread 0x00000240fd3a2650 Unloading class 0x0000024081a00800 'jdk/internal/reflect/GeneratedSerializationConstructorAccessor1'
Event: 772.884 Thread 0x00000240fd3a2650 Unloading class 0x0000024081bf9c00 'jdk/internal/reflect/GeneratedSerializationConstructorAccessor4'
Event: 772.884 Thread 0x00000240fd3a2650 Unloading class 0x0000024081bf8800 'jdk/internal/reflect/GeneratedSerializationConstructorAccessor3'
Event: 772.884 Thread 0x00000240fd3a2650 Unloading class 0x0000024081be8800 'org/apache/catalina/loader/JdbcLeakPrevention'

Classes redefined (0 events):
No events

Internal exceptions (20 events):
Event: 779.317 Thread 0x00000240c8e7aeb0 Exception <a 'java/io/IOException'{0x00000000882027f8}> (0x00000000882027f8) 
thrown [s\src\hotspot\share\prims\jni.cpp, line 520]
Event: 779.317 Thread 0x00000240c8e7aeb0 Exception <a 'java/io/IOException'{0x0000000088202b10}> (0x0000000088202b10) 
thrown [s\src\hotspot\share\prims\jni.cpp, line 520]
Event: 779.317 Thread 0x00000240c8e7aeb0 Exception <a 'java/io/IOException'{0x0000000088203108}> (0x0000000088203108) 
thrown [s\src\hotspot\share\prims\jni.cpp, line 520]
Event: 779.317 Thread 0x00000240c8e7aeb0 Exception <a 'java/io/IOException'{0x0000000088203420}> (0x0000000088203420) 
thrown [s\src\hotspot\share\prims\jni.cpp, line 520]
Event: 779.317 Thread 0x00000240c8e7aeb0 Exception <a 'java/io/IOException'{0x0000000088203770}> (0x0000000088203770) 
thrown [s\src\hotspot\share\prims\jni.cpp, line 520]
Event: 779.317 Thread 0x00000240c8e7aeb0 Exception <a 'java/io/IOException'{0x0000000088203a88}> (0x0000000088203a88) 
thrown [s\src\hotspot\share\prims\jni.cpp, line 520]
Event: 779.322 Thread 0x00000240c8e7aeb0 Exception <a 'java/io/IOException'{0x0000000088215110}> (0x0000000088215110) 
thrown [s\src\hotspot\share\prims\jni.cpp, line 520]
Event: 779.322 Thread 0x00000240c8e7aeb0 Exception <a 'java/io/IOException'{0x0000000088215428}> (0x0000000088215428) 
thrown [s\src\hotspot\share\prims\jni.cpp, line 520]
Event: 779.325 Thread 0x00000240c8e7aeb0 Exception <a 'java/io/IOException'{0x0000000088216bf0}> (0x0000000088216bf0) 
thrown [s\src\hotspot\share\prims\jni.cpp, line 520]
Event: 779.325 Thread 0x00000240c8e7aeb0 Exception <a 'java/io/IOException'{0x0000000088216f08}> (0x0000000088216f08) 
thrown [s\src\hotspot\share\prims\jni.cpp, line 520]
Event: 779.325 Thread 0x00000240c8e7aeb0 Exception <a 'java/io/IOException'{0x00000000882185a0}> (0x00000000882185a0) 
thrown [s\src\hotspot\share\prims\jni.cpp, line 520]
Event: 779.325 Thread 0x00000240c8e7aeb0 Exception <a 'java/io/IOException'{0x00000000882188b8}> (0x00000000882188b8) 
thrown [s\src\hotspot\share\prims\jni.cpp, line 520]
Event: 779.331 Thread 0x00000240c8e7aeb0 Exception <a 'java/io/IOException'{0x0000000088231380}> (0x0000000088231380) 
thrown [s\src\hotspot\share\prims\jni.cpp, line 520]
Event: 779.331 Thread 0x00000240c8e7aeb0 Exception <a 'java/io/IOException'{0x0000000088231948}> (0x0000000088231948) 
thrown [s\src\hotspot\share\prims\jni.cpp, line 520]
Event: 780.896 Thread 0x00000240c8e7aeb0 Exception <a 'java/io/IOException'{0x000000008b230210}> (0x000000008b230210) 
thrown [s\src\hotspot\share\prims\jni.cpp, line 520]
Event: 780.896 Thread 0x00000240c8e7aeb0 Exception <a 'java/io/IOException'{0x000000008b2307d8}> (0x000000008b2307d8) 
thrown [s\src\hotspot\share\prims\jni.cpp, line 520]
Event: 780.900 Thread 0x00000240c8e7aeb0 Exception <a 'java/io/IOException'{0x000000008b263520}> (0x000000008b263520) 
thrown [s\src\hotspot\share\prims\jni.cpp, line 520]
Event: 780.900 Thread 0x00000240c8e7aeb0 Exception <a 'java/io/IOException'{0x000000008b263ae8}> (0x000000008b263ae8) 
thrown [s\src\hotspot\share\prims\jni.cpp, line 520]
Event: 780.954 Thread 0x00000240c8e7aeb0 Exception <a 'java/io/IOException'{0x000000008b1e5900}> (0x000000008b1e5900) 
thrown [s\src\hotspot\share\prims\jni.cpp, line 520]
Event: 780.954 Thread 0x00000240c8e7aeb0 Exception <a 'java/io/IOException'{0x000000008b1e5ec8}> (0x000000008b1e5ec8) 
thrown [s\src\hotspot\share\prims\jni.cpp, line 520]

ZGC Phase Switch (0 events):
No events

VM Operations (20 events):
Event: 724.656 Executing VM operation: Cleanup
Event: 724.656 Executing VM operation: Cleanup done
Event: 772.859 Executing VM operation: G1CollectFull (System.gc())
Event: 772.958 Executing VM operation: G1CollectFull (System.gc()) done
Event: 773.960 Executing VM operation: Cleanup
Event: 773.976 Executing VM operation: Cleanup done
Event: 774.978 Executing VM operation: Cleanup
Event: 774.978 Executing VM operation: Cleanup done
Event: 776.983 Executing VM operation: Cleanup
Event: 777.405 Executing VM operation: Cleanup done
Event: 778.415 Executing VM operation: Cleanup
Event: 778.415 Executing VM operation: Cleanup done
Event: 779.421 Executing VM operation: Cleanup
Event: 779.421 Executing VM operation: Cleanup done
Event: 780.079 Executing VM operation: G1CollectForAllocation (G1 Evacuation Pause)
Event: 780.087 Executing VM operation: G1CollectForAllocation (G1 Evacuation Pause) done
Event: 780.171 Executing VM operation: G1PauseRemark
Event: 780.187 Executing VM operation: G1PauseRemark done
Event: 780.210 Executing VM operation: G1PauseCleanup
Event: 780.210 Executing VM operation: G1PauseCleanup done

Memory protections (0 events):
No events

Nmethod flushes (20 events):
Event: 780.185 Thread 0x00000240fd3a2650 flushing  nmethod 0x00000240e9d31c90
Event: 780.185 Thread 0x00000240fd3a2650 flushing  nmethod 0x00000240e9d37e90
Event: 780.185 Thread 0x00000240fd3a2650 flushing  nmethod 0x00000240e9d39010
Event: 780.186 Thread 0x00000240fd3a2650 flushing  nmethod 0x00000240e9d3a010
Event: 780.186 Thread 0x00000240fd3a2650 flushing  nmethod 0x00000240e9d3d890
Event: 780.186 Thread 0x00000240fd3a2650 flushing  nmethod 0x00000240e9d3f590
Event: 780.186 Thread 0x00000240fd3a2650 flushing  nmethod 0x00000240e9d79010
Event: 780.186 Thread 0x00000240fd3a2650 flushing  nmethod 0x00000240e9d7ad10
Event: 780.186 Thread 0x00000240fd3a2650 flushing  nmethod 0x00000240e9f38d90
Event: 780.186 Thread 0x00000240fd3a2650 flushing  nmethod 0x00000240e9f3c290
Event: 780.186 Thread 0x00000240fd3a2650 flushing  nmethod 0x00000240e9f40b90
Event: 780.186 Thread 0x00000240fd3a2650 flushing  nmethod 0x00000240e9f41190
Event: 780.186 Thread 0x00000240fd3a2650 flushing  nmethod 0x00000240e9f4b490
Event: 780.186 Thread 0x00000240fd3a2650 flushing  nmethod 0x00000240e9f4db10
Event: 780.186 Thread 0x00000240fd3a2650 flushing  nmethod 0x00000240e9f4eb90
Event: 780.186 Thread 0x00000240fd3a2650 flushing  nmethod 0x00000240e9f55190
Event: 780.186 Thread 0x00000240fd3a2650 flushing  nmethod 0x00000240e9f55f90
Event: 780.186 Thread 0x00000240fd3a2650 flushing  nmethod 0x00000240e9f5a490
Event: 780.186 Thread 0x00000240fd3a2650 flushing  nmethod 0x00000240e9f6f810
Event: 780.186 Thread 0x00000240fd3a2650 flushing  nmethod 0x00000240e9f7ab90

Events (20 events):
Event: 774.092 Thread 0x00000240c8e7c260 Thread exited: 0x00000240c8e7c260
Event: 774.396 Thread 0x00000240c636e940 Thread exited: 0x00000240c636e940
Event: 774.633 Thread 0x00000240fd3d0800 Thread added: 0x00000240c636ce00
Event: 775.754 Thread 0x00000240c636ce00 Thread added: 0x00000240c636e940
Event: 776.530 Thread 0x00000240c636e940 Thread exited: 0x00000240c636e940
Event: 776.561 Thread 0x00000240fd3d0800 Thread added: 0x00000240c636e940
Event: 776.790 Thread 0x00000240c8e80400 Thread added: 0x00000240c8e817b0
Event: 776.790 Thread 0x00000240c8e80400 Thread added: 0x00000240c8e7aeb0
Event: 776.790 Thread 0x00000240c8e80400 Thread added: 0x00000240c8e7f6e0
Event: 776.979 Thread 0x00000240c8e7f6e0 Thread exited: 0x00000240c8e7f6e0
Event: 777.413 Thread 0x00000240c8e817b0 Thread exited: 0x00000240c8e817b0
Event: 777.424 Thread 0x00000240c8e7aeb0 Thread exited: 0x00000240c8e7aeb0
Event: 777.555 Thread 0x00000240c8e80400 Thread exited: 0x00000240c8e80400
Event: 777.556 Thread 0x00000240c8e7f050 Thread added: 0x00000240c8e7bbd0
Event: 779.206 Thread 0x00000240c8e7f050 Thread added: 0x00000240c8e7aeb0
Event: 779.224 Thread 0x00000240c636e940 Thread exited: 0x00000240c636e940
Event: 779.224 Thread 0x00000240c636ce00 Thread exited: 0x00000240c636ce00
Event: 779.251 Thread 0x00000240fd3cfc80 Thread added: 0x00000240c636e940
Event: 779.500 Thread 0x00000240c8e7aeb0 Thread added: 0x00000240c8e817b0
Event: 779.526 Thread 0x00000240c8e817b0 Thread exited: 0x00000240c8e817b0


Dynamic libraries:
0x00007ff620c40000 - 0x00007ff620c4e000 	C:\Users\DELL\.p2\pool\plugins\org.eclipse.justj.openjdk.hotspot.jre.full.win32.x86_64_21.0.6.v20250130-0529\jre\bin\javaw.exe
0x00007ffd7d7d0000 - 0x00007ffd7d9c8000 	C:\Windows\SYSTEM32\ntdll.dll
0x00007ffd7c9e0000 - 0x00007ffd7caa2000 	C:\Windows\System32\KERNEL32.DLL
0x00007ffd7b1e0000 - 0x00007ffd7b4d6000 	C:\Windows\System32\KERNELBASE.dll
0x00007ffd7ae70000 - 0x00007ffd7af70000 	C:\Windows\System32\ucrtbase.dll
0x00007ffd746f0000 - 0x00007ffd74708000 	C:\Users\DELL\.p2\pool\plugins\org.eclipse.justj.openjdk.hotspot.jre.full.win32.x86_64_21.0.6.v20250130-0529\jre\bin\jli.dll
0x00007ffd7cb50000 - 0x00007ffd7cced000 	C:\Windows\System32\USER32.dll
0x00007ffd7b7d0000 - 0x00007ffd7b7f2000 	C:\Windows\System32\win32u.dll
0x00007ffd7ccf0000 - 0x00007ffd7cd1b000 	C:\Windows\System32\GDI32.dll
0x00007ffd7b4e0000 - 0x00007ffd7b5fa000 	C:\Windows\System32\gdi32full.dll
0x00007ffd7b600000 - 0x00007ffd7b69d000 	C:\Windows\System32\msvcp_win.dll
0x00007ffd73c80000 - 0x00007ffd73c9e000 	C:\Users\DELL\.p2\pool\plugins\org.eclipse.justj.openjdk.hotspot.jre.full.win32.x86_64_21.0.6.v20250130-0529\jre\bin\VCRUNTIME140.dll
0x00007ffd67710000 - 0x00007ffd679aa000 	C:\Windows\WinSxS\amd64_microsoft.windows.common-controls_6595b64144ccf1df_6.0.19041.5794_none_60bcd33171f2783c\COMCTL32.dll
0x00007ffd7c460000 - 0x00007ffd7c4fe000 	C:\Windows\System32\msvcrt.dll
0x00007ffd7c070000 - 0x00007ffd7c09f000 	C:\Windows\System32\IMM32.DLL
0x00007ffd78100000 - 0x00007ffd7810c000 	C:\Users\DELL\.p2\pool\plugins\org.eclipse.justj.openjdk.hotspot.jre.full.win32.x86_64_21.0.6.v20250130-0529\jre\bin\vcruntime140_1.dll
0x00007ffd66050000 - 0x00007ffd660dd000 	C:\Users\DELL\.p2\pool\plugins\org.eclipse.justj.openjdk.hotspot.jre.full.win32.x86_64_21.0.6.v20250130-0529\jre\bin\msvcp140.dll
0x00007ffd1e4b0000 - 0x00007ffd1f240000 	C:\Users\DELL\.p2\pool\plugins\org.eclipse.justj.openjdk.hotspot.jre.full.win32.x86_64_21.0.6.v20250130-0529\jre\bin\server\jvm.dll
0x00007ffd7cd90000 - 0x00007ffd7ce3f000 	C:\Windows\System32\ADVAPI32.dll
0x00007ffd7cab0000 - 0x00007ffd7cb4f000 	C:\Windows\System32\sechost.dll
0x00007ffd7b860000 - 0x00007ffd7b983000 	C:\Windows\System32\RPCRT4.dll
0x00007ffd7b1b0000 - 0x00007ffd7b1d7000 	C:\Windows\System32\bcrypt.dll
0x00007ffd7c970000 - 0x00007ffd7c9db000 	C:\Windows\System32\WS2_32.dll
0x00007ffd7a3b0000 - 0x00007ffd7a3fb000 	C:\Windows\SYSTEM32\POWRPROF.dll
0x00007ffd67530000 - 0x00007ffd67557000 	C:\Windows\SYSTEM32\WINMM.dll
0x00007ffd721c0000 - 0x00007ffd721ca000 	C:\Windows\SYSTEM32\VERSION.dll
0x00007ffd7a270000 - 0x00007ffd7a282000 	C:\Windows\SYSTEM32\UMPDC.dll
0x00007ffd79690000 - 0x00007ffd796a2000 	C:\Windows\SYSTEM32\kernel.appcore.dll
0x00007ffd763f0000 - 0x00007ffd763fa000 	C:\Users\DELL\.p2\pool\plugins\org.eclipse.justj.openjdk.hotspot.jre.full.win32.x86_64_21.0.6.v20250130-0529\jre\bin\jimage.dll
0x00007ffd78bb0000 - 0x00007ffd78db1000 	C:\Windows\SYSTEM32\DBGHELP.DLL
0x00007ffd65dc0000 - 0x00007ffd65df4000 	C:\Windows\SYSTEM32\dbgcore.DLL
0x00007ffd7b120000 - 0x00007ffd7b1a2000 	C:\Windows\System32\bcryptPrimitives.dll
0x00007ffd763d0000 - 0x00007ffd763ef000 	C:\Users\DELL\.p2\pool\plugins\org.eclipse.justj.openjdk.hotspot.jre.full.win32.x86_64_21.0.6.v20250130-0529\jre\bin\java.dll
0x00007ffd7cef0000 - 0x00007ffd7d65e000 	C:\Windows\System32\SHELL32.dll
0x00007ffd78ed0000 - 0x00007ffd79673000 	C:\Windows\SYSTEM32\windows.storage.dll
0x00007ffd7c100000 - 0x00007ffd7c453000 	C:\Windows\System32\combase.dll
0x00007ffd7a8a0000 - 0x00007ffd7a8cb000 	C:\Windows\SYSTEM32\Wldp.dll
0x00007ffd7bd60000 - 0x00007ffd7be2d000 	C:\Windows\System32\OLEAUT32.dll
0x00007ffd7bb00000 - 0x00007ffd7bbad000 	C:\Windows\System32\SHCORE.dll
0x00007ffd7b800000 - 0x00007ffd7b855000 	C:\Windows\System32\shlwapi.dll
0x00007ffd7ada0000 - 0x00007ffd7adc5000 	C:\Windows\SYSTEM32\profapi.dll
0x00007ffd71650000 - 0x00007ffd71668000 	C:\Users\DELL\.p2\pool\plugins\org.eclipse.justj.openjdk.hotspot.jre.full.win32.x86_64_21.0.6.v20250130-0529\jre\bin\zip.dll
0x00007ffd6e2d0000 - 0x00007ffd6e2e0000 	C:\Users\DELL\.p2\pool\plugins\org.eclipse.justj.openjdk.hotspot.jre.full.win32.x86_64_21.0.6.v20250130-0529\jre\bin\net.dll
0x00007ffd72760000 - 0x00007ffd7286a000 	C:\Windows\SYSTEM32\WINHTTP.dll
0x00007ffd7a600000 - 0x00007ffd7a66c000 	C:\Windows\system32\mswsock.dll
0x00007ffd68ba0000 - 0x00007ffd68bb6000 	C:\Users\DELL\.p2\pool\plugins\org.eclipse.justj.openjdk.hotspot.jre.full.win32.x86_64_21.0.6.v20250130-0529\jre\bin\nio.dll
0x00007ffd770d0000 - 0x00007ffd770da000 	C:\Users\DELL\.p2\pool\plugins\org.eclipse.justj.openjdk.hotspot.jre.full.win32.x86_64_21.0.6.v20250130-0529\jre\bin\management.dll
0x00007ffd770b0000 - 0x00007ffd770bb000 	C:\Users\DELL\.p2\pool\plugins\org.eclipse.justj.openjdk.hotspot.jre.full.win32.x86_64_21.0.6.v20250130-0529\jre\bin\management_ext.dll
0x00007ffd7d660000 - 0x00007ffd7d668000 	C:\Windows\System32\PSAPI.DLL
0x00007ffd78120000 - 0x00007ffd7812e000 	C:\Users\DELL\.p2\pool\plugins\org.eclipse.justj.openjdk.hotspot.jre.full.win32.x86_64_21.0.6.v20250130-0529\jre\bin\sunmscapi.dll
0x00007ffd7afc0000 - 0x00007ffd7b11d000 	C:\Windows\System32\CRYPT32.dll
0x00007ffd7a910000 - 0x00007ffd7a937000 	C:\Windows\SYSTEM32\ncrypt.dll
0x00007ffd7a8d0000 - 0x00007ffd7a90b000 	C:\Windows\SYSTEM32\NTASN1.dll
0x00007ffd7a800000 - 0x00007ffd7a818000 	C:\Windows\SYSTEM32\CRYPTSP.dll
0x00007ffd79eb0000 - 0x00007ffd79ee8000 	C:\Windows\system32\rsaenh.dll
0x00007ffd7ad60000 - 0x00007ffd7ad8e000 	C:\Windows\SYSTEM32\USERENV.dll
0x00007ffd7a7f0000 - 0x00007ffd7a7fc000 	C:\Windows\SYSTEM32\CRYPTBASE.dll
0x00007ffd7a290000 - 0x00007ffd7a2cb000 	C:\Windows\SYSTEM32\IPHLPAPI.DLL
0x00007ffd7bfe0000 - 0x00007ffd7bfe8000 	C:\Windows\System32\NSI.dll
0x00007ffd76b70000 - 0x00007ffd76b80000 	C:\Users\DELL\.p2\pool\plugins\org.eclipse.justj.openjdk.hotspot.jre.full.win32.x86_64_21.0.6.v20250130-0529\jre\bin\verify.dll
0x00007ffd7a2d0000 - 0x00007ffd7a39a000 	C:\Windows\SYSTEM32\DNSAPI.dll
0x00007ffd73670000 - 0x00007ffd7367a000 	C:\Windows\System32\rasadhlp.dll
0x00007ffd635f0000 - 0x00007ffd63670000 	C:\Windows\System32\fwpuclnt.dll
0x00007ffd71e30000 - 0x00007ffd71e39000 	C:\Users\DELL\.p2\pool\plugins\org.eclipse.justj.openjdk.hotspot.jre.full.win32.x86_64_21.0.6.v20250130-0529\jre\bin\extnet.dll
0x00007ffd75c30000 - 0x00007ffd75c37000 	C:\Windows\system32\wshunix.dll

dbghelp: loaded successfully - version: 4.0.5 - missing functions: none
symbol engine: initialized successfully - sym options: 0x614 - pdb path: .;C:\Users\DELL\.p2\pool\plugins\org.eclipse.justj.openjdk.hotspot.jre.full.win32.x86_64_21.0.6.v20250130-0529\jre\bin;C:\Windows\SYSTEM32;C:\Windows\WinSxS\amd64_microsoft.windows.common-controls_6595b64144ccf1df_6.0.19041.5794_none_60bcd33171f2783c;C:\Users\DELL\.p2\pool\plugins\org.eclipse.justj.openjdk.hotspot.jre.full.win32.x86_64_21.0.6.v20250130-0529\jre\bin\server

VM Arguments:
jvm_args: -Dfile.encoding=UTF-8 -Dstdout.encoding=UTF-8 -Dstderr.encoding=UTF-8 -XX:+ShowCodeDetailsInExceptionMessages 
java_command: com.tcs.training.InventorySystemApplication
java_class_path (initial): C:\Users\DELL\Downloads\hello_main-master\hello_main-master\target\classes;C:\Users\DELL\.m2\repository\org\springframework\boot\spring-boot-starter-data-jpa\3.4.5\spring-boot-starter-data-jpa-3.4.5.jar;C:\Users\DELL\.m2\repository\org\springframework\boot\spring-boot-starter\3.4.5\spring-boot-starter-3.4.5.jar;C:\Users\DELL\.m2\repository\org\springframework\boot\spring-boot-starter-logging\3.4.5\spring-boot-starter-logging-3.4.5.jar;C:\Users\DELL\.m2\repository\ch\qos\logback\logback-classic\1.5.18\logback-classic-1.5.18.jar;C:\Users\DELL\.m2\repository\ch\qos\logback\logback-core\1.5.18\logback-core-1.5.18.jar;C:\Users\DELL\.m2\repository\org\apache\logging\log4j\log4j-to-slf4j\2.24.3\log4j-to-slf4j-2.24.3.jar;C:\Users\DELL\.m2\repository\org\apache\logging\log4j\log4j-api\2.24.3\log4j-api-2.24.3.jar;C:\Users\DELL\.m2\repository\org\slf4j\jul-to-slf4j\2.0.17\jul-to-slf4j-2.0.17.jar;C:\Users\DELL\.m2\repository\jakarta\annotation\jakarta.annotation-api\2.1.1\jakarta.annotation-api-2.1.1.jar;C:\Users\DELL\.m2\repository\org\yaml\snakeyaml\2.3\snakeyaml-2.3.jar;C:\Users\DELL\.m2\repository\org\springframework\boot\spring-boot-starter-jdbc\3.4.5\spring-boot-starter-jdbc-3.4.5.jar;C:\Users\DELL\.m2\repository\com\zaxxer\HikariCP\5.1.0\HikariCP-5.1.0.jar;C:\Users\DELL\.m2\repository\org\springframework\spring-jdbc\6.2.6\spring-jdbc-6.2.6.jar;C:\Users\DELL\.m2\repository\org\hibernate\orm\hibernate-core\6.6.13.Final\hibernate-core-6.6.13.Final.jar;C:\Users\DELL\.m2\repository\jakarta\persistence\jakarta.persistence-api\3.1.0\jakarta.persistence-api-3.1.0.jar;C:\Users\DELL\.m2\repository\jakarta\transaction\jakarta.transaction-api\2.0.1\jakarta.transaction-api-2.0.1.jar;C:\Users\DELL\.m2\repository\org\hibernate\common\hibernate-commons-annotations\7.0.3.Final\hibernate-commons-annotations-7.0.3.Final.jar;C:\Users\DELL\.m2\repository\io\smallrye\jandex\3.2.0\jandex-3.2.0.jar;C:\Users\DELL\.m2\repository\net\bytebuddy\byte-buddy\1.15.11\byte-buddy-1.15.11.jar;C:\Users\DELL\.m2\repository\org\glassfish\jaxb\jaxb-runtime\4.0.5\jaxb-runtime-4.0.5.jar;C:\Users\DELL\.m2\repository\org\glassfish\jaxb\jaxb-core\4.0.5\jaxb-core-4.0.5.jar;C:\Users\DELL\.m2\repository\org\eclipse\angus\angus-activation\2.0.2\angus-activation-2.0.2.jar;C:\Users\DELL\.m2\repository\org\glassfish\jaxb\txw2\4.0.5\txw2-4.0.5.jar;C:\Users\DELL\.m2\repository\com\sun\istack\istack-commons-runtime\4.1.2\istack-commons-runtime-4.1.2.jar;C:\Users\DELL\.m2\repository\jakarta\inject\jakarta.inject-api\2.0.1\jakarta.inject-api-2.0.1.jar;C:\Users\DELL\.m2\repository\org\antlr\antlr4-runtime\4.13.0\antlr4-runtime-4.13.0.jar;C:\Users\DELL\.m2\repository\org\springframework\data\spring-data-jpa\3.4.5\spring-data-jpa-3.4.5.jar;C:\Users\DELL\.m2\repository\org\springframework\data\spring-data-commons\3.4.5\spring-data-commons-3.4.5.jar;C:\Users\DELL\.m2\repository\org\springframework\spring-orm\6.2.6\spring-orm-6.2.6.jar;C:\Users\DELL\.m2\repository\org\springframework\spring-context\6.2.6\spring-context-6.2.6.jar;C:\Users\DELL\.m2\repository\org\springframework\spring-aop\6.2.6\spring-aop-6.2.6.jar;C:\Users\DELL\.m2\repository\org\springframework\spring-tx\6.2.6\spring-tx-6.2.6.jar;C:\Users\DELL\.m2\repository\org\springframework\spring-beans\6.2.6\spring-beans-6.2.6.jar;C:\Users\DELL\.m2\repository\org\slf4j\slf4j-api\2.0.17\slf4j-api-2.0.17.jar;C:\Users\DELL\.m2\repository\org\springframework\spring-aspects\6.2.6\spring-aspects-6.2.6.jar;C:\Users\DELL\.m2\repository\org\aspectj\aspectjweaver\1.9.24\aspectjweaver-1.9.24.jar;C:\Users\DELL\.m2\repository\org\springframework\boot\spring-boot-starter-thymeleaf\3.4.5\spring-boot-starter-thymeleaf-3.4.5.jar;C:\Users\DELL\.m2\repository\org\thymeleaf\thymeleaf-spring6\3.1.3.RELEASE\thymeleaf-spring6-3.1.3.RELEASE.jar;C:\Users\DELL\.m2\repository\org\thymeleaf\thymeleaf\3.1.3.RELEASE\thymeleaf-3.1.3.RELEASE.jar;C:\Users\DELL\.m2\repository\org\attoparser\attoparser\2.0.7.RELEASE\attoparser-2.0.7.RELEASE.jar;C:\Users\DELL\.m2\repository\org\unbescape\unbescape\1.1.6.RELEASE\unbescape-1.1.6.RELEASE.jar;C:\Users\DELL\.m2\repository\org\springframework\boot\spring-boot-starter-web\3.4.5\spring-boot-starter-web-3.4.5.jar;C:\Users\DELL\.m2\repository\org\springframework\boot\spring-boot-starter-json\3.4.5\spring-boot-starter-json-3.4.5.jar;C:\Users\DELL\.m2\repository\com\fasterxml\jackson\core\jackson-databind\2.18.3\jackson-databind-2.18.3.jar;C:\Users\DELL\.m2\repository\com\fasterxml\jackson\core\jackson-annotations\2.18.3\jackson-annotations-2.18.3.jar;C:\Users\DELL\.m2\repository\com\fasterxml\jackson\core\jackson-core\2.18.3\jackson-core-2.18.3.jar;C:\Users\DELL\.m2\repository\com\fasterxml\jackson\datatype\jackson-datatype-jdk8\2.18.3\jackson-datatype-jdk8-2.18.3.jar;C:\Users\DELL\.m2\repository\com\fasterxml\jackson\datatype\jackson-datatype-jsr310\2.18.3\jackson-datatype-jsr310-2.18.3.jar;C:\Users\DELL\.m2\repository\com\fasterxml\jackson\module\jackson-module-parameter-names\2.18.3\jackson-module-parameter-names-2.18.3.jar;C:\Users\DELL\.m2\repository\org\springframework\boot\spring-boot-starter-tomcat\3.4.5\spring-boot-starter-tomcat-3.4.5.jar;C:\Users\DELL\.m2\repository\org\apache\tomcat\embed\tomcat-embed-websocket\10.1.40\tomcat-embed-websocket-10.1.40.jar;C:\Users\DELL\.m2\repository\org\springframework\spring-web\6.2.6\spring-web-6.2.6.jar;C:\Users\DELL\.m2\repository\io\micrometer\micrometer-observation\1.14.6\micrometer-observation-1.14.6.jar;C:\Users\DELL\.m2\repository\io\micrometer\micrometer-commons\1.14.6\micrometer-commons-1.14.6.jar;C:\Users\DELL\.m2\repository\org\springframework\spring-webmvc\6.2.6\spring-webmvc-6.2.6.jar;C:\Users\DELL\.m2\repository\org\springframework\spring-expression\6.2.6\spring-expression-6.2.6.jar;C:\Users\DELL\.m2\repository\org\springframework\boot\spring-boot-devtools\3.4.5\spring-boot-devtools-3.4.5.jar;C:\Users\DELL\.m2\repository\org\springframework\boot\spring-boot\3.4.5\spring-boot-3.4.5.jar;C:\Users\DELL\.m2\repository\org\springframework\boot\spring-boot-autoconfigure\3.4.5\spring-boot-autoconfigure-3.4.5.jar;C:\Users\DELL\.m2\repository\org\hibernate\hibernate-validator\5.2.4.Final\hibernate-validator-5.2.4.Final.jar;C:\Users\DELL\.m2\repository\javax\validation\validation-api\1.1.0.Final\validation-api-1.1.0.Final.jar;C:\Users\DELL\.m2\repository\org\jboss\logging\jboss-logging\3.6.1.Final\jboss-logging-3.6.1.Final.jar;C:\Users\DELL\.m2\repository\com\fasterxml\classmate\1.7.0\classmate-1.7.0.jar;C:\Users\DELL\.m2\repository\org\springdoc\springdoc-openapi-starter-webmvc-ui\2.0.2\springdoc-openapi-starter-webmvc-ui-2.0.2.jar;C:\Users\DELL\.m2\repository\org\springdoc\springdoc-openapi-starter-webmvc-api\2.0.2\springdoc-openapi-starter-webmvc-api-2.0.2.jar;C:\Users\DELL\.m2\repository\org\springdoc\springdoc-openapi-starter-common\2.0.2\springdoc-openapi-starter-common-2.0.2.jar;C:\Users\DELL\.m2\repository\io\swagger\core\v3\swagger-core-jakarta\2.2.7\swagger-core-jakarta-2.2.7.jar;C:\Users\DELL\.m2\repository\org\apache\commons\commons-lang3\3.17.0\commons-lang3-3.17.0.jar;C:\Users\DELL\.m2\repository\io\swagger\core\v3\swagger-annotations-jakarta\2.2.7\swagger-annotations-jakarta-2.2.7.jar;C:\Users\DELL\.m2\repository\io\swagger\core\v3\swagger-models-jakarta\2.2.7\swagger-models-jakarta-2.2.7.jar;C:\Users\DELL\.m2\repository\jakarta\validation\jakarta.validation-api\3.0.2\jakarta.validation-api-3.0.2.jar;C:\Users\DELL\.m2\repository\com\fasterxml\jackson\dataformat\jackson-dataformat-yaml\2.18.3\jackson-dataformat-yaml-2.18.3.jar;C:\Users\DELL\.m2\repository\org\webjars\swagger-ui\4.15.5\swagger-ui-4.15.5.jar;C:\Users\DELL\.m2\repository\org\webjars\webjars-locator-core\0.59\webjars-locator-core-0.59.jar;C:\Users\DELL\.m2\repository\io\github\classgraph\classgraph\4.8.149\classgraph-4.8.149.jar;C:\Users\DELL\.m2\repository\com\mysql\mysql-connector-j\9.1.0\mysql-connector-j-9.1.0.jar;C:\Users\DELL\.m2\repository\org\apache\tomcat\embed\tomcat-embed-jasper\10.1.40\tomcat-embed-jasper-10.1.40.jar;C:\Users\DELL\.m2\repository\org\apache\tomcat\embed\tomcat-embed-core\10.1.40\tomcat-embed-core-10.1.40.jar;C:\Users\DELL\.m2\repository\org\apache\tomcat\tomcat-annotations-api\10.1.40\tomcat-annotations-api-10.1.40.jar;C:\Users\DELL\.m2\repository\org\apache\tomcat\embed\tomcat-embed-el\10.1.40\tomcat-embed-el-10.1.40.jar;C:\Users\DELL\.m2\repository\org\eclipse\jdt\ecj\3.33.0\ecj-3.33.0.jar;C:\Users\DELL\.m2\repository\jakarta\xml\bind\jakarta.xml.bind-api\4.0.2\jakarta.xml.bind-api-4.0.2.jar;C:\Users\DELL\.m2\repository\jakarta\activation\jakarta.activation-api\2.1.3\jakarta.activation-api-2.1.3.jar;C:\Users\DELL\.m2\repository\org\springframework\spring-core\6.2.6\spring-core-6.2.6.jar;C:\Users\DELL\.m2\repository\org\springframework\spring-jcl\6.2.6\spring-jcl-6.2.6.jar
Launcher Type: SUN_STANDARD

[Global flags]
     intx CICompilerCount                          = 4                                         {product} {ergonomic}
     uint ConcGCThreads                            = 2                                         {product} {ergonomic}
     uint G1ConcRefinementThreads                  = 8                                         {product} {ergonomic}
   size_t G1HeapRegionSize                         = 1048576                                   {product} {ergonomic}
    uintx GCDrainStackTargetSize                   = 64                                        {product} {ergonomic}
   size_t InitialHeapSize                          = 132120576                                 {product} {ergonomic}
   size_t MarkStackSize                            = 4194304                                   {product} {ergonomic}
   size_t MaxHeapSize                              = 2086666240                                {product} {ergonomic}
   size_t MaxNewSize                               = 1251999744                                {product} {ergonomic}
   size_t MinHeapDeltaBytes                        = 1048576                                   {product} {ergonomic}
   size_t MinHeapSize                              = 8388608                                   {product} {ergonomic}
    uintx NonNMethodCodeHeapSize                   = 5839372                                {pd product} {ergonomic}
    uintx NonProfiledCodeHeapSize                  = 122909434                              {pd product} {ergonomic}
    uintx ProfiledCodeHeapSize                     = 122909434                              {pd product} {ergonomic}
    uintx ReservedCodeCacheSize                    = 251658240                              {pd product} {ergonomic}
     bool SegmentedCodeCache                       = true                                      {product} {ergonomic}
     bool ShowCodeDetailsInExceptionMessages       = true                                   {manageable} {command line}
   size_t SoftMaxHeapSize                          = 2086666240                             {manageable} {ergonomic}
     bool UseCompressedOops                        = true                           {product lp64_product} {ergonomic}
     bool UseG1GC                                  = true                                      {product} {ergonomic}
     bool UseLargePagesIndividualAllocation        = false                                  {pd product} {ergonomic}

Logging:
Log output configuration:
 #0: stdout all=warning uptime,level,tags foldmultilines=false
 #1: stderr all=off uptime,level,tags foldmultilines=false

Environment Variables:
PATH=C:/Users/DELL/.p2/pool/plugins/org.eclipse.justj.openjdk.hotspot.jre.full.win32.x86_64_21.0.6.v20250130-0529/jre/bin/server;C:/Users/DELL/.p2/pool/plugins/org.eclipse.justj.openjdk.hotspot.jre.full.win32.x86_64_21.0.6.v20250130-0529/jre/bin;C:\Program Files\Common Files\Oracle\Java\javapath;C:\Windows\system32;C:\Windows;C:\Windows\System32\Wbem;C:\Windows\System32\WindowsPowerShell\v1.0\;C:\Windows\System32\OpenSSH\;C:\Program Files (x86)\NVIDIA Corporation\PhysX\Common;C:\Program Files\Git\cmd;C:\Program Files\php;C:\ProgramData\ComposerSetup\bin;C:\Program Files\dotnet\;C:\Program Files\nodejs\;C:\Program Files\Common Files\Oracle\Java\javapath;C:\Windows\system32;C:\Windows;C:\Windows\System32\Wbem;C:\Windows\System32\WindowsPowerShell\v1.0\;C:\Windows\System32\OpenSSH\;C:\Program Files (x86)\NVIDIA Corporation\PhysX\Common;C:\Program Files\Git\cmd;C:\Program Files\php;C:\ProgramData\ComposerSetup\bin;C:\Program Files\dotnet\;C:\Program Files\nodejs\;C:\path\to\php;C:\Users\DELL\AppData\Local\Programs\Microsoft VS Code\bin;C:\Users\DELL\AppData\Roaming\Composer\vendor\bin;C:\Program Files\JetBrains\IntelliJ IDEA Community Edition 2024.1.2\bin;;C:\Users\DELL\AppData\Roaming\npm;C:\Users\DELL\Desktop;
USERNAME=DELL
OS=Windows_NT
PROCESSOR_IDENTIFIER=Intel64 Family 6 Model 126 Stepping 5, GenuineIntel
TMP=C:\Users\DELL\AppData\Local\Temp
TEMP=C:\Users\DELL\AppData\Local\Temp




Periodic native trim disabled

---------------  S Y S T E M  ---------------

OS:
 Windows 10 , 64 bit Build 19041 (10.0.19041.5794)
OS uptime: 3 days 18:15 hours

CPU: total 8 (initial active 8) (4 cores per cpu, 2 threads per core) family 6 model 126 stepping 5 microcode 0xc2, cx8, cmov, fxsr, ht, mmx, 3dnowpref, sse, sse2, sse3, ssse3, sse4.1, sse4.2, popcnt, lzcnt, tsc, tscinvbit, avx, avx2, aes, erms, clmul, bmi1, bmi2, adx, avx512f, avx512dq, avx512cd, avx512bw, avx512vl, sha, fma, vzeroupper, avx512_vpopcntdq, avx512_vpclmulqdq, avx512_vaes, avx512_vnni, clflush, clflushopt, avx512_vbmi2, avx512_vbmi, rdtscp, rdpid, fsrm, gfni, avx512_bitalg, f16c, pku, avx512_ifma
Processor Information for the first 8 processors :
  Max Mhz: 1498, Current Mhz: 1298, Mhz Limit: 1288

Memory: 4k page, system-wide physical 7959M (951M free)
TotalPageFile size 10007M (AvailPageFile size 2M)
current process WorkingSet (physical memory assigned to process): 373M, peak: 438M
current process commit charge ("private bytes"): 403M, peak: 595M

vm_info: OpenJDK 64-Bit Server VM (21.0.6+7-LTS) for windows-amd64 JRE (21.0.6+7-LTS), built on 2025-01-21T00:00:00Z by "admin" with MS VC++ 17.7 (VS2022)

END.
